[2.106s] DEBUG:colcon:Command line arguments: ['/usr/bin/colcon', 'build']
[2.106s] DEBUG:colcon:Parsed command line arguments: Namespace(log_base=None, log_level=None, verb_name='build', build_base='build', install_base='install', merge_install=False, symlink_install=False, test_result_base=None, continue_on_error=False, executor='parallel', parallel_workers=4, event_handlers=None, ignore_user_meta=False, metas=['./colcon.meta'], base_paths=['.'], packages_ignore=None, packages_ignore_regex=None, paths=None, packages_up_to=None, packages_up_to_regex=None, packages_above=None, packages_above_and_dependencies=None, packages_above_depth=None, packages_select_by_dep=None, packages_skip_by_dep=None, packages_skip_up_to=None, packages_select_build_failed=False, packages_skip_build_finished=False, packages_select_test_failures=False, packages_skip_test_passed=False, packages_select=None, packages_skip=None, packages_select_regex=None, packages_skip_regex=None, packages_start=None, packages_end=None, allow_overriding=[], cmake_args=None, cmake_target=None, cmake_target_skip_unavailable=False, cmake_clean_cache=False, cmake_clean_first=False, cmake_force_configure=False, ament_cmake_args=None, catkin_cmake_args=None, catkin_skip_building_tests=False, verb_parser=<colcon_defaults.argument_parser.defaults.DefaultArgumentsDecorator object at 0xffff9270bd60>, verb_extension=<colcon_core.verb.build.BuildVerb object at 0xffff92fe1000>, main=<bound method BuildVerb.main of <colcon_core.verb.build.BuildVerb object at 0xffff92fe1000>>)
[2.353s] Level 1:colcon.colcon_core.package_discovery:discover_packages(colcon_meta) check parameters
[2.354s] Level 1:colcon.colcon_core.package_discovery:discover_packages(recursive) check parameters
[2.354s] Level 1:colcon.colcon_core.package_discovery:discover_packages(ignore) check parameters
[2.354s] Level 1:colcon.colcon_core.package_discovery:discover_packages(path) check parameters
[2.354s] Level 1:colcon.colcon_core.package_discovery:discover_packages(colcon_meta) discover
[2.354s] Level 1:colcon.colcon_core.package_discovery:discover_packages(recursive) discover
[2.355s] INFO:colcon.colcon_core.package_discovery:Crawling recursively for packages in '/home/robotica/Proyecto_Final'
[2.355s] Level 1:colcon.colcon_core.package_identification:_identify(.) by extensions ['ignore', 'ignore_ament_install']
[2.355s] Level 1:colcon.colcon_core.package_identification:_identify(.) by extension 'ignore'
[2.356s] Level 1:colcon.colcon_core.package_identification:_identify(.) by extension 'ignore_ament_install'
[2.356s] Level 1:colcon.colcon_core.package_identification:_identify(.) by extensions ['colcon_pkg']
[2.356s] Level 1:colcon.colcon_core.package_identification:_identify(.) by extension 'colcon_pkg'
[2.357s] Level 1:colcon.colcon_core.package_identification:_identify(.) by extensions ['colcon_meta']
[2.357s] Level 1:colcon.colcon_core.package_identification:_identify(.) by extension 'colcon_meta'
[2.357s] Level 1:colcon.colcon_core.package_identification:_identify(.) by extensions ['ros']
[2.357s] Level 1:colcon.colcon_core.package_identification:_identify(.) by extension 'ros'
[2.411s] Level 1:colcon.colcon_core.package_identification:_identify(.) by extensions ['cmake', 'python']
[2.412s] Level 1:colcon.colcon_core.package_identification:_identify(.) by extension 'cmake'
[2.412s] Level 1:colcon.colcon_core.package_identification:_identify(.) by extension 'python'
[2.412s] Level 1:colcon.colcon_core.package_identification:_identify(.) by extensions ['python_setup_py']
[2.413s] Level 1:colcon.colcon_core.package_identification:_identify(.) by extension 'python_setup_py'
[2.413s] Level 1:colcon.colcon_core.package_identification:_identify(build) by extensions ['ignore', 'ignore_ament_install']
[2.414s] Level 1:colcon.colcon_core.package_identification:_identify(build) by extension 'ignore'
[2.414s] Level 1:colcon.colcon_core.package_identification:_identify(build) ignored
[2.414s] Level 1:colcon.colcon_core.package_identification:_identify(install) by extensions ['ignore', 'ignore_ament_install']
[2.415s] Level 1:colcon.colcon_core.package_identification:_identify(install) by extension 'ignore'
[2.415s] Level 1:colcon.colcon_core.package_identification:_identify(install) ignored
[2.416s] Level 1:colcon.colcon_core.package_identification:_identify(log) by extensions ['ignore', 'ignore_ament_install']
[2.416s] Level 1:colcon.colcon_core.package_identification:_identify(log) by extension 'ignore'
[2.416s] Level 1:colcon.colcon_core.package_identification:_identify(log) ignored
[2.417s] Level 1:colcon.colcon_core.package_identification:_identify(src) by extensions ['ignore', 'ignore_ament_install']
[2.417s] Level 1:colcon.colcon_core.package_identification:_identify(src) by extension 'ignore'
[2.417s] Level 1:colcon.colcon_core.package_identification:_identify(src) by extension 'ignore_ament_install'
[2.418s] Level 1:colcon.colcon_core.package_identification:_identify(src) by extensions ['colcon_pkg']
[2.418s] Level 1:colcon.colcon_core.package_identification:_identify(src) by extension 'colcon_pkg'
[2.418s] Level 1:colcon.colcon_core.package_identification:_identify(src) by extensions ['colcon_meta']
[2.418s] Level 1:colcon.colcon_core.package_identification:_identify(src) by extension 'colcon_meta'
[2.418s] Level 1:colcon.colcon_core.package_identification:_identify(src) by extensions ['ros']
[2.419s] Level 1:colcon.colcon_core.package_identification:_identify(src) by extension 'ros'
[2.419s] Level 1:colcon.colcon_core.package_identification:_identify(src) by extensions ['cmake', 'python']
[2.419s] Level 1:colcon.colcon_core.package_identification:_identify(src) by extension 'cmake'
[2.419s] Level 1:colcon.colcon_core.package_identification:_identify(src) by extension 'python'
[2.420s] Level 1:colcon.colcon_core.package_identification:_identify(src) by extensions ['python_setup_py']
[2.420s] Level 1:colcon.colcon_core.package_identification:_identify(src) by extension 'python_setup_py'
[2.420s] Level 1:colcon.colcon_core.package_identification:_identify(src/manipulador) by extensions ['ignore', 'ignore_ament_install']
[2.421s] Level 1:colcon.colcon_core.package_identification:_identify(src/manipulador) by extension 'ignore'
[2.421s] Level 1:colcon.colcon_core.package_identification:_identify(src/manipulador) by extension 'ignore_ament_install'
[2.421s] Level 1:colcon.colcon_core.package_identification:_identify(src/manipulador) by extensions ['colcon_pkg']
[2.421s] Level 1:colcon.colcon_core.package_identification:_identify(src/manipulador) by extension 'colcon_pkg'
[2.422s] Level 1:colcon.colcon_core.package_identification:_identify(src/manipulador) by extensions ['colcon_meta']
[2.422s] Level 1:colcon.colcon_core.package_identification:_identify(src/manipulador) by extension 'colcon_meta'
[2.422s] Level 1:colcon.colcon_core.package_identification:_identify(src/manipulador) by extensions ['ros']
[2.422s] Level 1:colcon.colcon_core.package_identification:_identify(src/manipulador) by extension 'ros'
[2.438s] DEBUG:colcon.colcon_core.package_identification:Package 'src/manipulador' with type 'ros.ament_python' and name 'manipulador'
[2.439s] Level 1:colcon.colcon_core.package_identification:_identify(src/navegacion) by extensions ['ignore', 'ignore_ament_install']
[2.439s] Level 1:colcon.colcon_core.package_identification:_identify(src/navegacion) by extension 'ignore'
[2.439s] Level 1:colcon.colcon_core.package_identification:_identify(src/navegacion) by extension 'ignore_ament_install'
[2.440s] Level 1:colcon.colcon_core.package_identification:_identify(src/navegacion) by extensions ['colcon_pkg']
[2.440s] Level 1:colcon.colcon_core.package_identification:_identify(src/navegacion) by extension 'colcon_pkg'
[2.440s] Level 1:colcon.colcon_core.package_identification:_identify(src/navegacion) by extensions ['colcon_meta']
[2.440s] Level 1:colcon.colcon_core.package_identification:_identify(src/navegacion) by extension 'colcon_meta'
[2.441s] Level 1:colcon.colcon_core.package_identification:_identify(src/navegacion) by extensions ['ros']
[2.441s] Level 1:colcon.colcon_core.package_identification:_identify(src/navegacion) by extension 'ros'
[2.444s] DEBUG:colcon.colcon_core.package_identification:Package 'src/navegacion' with type 'ros.ament_python' and name 'navegacion'
[2.445s] Level 1:colcon.colcon_core.package_identification:_identify(src/percepcion) by extensions ['ignore', 'ignore_ament_install']
[2.445s] Level 1:colcon.colcon_core.package_identification:_identify(src/percepcion) by extension 'ignore'
[2.445s] Level 1:colcon.colcon_core.package_identification:_identify(src/percepcion) by extension 'ignore_ament_install'
[2.446s] Level 1:colcon.colcon_core.package_identification:_identify(src/percepcion) by extensions ['colcon_pkg']
[2.446s] Level 1:colcon.colcon_core.package_identification:_identify(src/percepcion) by extension 'colcon_pkg'
[2.446s] Level 1:colcon.colcon_core.package_identification:_identify(src/percepcion) by extensions ['colcon_meta']
[2.446s] Level 1:colcon.colcon_core.package_identification:_identify(src/percepcion) by extension 'colcon_meta'
[2.447s] Level 1:colcon.colcon_core.package_identification:_identify(src/percepcion) by extensions ['ros']
[2.447s] Level 1:colcon.colcon_core.package_identification:_identify(src/percepcion) by extension 'ros'
[2.450s] DEBUG:colcon.colcon_core.package_identification:Package 'src/percepcion' with type 'ros.ament_python' and name 'percepcion'
[2.451s] Level 1:colcon.colcon_core.package_identification:_identify(src/proyecto_interfaces) by extensions ['ignore', 'ignore_ament_install']
[2.451s] Level 1:colcon.colcon_core.package_identification:_identify(src/proyecto_interfaces) by extension 'ignore'
[2.452s] Level 1:colcon.colcon_core.package_identification:_identify(src/proyecto_interfaces) by extension 'ignore_ament_install'
[2.452s] Level 1:colcon.colcon_core.package_identification:_identify(src/proyecto_interfaces) by extensions ['colcon_pkg']
[2.452s] Level 1:colcon.colcon_core.package_identification:_identify(src/proyecto_interfaces) by extension 'colcon_pkg'
[2.453s] Level 1:colcon.colcon_core.package_identification:_identify(src/proyecto_interfaces) by extensions ['colcon_meta']
[2.453s] Level 1:colcon.colcon_core.package_identification:_identify(src/proyecto_interfaces) by extension 'colcon_meta'
[2.453s] Level 1:colcon.colcon_core.package_identification:_identify(src/proyecto_interfaces) by extensions ['ros']
[2.453s] Level 1:colcon.colcon_core.package_identification:_identify(src/proyecto_interfaces) by extension 'ros'
[2.456s] DEBUG:colcon.colcon_core.package_identification:Package 'src/proyecto_interfaces' with type 'ros.ament_cmake' and name 'proyecto_interfaces'
[2.456s] Level 1:colcon.colcon_core.package_discovery:discover_packages(recursive) using defaults
[2.457s] Level 1:colcon.colcon_core.package_discovery:discover_packages(ignore) discover
[2.457s] Level 1:colcon.colcon_core.package_discovery:discover_packages(ignore) using defaults
[2.457s] Level 1:colcon.colcon_core.package_discovery:discover_packages(path) discover
[2.457s] Level 1:colcon.colcon_core.package_discovery:discover_packages(path) using defaults
[2.610s] Level 1:colcon.colcon_core.package_discovery:discover_packages(prefix_path) check parameters
[2.611s] Level 1:colcon.colcon_core.package_discovery:discover_packages(prefix_path) discover
[2.634s] DEBUG:colcon.colcon_installed_package_information.package_discovery:Found 1 installed packages in /home/robotica/Taller_3/ros2_taller3/install
[2.648s] DEBUG:colcon.colcon_installed_package_information.package_discovery:Found 270 installed packages in /opt/ros/humble
[2.656s] Level 1:colcon.colcon_core.package_discovery:discover_packages(prefix_path) using defaults
[3.169s] Level 5:colcon.colcon_core.verb:set package 'manipulador' build argument 'cmake_args' from command line to 'None'
[3.169s] Level 5:colcon.colcon_core.verb:set package 'manipulador' build argument 'cmake_target' from command line to 'None'
[3.169s] Level 5:colcon.colcon_core.verb:set package 'manipulador' build argument 'cmake_target_skip_unavailable' from command line to 'False'
[3.170s] Level 5:colcon.colcon_core.verb:set package 'manipulador' build argument 'cmake_clean_cache' from command line to 'False'
[3.170s] Level 5:colcon.colcon_core.verb:set package 'manipulador' build argument 'cmake_clean_first' from command line to 'False'
[3.170s] Level 5:colcon.colcon_core.verb:set package 'manipulador' build argument 'cmake_force_configure' from command line to 'False'
[3.170s] Level 5:colcon.colcon_core.verb:set package 'manipulador' build argument 'ament_cmake_args' from command line to 'None'
[3.170s] Level 5:colcon.colcon_core.verb:set package 'manipulador' build argument 'catkin_cmake_args' from command line to 'None'
[3.170s] Level 5:colcon.colcon_core.verb:set package 'manipulador' build argument 'catkin_skip_building_tests' from command line to 'False'
[3.170s] DEBUG:colcon.colcon_core.verb:Building package 'manipulador' with the following arguments: {'ament_cmake_args': None, 'build_base': '/home/robotica/Proyecto_Final/build/manipulador', 'catkin_cmake_args': None, 'catkin_skip_building_tests': False, 'cmake_args': None, 'cmake_clean_cache': False, 'cmake_clean_first': False, 'cmake_force_configure': False, 'cmake_target': None, 'cmake_target_skip_unavailable': False, 'install_base': '/home/robotica/Proyecto_Final/install/manipulador', 'merge_install': False, 'path': '/home/robotica/Proyecto_Final/src/manipulador', 'symlink_install': False, 'test_result_base': None}
[3.175s] Level 5:colcon.colcon_core.verb:set package 'navegacion' build argument 'cmake_args' from command line to 'None'
[3.175s] Level 5:colcon.colcon_core.verb:set package 'navegacion' build argument 'cmake_target' from command line to 'None'
[3.176s] Level 5:colcon.colcon_core.verb:set package 'navegacion' build argument 'cmake_target_skip_unavailable' from command line to 'False'
[3.176s] Level 5:colcon.colcon_core.verb:set package 'navegacion' build argument 'cmake_clean_cache' from command line to 'False'
[3.176s] Level 5:colcon.colcon_core.verb:set package 'navegacion' build argument 'cmake_clean_first' from command line to 'False'
[3.176s] Level 5:colcon.colcon_core.verb:set package 'navegacion' build argument 'cmake_force_configure' from command line to 'False'
[3.176s] Level 5:colcon.colcon_core.verb:set package 'navegacion' build argument 'ament_cmake_args' from command line to 'None'
[3.176s] Level 5:colcon.colcon_core.verb:set package 'navegacion' build argument 'catkin_cmake_args' from command line to 'None'
[3.176s] Level 5:colcon.colcon_core.verb:set package 'navegacion' build argument 'catkin_skip_building_tests' from command line to 'False'
[3.176s] DEBUG:colcon.colcon_core.verb:Building package 'navegacion' with the following arguments: {'ament_cmake_args': None, 'build_base': '/home/robotica/Proyecto_Final/build/navegacion', 'catkin_cmake_args': None, 'catkin_skip_building_tests': False, 'cmake_args': None, 'cmake_clean_cache': False, 'cmake_clean_first': False, 'cmake_force_configure': False, 'cmake_target': None, 'cmake_target_skip_unavailable': False, 'install_base': '/home/robotica/Proyecto_Final/install/navegacion', 'merge_install': False, 'path': '/home/robotica/Proyecto_Final/src/navegacion', 'symlink_install': False, 'test_result_base': None}
[3.181s] Level 5:colcon.colcon_core.verb:set package 'percepcion' build argument 'cmake_args' from command line to 'None'
[3.181s] Level 5:colcon.colcon_core.verb:set package 'percepcion' build argument 'cmake_target' from command line to 'None'
[3.182s] Level 5:colcon.colcon_core.verb:set package 'percepcion' build argument 'cmake_target_skip_unavailable' from command line to 'False'
[3.182s] Level 5:colcon.colcon_core.verb:set package 'percepcion' build argument 'cmake_clean_cache' from command line to 'False'
[3.182s] Level 5:colcon.colcon_core.verb:set package 'percepcion' build argument 'cmake_clean_first' from command line to 'False'
[3.182s] Level 5:colcon.colcon_core.verb:set package 'percepcion' build argument 'cmake_force_configure' from command line to 'False'
[3.182s] Level 5:colcon.colcon_core.verb:set package 'percepcion' build argument 'ament_cmake_args' from command line to 'None'
[3.182s] Level 5:colcon.colcon_core.verb:set package 'percepcion' build argument 'catkin_cmake_args' from command line to 'None'
[3.182s] Level 5:colcon.colcon_core.verb:set package 'percepcion' build argument 'catkin_skip_building_tests' from command line to 'False'
[3.182s] DEBUG:colcon.colcon_core.verb:Building package 'percepcion' with the following arguments: {'ament_cmake_args': None, 'build_base': '/home/robotica/Proyecto_Final/build/percepcion', 'catkin_cmake_args': None, 'catkin_skip_building_tests': False, 'cmake_args': None, 'cmake_clean_cache': False, 'cmake_clean_first': False, 'cmake_force_configure': False, 'cmake_target': None, 'cmake_target_skip_unavailable': False, 'install_base': '/home/robotica/Proyecto_Final/install/percepcion', 'merge_install': False, 'path': '/home/robotica/Proyecto_Final/src/percepcion', 'symlink_install': False, 'test_result_base': None}
[3.187s] Level 5:colcon.colcon_core.verb:set package 'proyecto_interfaces' build argument 'cmake_args' from command line to 'None'
[3.187s] Level 5:colcon.colcon_core.verb:set package 'proyecto_interfaces' build argument 'cmake_target' from command line to 'None'
[3.187s] Level 5:colcon.colcon_core.verb:set package 'proyecto_interfaces' build argument 'cmake_target_skip_unavailable' from command line to 'False'
[3.188s] Level 5:colcon.colcon_core.verb:set package 'proyecto_interfaces' build argument 'cmake_clean_cache' from command line to 'False'
[3.188s] Level 5:colcon.colcon_core.verb:set package 'proyecto_interfaces' build argument 'cmake_clean_first' from command line to 'False'
[3.188s] Level 5:colcon.colcon_core.verb:set package 'proyecto_interfaces' build argument 'cmake_force_configure' from command line to 'False'
[3.188s] Level 5:colcon.colcon_core.verb:set package 'proyecto_interfaces' build argument 'ament_cmake_args' from command line to 'None'
[3.188s] Level 5:colcon.colcon_core.verb:set package 'proyecto_interfaces' build argument 'catkin_cmake_args' from command line to 'None'
[3.188s] Level 5:colcon.colcon_core.verb:set package 'proyecto_interfaces' build argument 'catkin_skip_building_tests' from command line to 'False'
[3.188s] DEBUG:colcon.colcon_core.verb:Building package 'proyecto_interfaces' with the following arguments: {'ament_cmake_args': None, 'build_base': '/home/robotica/Proyecto_Final/build/proyecto_interfaces', 'catkin_cmake_args': None, 'catkin_skip_building_tests': False, 'cmake_args': None, 'cmake_clean_cache': False, 'cmake_clean_first': False, 'cmake_force_configure': False, 'cmake_target': None, 'cmake_target_skip_unavailable': False, 'install_base': '/home/robotica/Proyecto_Final/install/proyecto_interfaces', 'merge_install': False, 'path': '/home/robotica/Proyecto_Final/src/proyecto_interfaces', 'symlink_install': False, 'test_result_base': None}
[3.191s] INFO:colcon.colcon_core.executor:Executing jobs using 'parallel' executor
[3.205s] DEBUG:colcon.colcon_parallel_executor.executor.parallel:run_until_complete
[3.207s] INFO:colcon.colcon_ros.task.ament_python.build:Building ROS package in '/home/robotica/Proyecto_Final/src/manipulador' with build type 'ament_python'
[3.207s] Level 1:colcon.colcon_core.shell:create_environment_hook('manipulador', 'ament_prefix_path')
[3.247s] INFO:colcon.colcon_core.plugin_system:Skipping extension 'colcon_core.shell.bat': Not used on non-Windows systems
[3.248s] INFO:colcon.colcon_core.shell:Creating environment hook '/home/robotica/Proyecto_Final/install/manipulador/share/manipulador/hook/ament_prefix_path.ps1'
[3.252s] INFO:colcon.colcon_core.shell:Creating environment descriptor '/home/robotica/Proyecto_Final/install/manipulador/share/manipulador/hook/ament_prefix_path.dsv'
[3.255s] INFO:colcon.colcon_core.shell:Creating environment hook '/home/robotica/Proyecto_Final/install/manipulador/share/manipulador/hook/ament_prefix_path.sh'
[3.264s] INFO:colcon.colcon_core.shell:Skip shell extension 'powershell' for command environment: Not usable outside of PowerShell
[3.265s] DEBUG:colcon.colcon_core.shell:Skip shell extension 'dsv' for command environment
[3.292s] INFO:colcon.colcon_ros.task.ament_python.build:Building ROS package in '/home/robotica/Proyecto_Final/src/navegacion' with build type 'ament_python'
[3.293s] Level 1:colcon.colcon_core.shell:create_environment_hook('navegacion', 'ament_prefix_path')
[3.301s] INFO:colcon.colcon_core.shell:Creating environment hook '/home/robotica/Proyecto_Final/install/navegacion/share/navegacion/hook/ament_prefix_path.ps1'
[3.304s] INFO:colcon.colcon_core.shell:Creating environment descriptor '/home/robotica/Proyecto_Final/install/navegacion/share/navegacion/hook/ament_prefix_path.dsv'
[3.307s] INFO:colcon.colcon_core.shell:Creating environment hook '/home/robotica/Proyecto_Final/install/navegacion/share/navegacion/hook/ament_prefix_path.sh'
[3.315s] INFO:colcon.colcon_core.shell:Skip shell extension 'powershell' for command environment: Not usable outside of PowerShell
[3.316s] DEBUG:colcon.colcon_core.shell:Skip shell extension 'dsv' for command environment
[3.340s] INFO:colcon.colcon_ros.task.ament_python.build:Building ROS package in '/home/robotica/Proyecto_Final/src/percepcion' with build type 'ament_python'
[3.341s] Level 1:colcon.colcon_core.shell:create_environment_hook('percepcion', 'ament_prefix_path')
[3.349s] INFO:colcon.colcon_core.shell:Creating environment hook '/home/robotica/Proyecto_Final/install/percepcion/share/percepcion/hook/ament_prefix_path.ps1'
[3.352s] INFO:colcon.colcon_core.shell:Creating environment descriptor '/home/robotica/Proyecto_Final/install/percepcion/share/percepcion/hook/ament_prefix_path.dsv'
[3.354s] INFO:colcon.colcon_core.shell:Creating environment hook '/home/robotica/Proyecto_Final/install/percepcion/share/percepcion/hook/ament_prefix_path.sh'
[3.363s] INFO:colcon.colcon_core.shell:Skip shell extension 'powershell' for command environment: Not usable outside of PowerShell
[3.364s] DEBUG:colcon.colcon_core.shell:Skip shell extension 'dsv' for command environment
[3.391s] INFO:colcon.colcon_ros.task.ament_cmake.build:Building ROS package in '/home/robotica/Proyecto_Final/src/proyecto_interfaces' with build type 'ament_cmake'
[3.392s] INFO:colcon.colcon_cmake.task.cmake.build:Building CMake package in '/home/robotica/Proyecto_Final/src/proyecto_interfaces'
[3.399s] INFO:colcon.colcon_core.shell:Skip shell extension 'powershell' for command environment: Not usable outside of PowerShell
[3.399s] DEBUG:colcon.colcon_core.shell:Skip shell extension 'dsv' for command environment
[4.864s] INFO:colcon.colcon_core.task.python.build:Building Python package in '/home/robotica/Proyecto_Final/src/manipulador'
[4.871s] INFO:colcon.colcon_core.shell:Skip shell extension 'powershell' for command environment: Not usable outside of PowerShell
[4.872s] DEBUG:colcon.colcon_core.shell:Skip shell extension 'dsv' for command environment
[6.228s] INFO:colcon.colcon_core.task.python.build:Building Python package in '/home/robotica/Proyecto_Final/src/navegacion'
[6.234s] INFO:colcon.colcon_core.shell:Skip shell extension 'powershell' for command environment: Not usable outside of PowerShell
[6.240s] DEBUG:colcon.colcon_core.shell:Skip shell extension 'dsv' for command environment
[7.597s] INFO:colcon.colcon_core.task.python.build:Building Python package in '/home/robotica/Proyecto_Final/src/percepcion'
[7.603s] INFO:colcon.colcon_core.shell:Skip shell extension 'powershell' for command environment: Not usable outside of PowerShell
[7.603s] DEBUG:colcon.colcon_core.shell:Skip shell extension 'dsv' for command environment
[7.642s] DEBUG:colcon.colcon_core.event_handler.log_command:Invoking command in '/home/robotica/Proyecto_Final/build/proyecto_interfaces': CMAKE_PREFIX_PATH=/home/robotica/Taller_3/ros2_taller3/install/mi_robot_manipulador_3:/opt/ros/humble /usr/bin/cmake /home/robotica/Proyecto_Final/src/proyecto_interfaces -DCMAKE_INSTALL_PREFIX=/home/robotica/Proyecto_Final/install/proyecto_interfaces
[10.617s] DEBUG:colcon.colcon_core.event_handler.log_command:Invoking command in '/home/robotica/Proyecto_Final/src/percepcion': PYTHONPATH=/home/robotica/Proyecto_Final/build/percepcion/prefix_override:/home/robotica/Proyecto_Final/install/percepcion/lib/python3.10/site-packages:${PYTHONPATH} /usr/bin/python3 setup.py egg_info --egg-base ../../build/percepcion build --build-base /home/robotica/Proyecto_Final/build/percepcion/build install --record /home/robotica/Proyecto_Final/build/percepcion/install.log --single-version-externally-managed
[10.753s] DEBUG:colcon.colcon_core.event_handler.log_command:Invoking command in '/home/robotica/Proyecto_Final/src/navegacion': PYTHONPATH=/home/robotica/Proyecto_Final/build/navegacion/prefix_override:/home/robotica/Proyecto_Final/install/navegacion/lib/python3.10/site-packages:${PYTHONPATH} /usr/bin/python3 setup.py egg_info --egg-base ../../build/navegacion build --build-base /home/robotica/Proyecto_Final/build/navegacion/build install --record /home/robotica/Proyecto_Final/build/navegacion/install.log --single-version-externally-managed
[10.826s] DEBUG:colcon.colcon_core.event_handler.log_command:Invoking command in '/home/robotica/Proyecto_Final/src/manipulador': PYTHONPATH=/home/robotica/Proyecto_Final/build/manipulador/prefix_override:/home/robotica/Proyecto_Final/install/manipulador/lib/python3.10/site-packages:${PYTHONPATH} /usr/bin/python3 setup.py egg_info --egg-base ../../build/manipulador build --build-base /home/robotica/Proyecto_Final/build/manipulador/build install --record /home/robotica/Proyecto_Final/build/manipulador/install.log --single-version-externally-managed
[14.639s] DEBUG:colcon.colcon_core.event_handler.log_command:Invoked command in '/home/robotica/Proyecto_Final/src/percepcion' returned '0': PYTHONPATH=/home/robotica/Proyecto_Final/build/percepcion/prefix_override:/home/robotica/Proyecto_Final/install/percepcion/lib/python3.10/site-packages:${PYTHONPATH} /usr/bin/python3 setup.py egg_info --egg-base ../../build/percepcion build --build-base /home/robotica/Proyecto_Final/build/percepcion/build install --record /home/robotica/Proyecto_Final/build/percepcion/install.log --single-version-externally-managed
[14.770s] Level 1:colcon.colcon_core.environment:checking '/home/robotica/Proyecto_Final/install/percepcion' for CMake module files
[14.783s] Level 1:colcon.colcon_core.environment:checking '/home/robotica/Proyecto_Final/install/percepcion' for CMake config files
[14.792s] Level 1:colcon.colcon_core.environment:checking '/home/robotica/Proyecto_Final/install/percepcion/lib'
[14.794s] Level 1:colcon.colcon_core.environment:checking '/home/robotica/Proyecto_Final/install/percepcion/bin'
[14.795s] Level 1:colcon.colcon_core.environment:checking '/home/robotica/Proyecto_Final/install/percepcion/lib/pkgconfig/percepcion.pc'
[14.806s] Level 1:colcon.colcon_core.environment:checking '/home/robotica/Proyecto_Final/install/percepcion/lib/python3.10/site-packages'
[14.807s] Level 1:colcon.colcon_core.shell:create_environment_hook('percepcion', 'pythonpath')
[14.827s] INFO:colcon.colcon_core.shell:Creating environment hook '/home/robotica/Proyecto_Final/install/percepcion/share/percepcion/hook/pythonpath.ps1'
[14.830s] INFO:colcon.colcon_core.shell:Creating environment descriptor '/home/robotica/Proyecto_Final/install/percepcion/share/percepcion/hook/pythonpath.dsv'
[14.833s] INFO:colcon.colcon_core.shell:Creating environment hook '/home/robotica/Proyecto_Final/install/percepcion/share/percepcion/hook/pythonpath.sh'
[14.838s] Level 1:colcon.colcon_core.environment:checking '/home/robotica/Proyecto_Final/install/percepcion/bin'
[14.839s] Level 1:colcon.colcon_core.environment:create_environment_scripts_only(percepcion)
[14.853s] INFO:colcon.colcon_core.shell:Creating package script '/home/robotica/Proyecto_Final/install/percepcion/share/percepcion/package.ps1'
[14.874s] INFO:colcon.colcon_core.shell:Creating package descriptor '/home/robotica/Proyecto_Final/install/percepcion/share/percepcion/package.dsv'
[14.879s] INFO:colcon.colcon_core.shell:Creating package script '/home/robotica/Proyecto_Final/install/percepcion/share/percepcion/package.sh'
[14.892s] INFO:colcon.colcon_core.shell:Creating package script '/home/robotica/Proyecto_Final/install/percepcion/share/percepcion/package.bash'
[14.914s] INFO:colcon.colcon_core.shell:Creating package script '/home/robotica/Proyecto_Final/install/percepcion/share/percepcion/package.zsh'
[14.920s] Level 1:colcon.colcon_core.environment:create_file_with_runtime_dependencies(/home/robotica/Proyecto_Final/install/percepcion/share/colcon-core/packages/percepcion)
[14.942s] DEBUG:colcon.colcon_core.event_handler.log_command:Invoked command in '/home/robotica/Proyecto_Final/src/navegacion' returned '0': PYTHONPATH=/home/robotica/Proyecto_Final/build/navegacion/prefix_override:/home/robotica/Proyecto_Final/install/navegacion/lib/python3.10/site-packages:${PYTHONPATH} /usr/bin/python3 setup.py egg_info --egg-base ../../build/navegacion build --build-base /home/robotica/Proyecto_Final/build/navegacion/build install --record /home/robotica/Proyecto_Final/build/navegacion/install.log --single-version-externally-managed
[14.955s] Level 1:colcon.colcon_core.environment:checking '/home/robotica/Proyecto_Final/install/navegacion' for CMake module files
[14.958s] Level 1:colcon.colcon_core.environment:checking '/home/robotica/Proyecto_Final/install/navegacion' for CMake config files
[14.963s] Level 1:colcon.colcon_core.environment:checking '/home/robotica/Proyecto_Final/install/navegacion/lib'
[14.964s] Level 1:colcon.colcon_core.environment:checking '/home/robotica/Proyecto_Final/install/navegacion/bin'
[14.965s] Level 1:colcon.colcon_core.environment:checking '/home/robotica/Proyecto_Final/install/navegacion/lib/pkgconfig/navegacion.pc'
[14.966s] Level 1:colcon.colcon_core.environment:checking '/home/robotica/Proyecto_Final/install/navegacion/lib/python3.10/site-packages'
[14.967s] Level 1:colcon.colcon_core.shell:create_environment_hook('navegacion', 'pythonpath')
[14.975s] INFO:colcon.colcon_core.shell:Creating environment hook '/home/robotica/Proyecto_Final/install/navegacion/share/navegacion/hook/pythonpath.ps1'
[14.978s] INFO:colcon.colcon_core.shell:Creating environment descriptor '/home/robotica/Proyecto_Final/install/navegacion/share/navegacion/hook/pythonpath.dsv'
[14.980s] INFO:colcon.colcon_core.shell:Creating environment hook '/home/robotica/Proyecto_Final/install/navegacion/share/navegacion/hook/pythonpath.sh'
[14.984s] Level 1:colcon.colcon_core.environment:checking '/home/robotica/Proyecto_Final/install/navegacion/bin'
[14.985s] Level 1:colcon.colcon_core.environment:create_environment_scripts_only(navegacion)
[14.995s] INFO:colcon.colcon_core.shell:Creating package script '/home/robotica/Proyecto_Final/install/navegacion/share/navegacion/package.ps1'
[14.999s] INFO:colcon.colcon_core.shell:Creating package descriptor '/home/robotica/Proyecto_Final/install/navegacion/share/navegacion/package.dsv'
[15.001s] INFO:colcon.colcon_core.shell:Creating package script '/home/robotica/Proyecto_Final/install/navegacion/share/navegacion/package.sh'
[15.004s] INFO:colcon.colcon_core.shell:Creating package script '/home/robotica/Proyecto_Final/install/navegacion/share/navegacion/package.bash'
[15.007s] INFO:colcon.colcon_core.shell:Creating package script '/home/robotica/Proyecto_Final/install/navegacion/share/navegacion/package.zsh'
[15.010s] Level 1:colcon.colcon_core.environment:create_file_with_runtime_dependencies(/home/robotica/Proyecto_Final/install/navegacion/share/colcon-core/packages/navegacion)
[15.025s] DEBUG:colcon.colcon_core.event_handler.log_command:Invoked command in '/home/robotica/Proyecto_Final/src/manipulador' returned '0': PYTHONPATH=/home/robotica/Proyecto_Final/build/manipulador/prefix_override:/home/robotica/Proyecto_Final/install/manipulador/lib/python3.10/site-packages:${PYTHONPATH} /usr/bin/python3 setup.py egg_info --egg-base ../../build/manipulador build --build-base /home/robotica/Proyecto_Final/build/manipulador/build install --record /home/robotica/Proyecto_Final/build/manipulador/install.log --single-version-externally-managed
[15.038s] Level 1:colcon.colcon_core.environment:checking '/home/robotica/Proyecto_Final/install/manipulador' for CMake module files
[15.044s] Level 1:colcon.colcon_core.environment:checking '/home/robotica/Proyecto_Final/install/manipulador' for CMake config files
[15.051s] Level 1:colcon.colcon_core.environment:checking '/home/robotica/Proyecto_Final/install/manipulador/lib'
[15.053s] Level 1:colcon.colcon_core.environment:checking '/home/robotica/Proyecto_Final/install/manipulador/bin'
[15.054s] Level 1:colcon.colcon_core.environment:checking '/home/robotica/Proyecto_Final/install/manipulador/lib/pkgconfig/manipulador.pc'
[15.056s] Level 1:colcon.colcon_core.environment:checking '/home/robotica/Proyecto_Final/install/manipulador/lib/python3.10/site-packages'
[15.059s] Level 1:colcon.colcon_core.shell:create_environment_hook('manipulador', 'pythonpath')
[15.069s] INFO:colcon.colcon_core.shell:Creating environment hook '/home/robotica/Proyecto_Final/install/manipulador/share/manipulador/hook/pythonpath.ps1'
[15.073s] INFO:colcon.colcon_core.shell:Creating environment descriptor '/home/robotica/Proyecto_Final/install/manipulador/share/manipulador/hook/pythonpath.dsv'
[15.077s] INFO:colcon.colcon_core.shell:Creating environment hook '/home/robotica/Proyecto_Final/install/manipulador/share/manipulador/hook/pythonpath.sh'
[15.089s] Level 1:colcon.colcon_core.environment:checking '/home/robotica/Proyecto_Final/install/manipulador/bin'
[15.090s] Level 1:colcon.colcon_core.environment:create_environment_scripts_only(manipulador)
[15.099s] INFO:colcon.colcon_core.shell:Creating package script '/home/robotica/Proyecto_Final/install/manipulador/share/manipulador/package.ps1'
[15.104s] INFO:colcon.colcon_core.shell:Creating package descriptor '/home/robotica/Proyecto_Final/install/manipulador/share/manipulador/package.dsv'
[15.109s] INFO:colcon.colcon_core.shell:Creating package script '/home/robotica/Proyecto_Final/install/manipulador/share/manipulador/package.sh'
[15.113s] INFO:colcon.colcon_core.shell:Creating package script '/home/robotica/Proyecto_Final/install/manipulador/share/manipulador/package.bash'
[15.116s] INFO:colcon.colcon_core.shell:Creating package script '/home/robotica/Proyecto_Final/install/manipulador/share/manipulador/package.zsh'
[15.119s] Level 1:colcon.colcon_core.environment:create_file_with_runtime_dependencies(/home/robotica/Proyecto_Final/install/manipulador/share/colcon-core/packages/manipulador)
[23.109s] DEBUG:colcon.colcon_core.event_handler.log_command:Invoked command in '/home/robotica/Proyecto_Final/build/proyecto_interfaces' returned '0': CMAKE_PREFIX_PATH=/home/robotica/Taller_3/ros2_taller3/install/mi_robot_manipulador_3:/opt/ros/humble /usr/bin/cmake /home/robotica/Proyecto_Final/src/proyecto_interfaces -DCMAKE_INSTALL_PREFIX=/home/robotica/Proyecto_Final/install/proyecto_interfaces
[23.120s] DEBUG:colcon.colcon_core.event_handler.log_command:Invoking command in '/home/robotica/Proyecto_Final/build/proyecto_interfaces': CMAKE_PREFIX_PATH=/home/robotica/Taller_3/ros2_taller3/install/mi_robot_manipulador_3:/opt/ros/humble /usr/bin/cmake --build /home/robotica/Proyecto_Final/build/proyecto_interfaces -- -j4 -l4
[50.276s] DEBUG:colcon.colcon_core.event_handler.log_command:Invoked command in '/home/robotica/Proyecto_Final/build/proyecto_interfaces' returned '0': CMAKE_PREFIX_PATH=/home/robotica/Taller_3/ros2_taller3/install/mi_robot_manipulador_3:/opt/ros/humble /usr/bin/cmake --build /home/robotica/Proyecto_Final/build/proyecto_interfaces -- -j4 -l4
[51.100s] DEBUG:colcon.colcon_core.event_handler.log_command:Invoking command in '/home/robotica/Proyecto_Final/build/proyecto_interfaces': CMAKE_PREFIX_PATH=/home/robotica/Taller_3/ros2_taller3/install/mi_robot_manipulador_3:/opt/ros/humble /usr/bin/cmake --install /home/robotica/Proyecto_Final/build/proyecto_interfaces
[51.722s] Level 1:colcon.colcon_core.environment:create_environment_scripts_only(proyecto_interfaces)
[51.732s] Level 1:colcon.colcon_core.environment:checking '/home/robotica/Proyecto_Final/install/proyecto_interfaces' for CMake module files
[51.734s] DEBUG:colcon.colcon_core.event_handler.log_command:Invoked command in '/home/robotica/Proyecto_Final/build/proyecto_interfaces' returned '0': CMAKE_PREFIX_PATH=/home/robotica/Taller_3/ros2_taller3/install/mi_robot_manipulador_3:/opt/ros/humble /usr/bin/cmake --install /home/robotica/Proyecto_Final/build/proyecto_interfaces
[51.739s] Level 1:colcon.colcon_core.environment:checking '/home/robotica/Proyecto_Final/install/proyecto_interfaces' for CMake config files
[51.743s] Level 1:colcon.colcon_core.shell:create_environment_hook('proyecto_interfaces', 'cmake_prefix_path')
[51.749s] INFO:colcon.colcon_core.shell:Creating environment hook '/home/robotica/Proyecto_Final/install/proyecto_interfaces/share/proyecto_interfaces/hook/cmake_prefix_path.ps1'
[51.751s] INFO:colcon.colcon_core.shell:Creating environment descriptor '/home/robotica/Proyecto_Final/install/proyecto_interfaces/share/proyecto_interfaces/hook/cmake_prefix_path.dsv'
[51.753s] INFO:colcon.colcon_core.shell:Creating environment hook '/home/robotica/Proyecto_Final/install/proyecto_interfaces/share/proyecto_interfaces/hook/cmake_prefix_path.sh'
[51.756s] Level 1:colcon.colcon_core.environment:checking '/home/robotica/Proyecto_Final/install/proyecto_interfaces/lib'
[51.756s] Level 1:colcon.colcon_core.shell:create_environment_hook('proyecto_interfaces', 'ld_library_path_lib')
[51.763s] INFO:colcon.colcon_core.shell:Creating environment hook '/home/robotica/Proyecto_Final/install/proyecto_interfaces/share/proyecto_interfaces/hook/ld_library_path_lib.ps1'
[51.765s] INFO:colcon.colcon_core.shell:Creating environment descriptor '/home/robotica/Proyecto_Final/install/proyecto_interfaces/share/proyecto_interfaces/hook/ld_library_path_lib.dsv'
[51.766s] INFO:colcon.colcon_core.shell:Creating environment hook '/home/robotica/Proyecto_Final/install/proyecto_interfaces/share/proyecto_interfaces/hook/ld_library_path_lib.sh'
[51.768s] Level 1:colcon.colcon_core.environment:checking '/home/robotica/Proyecto_Final/install/proyecto_interfaces/bin'
[51.768s] Level 1:colcon.colcon_core.environment:checking '/home/robotica/Proyecto_Final/install/proyecto_interfaces/lib/pkgconfig/proyecto_interfaces.pc'
[51.769s] Level 1:colcon.colcon_core.environment:checking '/home/robotica/Proyecto_Final/install/proyecto_interfaces/lib/python3.10/site-packages'
[51.770s] Level 1:colcon.colcon_core.environment:checking '/home/robotica/Proyecto_Final/install/proyecto_interfaces/bin'
[51.776s] INFO:colcon.colcon_core.shell:Creating package script '/home/robotica/Proyecto_Final/install/proyecto_interfaces/share/proyecto_interfaces/package.ps1'
[51.779s] INFO:colcon.colcon_core.shell:Creating package descriptor '/home/robotica/Proyecto_Final/install/proyecto_interfaces/share/proyecto_interfaces/package.dsv'
[51.781s] INFO:colcon.colcon_core.shell:Creating package script '/home/robotica/Proyecto_Final/install/proyecto_interfaces/share/proyecto_interfaces/package.sh'
[51.783s] INFO:colcon.colcon_core.shell:Creating package script '/home/robotica/Proyecto_Final/install/proyecto_interfaces/share/proyecto_interfaces/package.bash'
[51.785s] INFO:colcon.colcon_core.shell:Creating package script '/home/robotica/Proyecto_Final/install/proyecto_interfaces/share/proyecto_interfaces/package.zsh'
[51.786s] Level 1:colcon.colcon_core.environment:create_file_with_runtime_dependencies(/home/robotica/Proyecto_Final/install/proyecto_interfaces/share/colcon-core/packages/proyecto_interfaces)
[52.539s] Level 1:colcon.colcon_core.environment:create_environment_scripts_only(proyecto_interfaces)
[52.549s] Level 1:colcon.colcon_core.environment:checking '/home/robotica/Proyecto_Final/install/proyecto_interfaces' for CMake module files
[52.555s] Level 1:colcon.colcon_core.environment:checking '/home/robotica/Proyecto_Final/install/proyecto_interfaces' for CMake config files
[52.559s] Level 1:colcon.colcon_core.shell:create_environment_hook('proyecto_interfaces', 'cmake_prefix_path')
[52.565s] INFO:colcon.colcon_core.shell:Creating environment hook '/home/robotica/Proyecto_Final/install/proyecto_interfaces/share/proyecto_interfaces/hook/cmake_prefix_path.ps1'
[52.567s] INFO:colcon.colcon_core.shell:Creating environment descriptor '/home/robotica/Proyecto_Final/install/proyecto_interfaces/share/proyecto_interfaces/hook/cmake_prefix_path.dsv'
[52.569s] INFO:colcon.colcon_core.shell:Creating environment hook '/home/robotica/Proyecto_Final/install/proyecto_interfaces/share/proyecto_interfaces/hook/cmake_prefix_path.sh'
[52.572s] Level 1:colcon.colcon_core.environment:checking '/home/robotica/Proyecto_Final/install/proyecto_interfaces/lib'
[52.573s] Level 1:colcon.colcon_core.shell:create_environment_hook('proyecto_interfaces', 'ld_library_path_lib')
[52.579s] INFO:colcon.colcon_core.shell:Creating environment hook '/home/robotica/Proyecto_Final/install/proyecto_interfaces/share/proyecto_interfaces/hook/ld_library_path_lib.ps1'
[52.581s] INFO:colcon.colcon_core.shell:Creating environment descriptor '/home/robotica/Proyecto_Final/install/proyecto_interfaces/share/proyecto_interfaces/hook/ld_library_path_lib.dsv'
[52.582s] INFO:colcon.colcon_core.shell:Creating environment hook '/home/robotica/Proyecto_Final/install/proyecto_interfaces/share/proyecto_interfaces/hook/ld_library_path_lib.sh'
[52.584s] Level 1:colcon.colcon_core.environment:checking '/home/robotica/Proyecto_Final/install/proyecto_interfaces/bin'
[52.585s] Level 1:colcon.colcon_core.environment:checking '/home/robotica/Proyecto_Final/install/proyecto_interfaces/lib/pkgconfig/proyecto_interfaces.pc'
[52.586s] Level 1:colcon.colcon_core.environment:checking '/home/robotica/Proyecto_Final/install/proyecto_interfaces/lib/python3.10/site-packages'
[52.587s] Level 1:colcon.colcon_core.environment:checking '/home/robotica/Proyecto_Final/install/proyecto_interfaces/bin'
[52.593s] INFO:colcon.colcon_core.shell:Creating package script '/home/robotica/Proyecto_Final/install/proyecto_interfaces/share/proyecto_interfaces/package.ps1'
[52.596s] INFO:colcon.colcon_core.shell:Creating package descriptor '/home/robotica/Proyecto_Final/install/proyecto_interfaces/share/proyecto_interfaces/package.dsv'
[52.598s] INFO:colcon.colcon_core.shell:Creating package script '/home/robotica/Proyecto_Final/install/proyecto_interfaces/share/proyecto_interfaces/package.sh'
[52.601s] INFO:colcon.colcon_core.shell:Creating package script '/home/robotica/Proyecto_Final/install/proyecto_interfaces/share/proyecto_interfaces/package.bash'
[52.603s] INFO:colcon.colcon_core.shell:Creating package script '/home/robotica/Proyecto_Final/install/proyecto_interfaces/share/proyecto_interfaces/package.zsh'
[52.605s] Level 1:colcon.colcon_core.environment:create_file_with_runtime_dependencies(/home/robotica/Proyecto_Final/install/proyecto_interfaces/share/colcon-core/packages/proyecto_interfaces)
[52.606s] DEBUG:colcon.colcon_parallel_executor.executor.parallel:closing loop
[52.607s] DEBUG:colcon.colcon_parallel_executor.executor.parallel:loop closed
[52.608s] DEBUG:colcon.colcon_parallel_executor.executor.parallel:run_until_complete finished with '0'
[52.609s] DEBUG:colcon.colcon_core.event_reactor:joining thread
[52.669s] INFO:colcon.colcon_core.plugin_system:Skipping extension 'colcon_notification.desktop_notification.terminal_notifier': Not used on non-Darwin systems
[52.669s] INFO:colcon.colcon_core.plugin_system:Skipping extension 'colcon_notification.desktop_notification.win32': Not used on non-Windows systems
[52.670s] INFO:colcon.colcon_notification.desktop_notification:Sending desktop notification using 'notify2'
[52.804s] DEBUG:colcon.colcon_core.event_reactor:joined thread
[52.811s] INFO:colcon.colcon_core.shell:Creating prefix script '/home/robotica/Proyecto_Final/install/local_setup.ps1'
[52.816s] INFO:colcon.colcon_core.shell:Creating prefix util module '/home/robotica/Proyecto_Final/install/_local_setup_util_ps1.py'
[52.827s] INFO:colcon.colcon_core.shell:Creating prefix chain script '/home/robotica/Proyecto_Final/install/setup.ps1'
[52.835s] INFO:colcon.colcon_core.shell:Creating prefix script '/home/robotica/Proyecto_Final/install/local_setup.sh'
[52.839s] INFO:colcon.colcon_core.shell:Creating prefix util module '/home/robotica/Proyecto_Final/install/_local_setup_util_sh.py'
[52.842s] INFO:colcon.colcon_core.shell:Creating prefix chain script '/home/robotica/Proyecto_Final/install/setup.sh'
[52.851s] INFO:colcon.colcon_core.shell:Creating prefix script '/home/robotica/Proyecto_Final/install/local_setup.bash'
[52.856s] INFO:colcon.colcon_core.shell:Creating prefix chain script '/home/robotica/Proyecto_Final/install/setup.bash'
[52.865s] INFO:colcon.colcon_core.shell:Creating prefix script '/home/robotica/Proyecto_Final/install/local_setup.zsh'
[52.869s] INFO:colcon.colcon_core.shell:Creating prefix chain script '/home/robotica/Proyecto_Final/install/setup.zsh'
