[7.546s] Invoking command in '/home/robotica/Proyecto_Final1/src/percepcion': PYTHONPATH=/home/robotica/Proyecto_Final1/build/percepcion/prefix_override:/home/robotica/Proyecto_Final1/install/percepcion/lib/python3.10/site-packages:${PYTHONPATH} /usr/bin/python3 setup.py egg_info --egg-base ../../build/percepcion build --build-base /home/robotica/Proyecto_Final1/build/percepcion/build install --record /home/robotica/Proyecto_Final1/build/percepcion/install.log --single-version-externally-managed
[9.505s] running egg_info
[9.510s] writing ../../build/percepcion/percepcion.egg-info/PKG-INFO
[9.513s] writing dependency_links to ../../build/percepcion/percepcion.egg-info/dependency_links.txt
[9.513s] writing entry points to ../../build/percepcion/percepcion.egg-info/entry_points.txt
[9.517s] writing requirements to ../../build/percepcion/percepcion.egg-info/requires.txt
[9.518s] writing top-level names to ../../build/percepcion/percepcion.egg-info/top_level.txt
[9.528s] reading manifest file '../../build/percepcion/percepcion.egg-info/SOURCES.txt'
[9.535s] writing manifest file '../../build/percepcion/percepcion.egg-info/SOURCES.txt'
[9.536s] running build
[9.537s] running build_py
[9.537s] copying percepcion/__init__.py -> /home/robotica/Proyecto_Final1/build/percepcion/build/lib/percepcion
[9.539s] running install
[9.541s] /usr/lib/python3/dist-packages/setuptools/command/install.py:34: SetuptoolsDeprecationWarning: setup.py install is deprecated. Use build and pip and other standards-based tools.
[9.543s]   warnings.warn(
[9.543s] running install_lib
[9.547s] copying /home/robotica/Proyecto_Final1/build/percepcion/build/lib/percepcion/__init__.py -> /home/robotica/Proyecto_Final1/install/percepcion/lib/python3.10/site-packages/percepcion
[9.551s] byte-compiling /home/robotica/Proyecto_Final1/install/percepcion/lib/python3.10/site-packages/percepcion/__init__.py to __init__.cpython-310.pyc
[9.553s] running install_data
[9.557s] copying resource/percepcion -> /home/robotica/Proyecto_Final1/install/percepcion/share/ament_index/resource_index/packages
[9.558s] copying package.xml -> /home/robotica/Proyecto_Final1/install/percepcion/share/percepcion
[9.560s] running install_egg_info
[9.570s] removing '/home/robotica/Proyecto_Final1/install/percepcion/lib/python3.10/site-packages/percepcion-0.0.0-py3.10.egg-info' (and everything under it)
[9.574s] Copying ../../build/percepcion/percepcion.egg-info to /home/robotica/Proyecto_Final1/install/percepcion/lib/python3.10/site-packages/percepcion-0.0.0-py3.10.egg-info
[9.586s] running install_scripts
[9.804s] Installing percepcion_server script to /home/robotica/Proyecto_Final1/install/percepcion/lib/percepcion
[9.814s] writing list of installed files to '/home/robotica/Proyecto_Final1/build/percepcion/install.log'
[10.129s] Invoked command in '/home/robotica/Proyecto_Final1/src/percepcion' returned '0': PYTHONPATH=/home/robotica/Proyecto_Final1/build/percepcion/prefix_override:/home/robotica/Proyecto_Final1/install/percepcion/lib/python3.10/site-packages:${PYTHONPATH} /usr/bin/python3 setup.py egg_info --egg-base ../../build/percepcion build --build-base /home/robotica/Proyecto_Final1/build/percepcion/build install --record /home/robotica/Proyecto_Final1/build/percepcion/install.log --single-version-externally-managed
