[0mCMake Error: The current CMakeCache.txt directory /home/robotica/Proyecto_Final1/build/proyecto_interfaces/CMakeCache.txt is different than the directory /home/robotica/Proyecto_Final/build/proyecto_interfaces where CMakeCache.txt was created. This may result in binaries being created in the wrong place. If you are not sure, reedit the CMakeCache.txt[0m
-- Found ament_cmake: 1.3.4 (/opt/ros/humble/share/ament_cmake/cmake)
-- Found rosidl_default_generators: 1.2.0 (/opt/ros/humble/share/rosidl_default_generators/cmake)
-- Using all available rosidl_typesupport_c: rosidl_typesupport_fastrtps_c;rosidl_typesupport_introspection_c
-- Found rosidl_adapter: 3.1.4 (/opt/ros/humble/share/rosidl_adapter/cmake)
-- Using all available rosidl_typesupport_cpp: rosidl_typesupport_fastrtps_cpp;rosidl_typesupport_introspection_cpp
-- Found ament_cmake_ros: 0.10.0 (/opt/ros/humble/share/ament_cmake_ros/cmake)
-- Using all available rosidl_typesupport_c: rosidl_typesupport_fastrtps_c;rosidl_typesupport_introspection_c
-- Using all available rosidl_typesupport_cpp: rosidl_typesupport_fastrtps_cpp;rosidl_typesupport_introspection_cpp
-- Found python_cmake_module: 0.10.0 (/opt/ros/humble/share/python_cmake_module/cmake)
-- Using PYTHON_EXECUTABLE: /usr/bin/python3
-- Using PYTHON_INCLUDE_DIRS: /usr/include/python3.10
-- Using PYTHON_LIBRARIES: /usr/lib/aarch64-linux-gnu/libpython3.10.so
-- Found ament_lint_auto: 0.12.6 (/opt/ros/humble/share/ament_lint_auto/cmake)
-- Added test 'copyright' to check source files copyright and LICENSE
-- Added test 'lint_cmake' to check CMake code style
-- Added test 'xmllint' to check XML markup files
-- Configuring done
-- Generating done
-- Build files have been written to: /home/robotica/Proyecto_Final/build/proyecto_interfaces
[35m[1mConsolidate compiler generated dependencies of target proyecto_interfaces__rosidl_generator_c[0m
[  1%] Built target proyecto_interfaces__cpp
[  3%] [32mBuilding C object CMakeFiles/proyecto_interfaces__rosidl_generator_c.dir/rosidl_generator_c/proyecto_interfaces/msg/detail/banner__functions.c.o[0m
[  5%] [32mBuilding C object CMakeFiles/proyecto_interfaces__rosidl_generator_c.dir/rosidl_generator_c/proyecto_interfaces/srv/detail/start_navigation_test__functions.c.o[0m
[  7%] [32mBuilding C object CMakeFiles/proyecto_interfaces__rosidl_generator_c.dir/rosidl_generator_c/proyecto_interfaces/srv/detail/start_perception_test__functions.c.o[0m
[  7%] Built target ament_cmake_python_copy_proyecto_interfaces
[  9%] [32mBuilding C object CMakeFiles/proyecto_interfaces__rosidl_generator_c.dir/rosidl_generator_c/proyecto_interfaces/srv/detail/start_manipulation_test__functions.c.o[0m
[ 10%] [32m[1mLinking C shared library libproyecto_interfaces__rosidl_generator_c.so[0m
[35m[1mConsolidate compiler generated dependencies of target proyecto_interfaces__rosidl_typesupport_cpp[0m
[35m[1mConsolidate compiler generated dependencies of target proyecto_interfaces__rosidl_typesupport_introspection_cpp[0m
[35m[1mConsolidate compiler generated dependencies of target proyecto_interfaces__rosidl_typesupport_fastrtps_cpp[0m
[ 12%] [32mBuilding CXX object CMakeFiles/proyecto_interfaces__rosidl_typesupport_cpp.dir/rosidl_typesupport_cpp/proyecto_interfaces/msg/banner__type_support.cpp.o[0m
[ 14%] [32mBuilding CXX object CMakeFiles/proyecto_interfaces__rosidl_typesupport_introspection_cpp.dir/rosidl_typesupport_introspection_cpp/proyecto_interfaces/msg/detail/banner__type_support.cpp.o[0m
[ 16%] [32mBuilding CXX object CMakeFiles/proyecto_interfaces__rosidl_typesupport_fastrtps_cpp.dir/rosidl_typesupport_fastrtps_cpp/proyecto_interfaces/msg/detail/dds_fastrtps/banner__type_support.cpp.o[0m
[ 18%] Built target proyecto_interfaces__rosidl_generator_c
[ 20%] [32mBuilding CXX object CMakeFiles/proyecto_interfaces__rosidl_typesupport_fastrtps_cpp.dir/rosidl_typesupport_fastrtps_cpp/proyecto_interfaces/srv/detail/dds_fastrtps/start_navigation_test__type_support.cpp.o[0m
[ 21%] [32mBuilding CXX object CMakeFiles/proyecto_interfaces__rosidl_typesupport_cpp.dir/rosidl_typesupport_cpp/proyecto_interfaces/srv/start_navigation_test__type_support.cpp.o[0m
[ 25%] [32mBuilding CXX object CMakeFiles/proyecto_interfaces__rosidl_typesupport_fastrtps_cpp.dir/rosidl_typesupport_fastrtps_cpp/proyecto_interfaces/srv/detail/dds_fastrtps/start_perception_test__type_support.cpp.o[0m
[ 25%] [32mBuilding CXX object CMakeFiles/proyecto_interfaces__rosidl_typesupport_introspection_cpp.dir/rosidl_typesupport_introspection_cpp/proyecto_interfaces/srv/detail/start_navigation_test__type_support.cpp.o[0m
[ 27%] [32mBuilding CXX object CMakeFiles/proyecto_interfaces__rosidl_typesupport_introspection_cpp.dir/rosidl_typesupport_introspection_cpp/proyecto_interfaces/srv/detail/start_perception_test__type_support.cpp.o[0m
[ 29%] [32mBuilding CXX object CMakeFiles/proyecto_interfaces__rosidl_typesupport_cpp.dir/rosidl_typesupport_cpp/proyecto_interfaces/srv/start_perception_test__type_support.cpp.o[0m
[ 30%] [32mBuilding CXX object CMakeFiles/proyecto_interfaces__rosidl_typesupport_cpp.dir/rosidl_typesupport_cpp/proyecto_interfaces/srv/start_manipulation_test__type_support.cpp.o[0m
[ 32%] [32mBuilding CXX object CMakeFiles/proyecto_interfaces__rosidl_typesupport_introspection_cpp.dir/rosidl_typesupport_introspection_cpp/proyecto_interfaces/srv/detail/start_manipulation_test__type_support.cpp.o[0m
[ 34%] [32mBuilding CXX object CMakeFiles/proyecto_interfaces__rosidl_typesupport_fastrtps_cpp.dir/rosidl_typesupport_fastrtps_cpp/proyecto_interfaces/srv/detail/dds_fastrtps/start_manipulation_test__type_support.cpp.o[0m
[ 36%] [32m[1mLinking CXX shared library libproyecto_interfaces__rosidl_typesupport_cpp.so[0m
[ 38%] Built target proyecto_interfaces__rosidl_typesupport_cpp
[35m[1mConsolidate compiler generated dependencies of target proyecto_interfaces__rosidl_typesupport_fastrtps_c[0m
[ 40%] [32mBuilding CXX object CMakeFiles/proyecto_interfaces__rosidl_typesupport_fastrtps_c.dir/rosidl_typesupport_fastrtps_c/proyecto_interfaces/msg/detail/banner__type_support_c.cpp.o[0m
[ 41%] [32m[1mLinking CXX shared library libproyecto_interfaces__rosidl_typesupport_introspection_cpp.so[0m
[ 43%] Built target proyecto_interfaces__rosidl_typesupport_introspection_cpp
[35m[1mConsolidate compiler generated dependencies of target proyecto_interfaces__rosidl_typesupport_introspection_c[0m
[ 45%] [32m[1mLinking CXX shared library libproyecto_interfaces__rosidl_typesupport_fastrtps_cpp.so[0m
[ 47%] [32mBuilding C object CMakeFiles/proyecto_interfaces__rosidl_typesupport_introspection_c.dir/rosidl_typesupport_introspection_c/proyecto_interfaces/msg/detail/banner__type_support.c.o[0m
[ 49%] [32mBuilding C object CMakeFiles/proyecto_interfaces__rosidl_typesupport_introspection_c.dir/rosidl_typesupport_introspection_c/proyecto_interfaces/srv/detail/start_navigation_test__type_support.c.o[0m
[ 50%] Built target proyecto_interfaces__rosidl_typesupport_fastrtps_cpp
[35m[1mConsolidate compiler generated dependencies of target proyecto_interfaces__rosidl_typesupport_c[0m
[ 52%] [32mBuilding C object CMakeFiles/proyecto_interfaces__rosidl_typesupport_introspection_c.dir/rosidl_typesupport_introspection_c/proyecto_interfaces/srv/detail/start_perception_test__type_support.c.o[0m
[ 54%] [32mBuilding CXX object CMakeFiles/proyecto_interfaces__rosidl_typesupport_c.dir/rosidl_typesupport_c/proyecto_interfaces/msg/banner__type_support.cpp.o[0m
[ 56%] [32mBuilding CXX object CMakeFiles/proyecto_interfaces__rosidl_typesupport_c.dir/rosidl_typesupport_c/proyecto_interfaces/srv/start_navigation_test__type_support.cpp.o[0m
[ 58%] [32mBuilding C object CMakeFiles/proyecto_interfaces__rosidl_typesupport_introspection_c.dir/rosidl_typesupport_introspection_c/proyecto_interfaces/srv/detail/start_manipulation_test__type_support.c.o[0m
[ 60%] [32mBuilding CXX object CMakeFiles/proyecto_interfaces__rosidl_typesupport_c.dir/rosidl_typesupport_c/proyecto_interfaces/srv/start_perception_test__type_support.cpp.o[0m
[ 61%] [32m[1mLinking C shared library libproyecto_interfaces__rosidl_typesupport_introspection_c.so[0m
[ 63%] [32mBuilding CXX object CMakeFiles/proyecto_interfaces__rosidl_typesupport_c.dir/rosidl_typesupport_c/proyecto_interfaces/srv/start_manipulation_test__type_support.cpp.o[0m
running egg_info
[ 65%] Built target proyecto_interfaces__rosidl_typesupport_introspection_c
writing proyecto_interfaces.egg-info/PKG-INFO
writing dependency_links to proyecto_interfaces.egg-info/dependency_links.txt
writing top-level names to proyecto_interfaces.egg-info/top_level.txt
reading manifest file 'proyecto_interfaces.egg-info/SOURCES.txt'
writing manifest file 'proyecto_interfaces.egg-info/SOURCES.txt'
[ 67%] [32mBuilding CXX object CMakeFiles/proyecto_interfaces__rosidl_typesupport_fastrtps_c.dir/rosidl_typesupport_fastrtps_c/proyecto_interfaces/srv/detail/start_navigation_test__type_support_c.cpp.o[0m
[ 67%] Built target ament_cmake_python_build_proyecto_interfaces_egg
[ 69%] [32m[1mLinking CXX shared library libproyecto_interfaces__rosidl_typesupport_c.so[0m
[ 70%] [32mBuilding CXX object CMakeFiles/proyecto_interfaces__rosidl_typesupport_fastrtps_c.dir/rosidl_typesupport_fastrtps_c/proyecto_interfaces/srv/detail/start_perception_test__type_support_c.cpp.o[0m
[ 72%] [32mBuilding CXX object CMakeFiles/proyecto_interfaces__rosidl_typesupport_fastrtps_c.dir/rosidl_typesupport_fastrtps_c/proyecto_interfaces/srv/detail/start_manipulation_test__type_support_c.cpp.o[0m
[ 74%] Built target proyecto_interfaces__rosidl_typesupport_c
[ 76%] [32m[1mLinking CXX shared library libproyecto_interfaces__rosidl_typesupport_fastrtps_c.so[0m
[ 78%] Built target proyecto_interfaces__rosidl_typesupport_fastrtps_c
[ 78%] Built target proyecto_interfaces
[ 80%] Built target proyecto_interfaces__py
[35m[1mConsolidate compiler generated dependencies of target proyecto_interfaces__rosidl_generator_py[0m
[ 81%] [32mBuilding C object CMakeFiles/proyecto_interfaces__rosidl_generator_py.dir/rosidl_generator_py/proyecto_interfaces/msg/_banner_s.c.o[0m
[ 83%] [32mBuilding C object CMakeFiles/proyecto_interfaces__rosidl_generator_py.dir/rosidl_generator_py/proyecto_interfaces/srv/_start_navigation_test_s.c.o[0m
[ 85%] [32mBuilding C object CMakeFiles/proyecto_interfaces__rosidl_generator_py.dir/rosidl_generator_py/proyecto_interfaces/srv/_start_perception_test_s.c.o[0m
[ 87%] [32mBuilding C object CMakeFiles/proyecto_interfaces__rosidl_generator_py.dir/rosidl_generator_py/proyecto_interfaces/srv/_start_manipulation_test_s.c.o[0m
[ 89%] [32m[1mLinking C shared library rosidl_generator_py/proyecto_interfaces/libproyecto_interfaces__rosidl_generator_py.so[0m
[ 89%] Built target proyecto_interfaces__rosidl_generator_py
[35m[1mConsolidate compiler generated dependencies of target proyecto_interfaces__rosidl_typesupport_fastrtps_c__pyext[0m
[35m[1mConsolidate compiler generated dependencies of target proyecto_interfaces__rosidl_typesupport_introspection_c__pyext[0m
[35m[1mConsolidate compiler generated dependencies of target proyecto_interfaces__rosidl_typesupport_c__pyext[0m
[ 90%] [32mBuilding C object CMakeFiles/proyecto_interfaces__rosidl_typesupport_introspection_c__pyext.dir/rosidl_generator_py/proyecto_interfaces/_proyecto_interfaces_s.ep.rosidl_typesupport_introspection_c.c.o[0m
[ 92%] [32mBuilding C object CMakeFiles/proyecto_interfaces__rosidl_typesupport_fastrtps_c__pyext.dir/rosidl_generator_py/proyecto_interfaces/_proyecto_interfaces_s.ep.rosidl_typesupport_fastrtps_c.c.o[0m
[ 94%] [32mBuilding C object CMakeFiles/proyecto_interfaces__rosidl_typesupport_c__pyext.dir/rosidl_generator_py/proyecto_interfaces/_proyecto_interfaces_s.ep.rosidl_typesupport_c.c.o[0m
[ 96%] [32m[1mLinking C shared library rosidl_generator_py/proyecto_interfaces/proyecto_interfaces_s__rosidl_typesupport_introspection_c.cpython-310-aarch64-linux-gnu.so[0m
[ 98%] [32m[1mLinking C shared library rosidl_generator_py/proyecto_interfaces/proyecto_interfaces_s__rosidl_typesupport_c.cpython-310-aarch64-linux-gnu.so[0m
[100%] [32m[1mLinking C shared library rosidl_generator_py/proyecto_interfaces/proyecto_interfaces_s__rosidl_typesupport_fastrtps_c.cpython-310-aarch64-linux-gnu.so[0m
[100%] Built target proyecto_interfaces__rosidl_typesupport_introspection_c__pyext
[100%] Built target proyecto_interfaces__rosidl_typesupport_c__pyext
[100%] Built target proyecto_interfaces__rosidl_typesupport_fastrtps_c__pyext
-- Install configuration: ""
-- Up-to-date: /home/robotica/Proyecto_Final/install/proyecto_interfaces/share/ament_index/resource_index/rosidl_interfaces/proyecto_interfaces
-- Up-to-date: /home/robotica/Proyecto_Final/install/proyecto_interfaces/include/proyecto_interfaces/proyecto_interfaces
-- Up-to-date: /home/robotica/Proyecto_Final/install/proyecto_interfaces/include/proyecto_interfaces/proyecto_interfaces/srv
-- Up-to-date: /home/robotica/Proyecto_Final/install/proyecto_interfaces/include/proyecto_interfaces/proyecto_interfaces/srv/start_perception_test.h
-- Up-to-date: /home/robotica/Proyecto_Final/install/proyecto_interfaces/include/proyecto_interfaces/proyecto_interfaces/srv/detail
-- Up-to-date: /home/robotica/Proyecto_Final/install/proyecto_interfaces/include/proyecto_interfaces/proyecto_interfaces/srv/detail/start_perception_test__functions.c
-- Up-to-date: /home/robotica/Proyecto_Final/install/proyecto_interfaces/include/proyecto_interfaces/proyecto_interfaces/srv/detail/start_manipulation_test__type_support.h
-- Up-to-date: /home/robotica/Proyecto_Final/install/proyecto_interfaces/include/proyecto_interfaces/proyecto_interfaces/srv/detail/start_perception_test__type_support.h
-- Up-to-date: /home/robotica/Proyecto_Final/install/proyecto_interfaces/include/proyecto_interfaces/proyecto_interfaces/srv/detail/start_manipulation_test__functions.c
-- Up-to-date: /home/robotica/Proyecto_Final/install/proyecto_interfaces/include/proyecto_interfaces/proyecto_interfaces/srv/detail/start_navigation_test__struct.h
-- Up-to-date: /home/robotica/Proyecto_Final/install/proyecto_interfaces/include/proyecto_interfaces/proyecto_interfaces/srv/detail/start_manipulation_test__struct.h
-- Up-to-date: /home/robotica/Proyecto_Final/install/proyecto_interfaces/include/proyecto_interfaces/proyecto_interfaces/srv/detail/start_navigation_test__type_support.h
-- Up-to-date: /home/robotica/Proyecto_Final/install/proyecto_interfaces/include/proyecto_interfaces/proyecto_interfaces/srv/detail/start_navigation_test__functions.h
-- Up-to-date: /home/robotica/Proyecto_Final/install/proyecto_interfaces/include/proyecto_interfaces/proyecto_interfaces/srv/detail/start_perception_test__struct.h
-- Up-to-date: /home/robotica/Proyecto_Final/install/proyecto_interfaces/include/proyecto_interfaces/proyecto_interfaces/srv/detail/start_navigation_test__functions.c
-- Up-to-date: /home/robotica/Proyecto_Final/install/proyecto_interfaces/include/proyecto_interfaces/proyecto_interfaces/srv/detail/start_perception_test__functions.h
-- Up-to-date: /home/robotica/Proyecto_Final/install/proyecto_interfaces/include/proyecto_interfaces/proyecto_interfaces/srv/detail/start_manipulation_test__functions.h
-- Up-to-date: /home/robotica/Proyecto_Final/install/proyecto_interfaces/include/proyecto_interfaces/proyecto_interfaces/srv/start_navigation_test.h
-- Up-to-date: /home/robotica/Proyecto_Final/install/proyecto_interfaces/include/proyecto_interfaces/proyecto_interfaces/srv/start_manipulation_test.h
-- Up-to-date: /home/robotica/Proyecto_Final/install/proyecto_interfaces/include/proyecto_interfaces/proyecto_interfaces/msg
-- Up-to-date: /home/robotica/Proyecto_Final/install/proyecto_interfaces/include/proyecto_interfaces/proyecto_interfaces/msg/detail
-- Up-to-date: /home/robotica/Proyecto_Final/install/proyecto_interfaces/include/proyecto_interfaces/proyecto_interfaces/msg/detail/banner__struct.h
-- Up-to-date: /home/robotica/Proyecto_Final/install/proyecto_interfaces/include/proyecto_interfaces/proyecto_interfaces/msg/detail/banner__type_support.h
-- Up-to-date: /home/robotica/Proyecto_Final/install/proyecto_interfaces/include/proyecto_interfaces/proyecto_interfaces/msg/detail/banner__functions.c
-- Up-to-date: /home/robotica/Proyecto_Final/install/proyecto_interfaces/include/proyecto_interfaces/proyecto_interfaces/msg/detail/banner__functions.h
-- Up-to-date: /home/robotica/Proyecto_Final/install/proyecto_interfaces/include/proyecto_interfaces/proyecto_interfaces/msg/rosidl_generator_c__visibility_control.h
-- Up-to-date: /home/robotica/Proyecto_Final/install/proyecto_interfaces/include/proyecto_interfaces/proyecto_interfaces/msg/banner.h
-- Up-to-date: /home/robotica/Proyecto_Final/install/proyecto_interfaces/share/proyecto_interfaces/environment/library_path.sh
-- Installing: /home/robotica/Proyecto_Final/install/proyecto_interfaces/share/proyecto_interfaces/environment/library_path.dsv
-- Up-to-date: /home/robotica/Proyecto_Final/install/proyecto_interfaces/lib/libproyecto_interfaces__rosidl_generator_c.so
-- Up-to-date: /home/robotica/Proyecto_Final/install/proyecto_interfaces/include/proyecto_interfaces/proyecto_interfaces
-- Up-to-date: /home/robotica/Proyecto_Final/install/proyecto_interfaces/include/proyecto_interfaces/proyecto_interfaces/srv
-- Up-to-date: /home/robotica/Proyecto_Final/install/proyecto_interfaces/include/proyecto_interfaces/proyecto_interfaces/srv/detail
-- Up-to-date: /home/robotica/Proyecto_Final/install/proyecto_interfaces/include/proyecto_interfaces/proyecto_interfaces/srv/detail/start_perception_test__rosidl_typesupport_fastrtps_c.h
-- Up-to-date: /home/robotica/Proyecto_Final/install/proyecto_interfaces/include/proyecto_interfaces/proyecto_interfaces/srv/detail/start_manipulation_test__rosidl_typesupport_fastrtps_c.h
-- Up-to-date: /home/robotica/Proyecto_Final/install/proyecto_interfaces/include/proyecto_interfaces/proyecto_interfaces/srv/detail/start_navigation_test__rosidl_typesupport_fastrtps_c.h
-- Up-to-date: /home/robotica/Proyecto_Final/install/proyecto_interfaces/include/proyecto_interfaces/proyecto_interfaces/msg
-- Up-to-date: /home/robotica/Proyecto_Final/install/proyecto_interfaces/include/proyecto_interfaces/proyecto_interfaces/msg/detail
-- Up-to-date: /home/robotica/Proyecto_Final/install/proyecto_interfaces/include/proyecto_interfaces/proyecto_interfaces/msg/detail/banner__rosidl_typesupport_fastrtps_c.h
-- Up-to-date: /home/robotica/Proyecto_Final/install/proyecto_interfaces/include/proyecto_interfaces/proyecto_interfaces/msg/rosidl_typesupport_fastrtps_c__visibility_control.h
-- Up-to-date: /home/robotica/Proyecto_Final/install/proyecto_interfaces/lib/libproyecto_interfaces__rosidl_typesupport_fastrtps_c.so
-- Up-to-date: /home/robotica/Proyecto_Final/install/proyecto_interfaces/include/proyecto_interfaces/proyecto_interfaces
-- Up-to-date: /home/robotica/Proyecto_Final/install/proyecto_interfaces/include/proyecto_interfaces/proyecto_interfaces/srv
-- Up-to-date: /home/robotica/Proyecto_Final/install/proyecto_interfaces/include/proyecto_interfaces/proyecto_interfaces/srv/detail
-- Up-to-date: /home/robotica/Proyecto_Final/install/proyecto_interfaces/include/proyecto_interfaces/proyecto_interfaces/srv/detail/start_perception_test__rosidl_typesupport_introspection_c.h
-- Up-to-date: /home/robotica/Proyecto_Final/install/proyecto_interfaces/include/proyecto_interfaces/proyecto_interfaces/srv/detail/start_navigation_test__type_support.c
-- Up-to-date: /home/robotica/Proyecto_Final/install/proyecto_interfaces/include/proyecto_interfaces/proyecto_interfaces/srv/detail/start_navigation_test__rosidl_typesupport_introspection_c.h
-- Up-to-date: /home/robotica/Proyecto_Final/install/proyecto_interfaces/include/proyecto_interfaces/proyecto_interfaces/srv/detail/start_manipulation_test__type_support.c
-- Up-to-date: /home/robotica/Proyecto_Final/install/proyecto_interfaces/include/proyecto_interfaces/proyecto_interfaces/srv/detail/start_manipulation_test__rosidl_typesupport_introspection_c.h
-- Up-to-date: /home/robotica/Proyecto_Final/install/proyecto_interfaces/include/proyecto_interfaces/proyecto_interfaces/srv/detail/start_perception_test__type_support.c
-- Up-to-date: /home/robotica/Proyecto_Final/install/proyecto_interfaces/include/proyecto_interfaces/proyecto_interfaces/msg
-- Up-to-date: /home/robotica/Proyecto_Final/install/proyecto_interfaces/include/proyecto_interfaces/proyecto_interfaces/msg/detail
-- Up-to-date: /home/robotica/Proyecto_Final/install/proyecto_interfaces/include/proyecto_interfaces/proyecto_interfaces/msg/detail/banner__type_support.c
-- Up-to-date: /home/robotica/Proyecto_Final/install/proyecto_interfaces/include/proyecto_interfaces/proyecto_interfaces/msg/detail/banner__rosidl_typesupport_introspection_c.h
-- Up-to-date: /home/robotica/Proyecto_Final/install/proyecto_interfaces/include/proyecto_interfaces/proyecto_interfaces/msg/rosidl_typesupport_introspection_c__visibility_control.h
-- Up-to-date: /home/robotica/Proyecto_Final/install/proyecto_interfaces/lib/libproyecto_interfaces__rosidl_typesupport_introspection_c.so
-- Up-to-date: /home/robotica/Proyecto_Final/install/proyecto_interfaces/lib/libproyecto_interfaces__rosidl_typesupport_c.so
-- Up-to-date: /home/robotica/Proyecto_Final/install/proyecto_interfaces/include/proyecto_interfaces/proyecto_interfaces
-- Up-to-date: /home/robotica/Proyecto_Final/install/proyecto_interfaces/include/proyecto_interfaces/proyecto_interfaces/srv
-- Up-to-date: /home/robotica/Proyecto_Final/install/proyecto_interfaces/include/proyecto_interfaces/proyecto_interfaces/srv/detail
-- Up-to-date: /home/robotica/Proyecto_Final/install/proyecto_interfaces/include/proyecto_interfaces/proyecto_interfaces/srv/detail/start_perception_test__traits.hpp
-- Up-to-date: /home/robotica/Proyecto_Final/install/proyecto_interfaces/include/proyecto_interfaces/proyecto_interfaces/srv/detail/start_manipulation_test__struct.hpp
-- Up-to-date: /home/robotica/Proyecto_Final/install/proyecto_interfaces/include/proyecto_interfaces/proyecto_interfaces/srv/detail/start_navigation_test__builder.hpp
-- Up-to-date: /home/robotica/Proyecto_Final/install/proyecto_interfaces/include/proyecto_interfaces/proyecto_interfaces/srv/detail/start_navigation_test__traits.hpp
-- Up-to-date: /home/robotica/Proyecto_Final/install/proyecto_interfaces/include/proyecto_interfaces/proyecto_interfaces/srv/detail/start_perception_test__builder.hpp
-- Up-to-date: /home/robotica/Proyecto_Final/install/proyecto_interfaces/include/proyecto_interfaces/proyecto_interfaces/srv/detail/start_perception_test__struct.hpp
-- Up-to-date: /home/robotica/Proyecto_Final/install/proyecto_interfaces/include/proyecto_interfaces/proyecto_interfaces/srv/detail/start_navigation_test__struct.hpp
-- Up-to-date: /home/robotica/Proyecto_Final/install/proyecto_interfaces/include/proyecto_interfaces/proyecto_interfaces/srv/detail/start_manipulation_test__traits.hpp
-- Up-to-date: /home/robotica/Proyecto_Final/install/proyecto_interfaces/include/proyecto_interfaces/proyecto_interfaces/srv/detail/start_manipulation_test__builder.hpp
-- Up-to-date: /home/robotica/Proyecto_Final/install/proyecto_interfaces/include/proyecto_interfaces/proyecto_interfaces/srv/start_perception_test.hpp
-- Up-to-date: /home/robotica/Proyecto_Final/install/proyecto_interfaces/include/proyecto_interfaces/proyecto_interfaces/srv/start_manipulation_test.hpp
-- Up-to-date: /home/robotica/Proyecto_Final/install/proyecto_interfaces/include/proyecto_interfaces/proyecto_interfaces/srv/start_navigation_test.hpp
-- Up-to-date: /home/robotica/Proyecto_Final/install/proyecto_interfaces/include/proyecto_interfaces/proyecto_interfaces/msg
-- Up-to-date: /home/robotica/Proyecto_Final/install/proyecto_interfaces/include/proyecto_interfaces/proyecto_interfaces/msg/banner.hpp
-- Up-to-date: /home/robotica/Proyecto_Final/install/proyecto_interfaces/include/proyecto_interfaces/proyecto_interfaces/msg/detail
-- Up-to-date: /home/robotica/Proyecto_Final/install/proyecto_interfaces/include/proyecto_interfaces/proyecto_interfaces/msg/detail/banner__struct.hpp
-- Up-to-date: /home/robotica/Proyecto_Final/install/proyecto_interfaces/include/proyecto_interfaces/proyecto_interfaces/msg/detail/banner__traits.hpp
-- Up-to-date: /home/robotica/Proyecto_Final/install/proyecto_interfaces/include/proyecto_interfaces/proyecto_interfaces/msg/detail/banner__builder.hpp
-- Up-to-date: /home/robotica/Proyecto_Final/install/proyecto_interfaces/include/proyecto_interfaces/proyecto_interfaces
-- Up-to-date: /home/robotica/Proyecto_Final/install/proyecto_interfaces/include/proyecto_interfaces/proyecto_interfaces/srv
-- Up-to-date: /home/robotica/Proyecto_Final/install/proyecto_interfaces/include/proyecto_interfaces/proyecto_interfaces/srv/detail
-- Up-to-date: /home/robotica/Proyecto_Final/install/proyecto_interfaces/include/proyecto_interfaces/proyecto_interfaces/srv/detail/dds_fastrtps
-- Up-to-date: /home/robotica/Proyecto_Final/install/proyecto_interfaces/include/proyecto_interfaces/proyecto_interfaces/srv/detail/start_perception_test__rosidl_typesupport_fastrtps_cpp.hpp
-- Up-to-date: /home/robotica/Proyecto_Final/install/proyecto_interfaces/include/proyecto_interfaces/proyecto_interfaces/srv/detail/start_navigation_test__rosidl_typesupport_fastrtps_cpp.hpp
-- Up-to-date: /home/robotica/Proyecto_Final/install/proyecto_interfaces/include/proyecto_interfaces/proyecto_interfaces/srv/detail/start_manipulation_test__rosidl_typesupport_fastrtps_cpp.hpp
-- Up-to-date: /home/robotica/Proyecto_Final/install/proyecto_interfaces/include/proyecto_interfaces/proyecto_interfaces/msg
-- Up-to-date: /home/robotica/Proyecto_Final/install/proyecto_interfaces/include/proyecto_interfaces/proyecto_interfaces/msg/detail
-- Up-to-date: /home/robotica/Proyecto_Final/install/proyecto_interfaces/include/proyecto_interfaces/proyecto_interfaces/msg/detail/dds_fastrtps
-- Up-to-date: /home/robotica/Proyecto_Final/install/proyecto_interfaces/include/proyecto_interfaces/proyecto_interfaces/msg/detail/banner__rosidl_typesupport_fastrtps_cpp.hpp
-- Up-to-date: /home/robotica/Proyecto_Final/install/proyecto_interfaces/include/proyecto_interfaces/proyecto_interfaces/msg/rosidl_typesupport_fastrtps_cpp__visibility_control.h
-- Up-to-date: /home/robotica/Proyecto_Final/install/proyecto_interfaces/lib/libproyecto_interfaces__rosidl_typesupport_fastrtps_cpp.so
-- Up-to-date: /home/robotica/Proyecto_Final/install/proyecto_interfaces/include/proyecto_interfaces/proyecto_interfaces
-- Up-to-date: /home/robotica/Proyecto_Final/install/proyecto_interfaces/include/proyecto_interfaces/proyecto_interfaces/srv
-- Up-to-date: /home/robotica/Proyecto_Final/install/proyecto_interfaces/include/proyecto_interfaces/proyecto_interfaces/srv/detail
-- Up-to-date: /home/robotica/Proyecto_Final/install/proyecto_interfaces/include/proyecto_interfaces/proyecto_interfaces/srv/detail/start_manipulation_test__type_support.cpp
-- Up-to-date: /home/robotica/Proyecto_Final/install/proyecto_interfaces/include/proyecto_interfaces/proyecto_interfaces/srv/detail/start_navigation_test__type_support.cpp
-- Up-to-date: /home/robotica/Proyecto_Final/install/proyecto_interfaces/include/proyecto_interfaces/proyecto_interfaces/srv/detail/start_perception_test__rosidl_typesupport_introspection_cpp.hpp
-- Up-to-date: /home/robotica/Proyecto_Final/install/proyecto_interfaces/include/proyecto_interfaces/proyecto_interfaces/srv/detail/start_perception_test__type_support.cpp
-- Up-to-date: /home/robotica/Proyecto_Final/install/proyecto_interfaces/include/proyecto_interfaces/proyecto_interfaces/srv/detail/start_manipulation_test__rosidl_typesupport_introspection_cpp.hpp
-- Up-to-date: /home/robotica/Proyecto_Final/install/proyecto_interfaces/include/proyecto_interfaces/proyecto_interfaces/srv/detail/start_navigation_test__rosidl_typesupport_introspection_cpp.hpp
-- Up-to-date: /home/robotica/Proyecto_Final/install/proyecto_interfaces/include/proyecto_interfaces/proyecto_interfaces/msg
-- Up-to-date: /home/robotica/Proyecto_Final/install/proyecto_interfaces/include/proyecto_interfaces/proyecto_interfaces/msg/detail
-- Up-to-date: /home/robotica/Proyecto_Final/install/proyecto_interfaces/include/proyecto_interfaces/proyecto_interfaces/msg/detail/banner__rosidl_typesupport_introspection_cpp.hpp
-- Up-to-date: /home/robotica/Proyecto_Final/install/proyecto_interfaces/include/proyecto_interfaces/proyecto_interfaces/msg/detail/banner__type_support.cpp
-- Up-to-date: /home/robotica/Proyecto_Final/install/proyecto_interfaces/lib/libproyecto_interfaces__rosidl_typesupport_introspection_cpp.so
-- Up-to-date: /home/robotica/Proyecto_Final/install/proyecto_interfaces/lib/libproyecto_interfaces__rosidl_typesupport_cpp.so
-- Up-to-date: /home/robotica/Proyecto_Final/install/proyecto_interfaces/share/proyecto_interfaces/environment/pythonpath.sh
-- Installing: /home/robotica/Proyecto_Final/install/proyecto_interfaces/share/proyecto_interfaces/environment/pythonpath.dsv
-- Up-to-date: /home/robotica/Proyecto_Final/install/proyecto_interfaces/local/lib/python3.10/dist-packages/proyecto_interfaces-0.0.0-py3.10.egg-info
-- Installing: /home/robotica/Proyecto_Final/install/proyecto_interfaces/local/lib/python3.10/dist-packages/proyecto_interfaces-0.0.0-py3.10.egg-info/SOURCES.txt
-- Installing: /home/robotica/Proyecto_Final/install/proyecto_interfaces/local/lib/python3.10/dist-packages/proyecto_interfaces-0.0.0-py3.10.egg-info/PKG-INFO
-- Installing: /home/robotica/Proyecto_Final/install/proyecto_interfaces/local/lib/python3.10/dist-packages/proyecto_interfaces-0.0.0-py3.10.egg-info/dependency_links.txt
-- Installing: /home/robotica/Proyecto_Final/install/proyecto_interfaces/local/lib/python3.10/dist-packages/proyecto_interfaces-0.0.0-py3.10.egg-info/top_level.txt
-- Up-to-date: /home/robotica/Proyecto_Final/install/proyecto_interfaces/local/lib/python3.10/dist-packages/proyecto_interfaces
-- Up-to-date: /home/robotica/Proyecto_Final/install/proyecto_interfaces/local/lib/python3.10/dist-packages/proyecto_interfaces/proyecto_interfaces_s__rosidl_typesupport_fastrtps_c.cpython-310-aarch64-linux-gnu.so
-- Up-to-date: /home/robotica/Proyecto_Final/install/proyecto_interfaces/local/lib/python3.10/dist-packages/proyecto_interfaces/proyecto_interfaces_s__rosidl_typesupport_c.cpython-310-aarch64-linux-gnu.so
-- Installing: /home/robotica/Proyecto_Final/install/proyecto_interfaces/local/lib/python3.10/dist-packages/proyecto_interfaces/__init__.py
-- Up-to-date: /home/robotica/Proyecto_Final/install/proyecto_interfaces/local/lib/python3.10/dist-packages/proyecto_interfaces/_proyecto_interfaces_s.ep.rosidl_typesupport_fastrtps_c.c
-- Up-to-date: /home/robotica/Proyecto_Final/install/proyecto_interfaces/local/lib/python3.10/dist-packages/proyecto_interfaces/libproyecto_interfaces__rosidl_generator_py.so
-- Up-to-date: /home/robotica/Proyecto_Final/install/proyecto_interfaces/local/lib/python3.10/dist-packages/proyecto_interfaces/srv
-- Up-to-date: /home/robotica/Proyecto_Final/install/proyecto_interfaces/local/lib/python3.10/dist-packages/proyecto_interfaces/srv/_start_navigation_test.py
-- Up-to-date: /home/robotica/Proyecto_Final/install/proyecto_interfaces/local/lib/python3.10/dist-packages/proyecto_interfaces/srv/_start_perception_test_s.c
-- Up-to-date: /home/robotica/Proyecto_Final/install/proyecto_interfaces/local/lib/python3.10/dist-packages/proyecto_interfaces/srv/__init__.py
-- Up-to-date: /home/robotica/Proyecto_Final/install/proyecto_interfaces/local/lib/python3.10/dist-packages/proyecto_interfaces/srv/_start_manipulation_test_s.c
-- Up-to-date: /home/robotica/Proyecto_Final/install/proyecto_interfaces/local/lib/python3.10/dist-packages/proyecto_interfaces/srv/_start_perception_test.py
-- Up-to-date: /home/robotica/Proyecto_Final/install/proyecto_interfaces/local/lib/python3.10/dist-packages/proyecto_interfaces/srv/_start_manipulation_test.py
-- Up-to-date: /home/robotica/Proyecto_Final/install/proyecto_interfaces/local/lib/python3.10/dist-packages/proyecto_interfaces/srv/_start_navigation_test_s.c
-- Up-to-date: /home/robotica/Proyecto_Final/install/proyecto_interfaces/local/lib/python3.10/dist-packages/proyecto_interfaces/_proyecto_interfaces_s.ep.rosidl_typesupport_introspection_c.c
-- Up-to-date: /home/robotica/Proyecto_Final/install/proyecto_interfaces/local/lib/python3.10/dist-packages/proyecto_interfaces/msg
-- Up-to-date: /home/robotica/Proyecto_Final/install/proyecto_interfaces/local/lib/python3.10/dist-packages/proyecto_interfaces/msg/_banner_s.c
-- Up-to-date: /home/robotica/Proyecto_Final/install/proyecto_interfaces/local/lib/python3.10/dist-packages/proyecto_interfaces/msg/_banner.py
-- Up-to-date: /home/robotica/Proyecto_Final/install/proyecto_interfaces/local/lib/python3.10/dist-packages/proyecto_interfaces/msg/__init__.py
-- Up-to-date: /home/robotica/Proyecto_Final/install/proyecto_interfaces/local/lib/python3.10/dist-packages/proyecto_interfaces/proyecto_interfaces_s__rosidl_typesupport_introspection_c.cpython-310-aarch64-linux-gnu.so
-- Up-to-date: /home/robotica/Proyecto_Final/install/proyecto_interfaces/local/lib/python3.10/dist-packages/proyecto_interfaces/_proyecto_interfaces_s.ep.rosidl_typesupport_c.c
Listing '/home/robotica/Proyecto_Final/install/proyecto_interfaces/local/lib/python3.10/dist-packages/proyecto_interfaces'...
Compiling '/home/robotica/Proyecto_Final/install/proyecto_interfaces/local/lib/python3.10/dist-packages/proyecto_interfaces/__init__.py'...
Listing '/home/robotica/Proyecto_Final/install/proyecto_interfaces/local/lib/python3.10/dist-packages/proyecto_interfaces/msg'...
Listing '/home/robotica/Proyecto_Final/install/proyecto_interfaces/local/lib/python3.10/dist-packages/proyecto_interfaces/srv'...
-- Up-to-date: /home/robotica/Proyecto_Final/install/proyecto_interfaces/local/lib/python3.10/dist-packages/proyecto_interfaces/proyecto_interfaces_s__rosidl_typesupport_fastrtps_c.cpython-310-aarch64-linux-gnu.so
-- Up-to-date: /home/robotica/Proyecto_Final/install/proyecto_interfaces/local/lib/python3.10/dist-packages/proyecto_interfaces/proyecto_interfaces_s__rosidl_typesupport_introspection_c.cpython-310-aarch64-linux-gnu.so
-- Up-to-date: /home/robotica/Proyecto_Final/install/proyecto_interfaces/local/lib/python3.10/dist-packages/proyecto_interfaces/proyecto_interfaces_s__rosidl_typesupport_c.cpython-310-aarch64-linux-gnu.so
-- Up-to-date: /home/robotica/Proyecto_Final/install/proyecto_interfaces/lib/libproyecto_interfaces__rosidl_generator_py.so
-- Up-to-date: /home/robotica/Proyecto_Final/install/proyecto_interfaces/share/proyecto_interfaces/msg/Banner.idl
-- Up-to-date: /home/robotica/Proyecto_Final/install/proyecto_interfaces/share/proyecto_interfaces/srv/StartNavigationTest.idl
-- Up-to-date: /home/robotica/Proyecto_Final/install/proyecto_interfaces/share/proyecto_interfaces/srv/StartPerceptionTest.idl
-- Up-to-date: /home/robotica/Proyecto_Final/install/proyecto_interfaces/share/proyecto_interfaces/srv/StartManipulationTest.idl
-- Up-to-date: /home/robotica/Proyecto_Final/install/proyecto_interfaces/share/proyecto_interfaces/msg/Banner.msg
-- Up-to-date: /home/robotica/Proyecto_Final/install/proyecto_interfaces/share/proyecto_interfaces/srv/StartNavigationTest.srv
-- Up-to-date: /home/robotica/Proyecto_Final/install/proyecto_interfaces/share/proyecto_interfaces/srv/StartNavigationTest_Request.msg
-- Up-to-date: /home/robotica/Proyecto_Final/install/proyecto_interfaces/share/proyecto_interfaces/srv/StartNavigationTest_Response.msg
-- Up-to-date: /home/robotica/Proyecto_Final/install/proyecto_interfaces/share/proyecto_interfaces/srv/StartPerceptionTest.srv
-- Up-to-date: /home/robotica/Proyecto_Final/install/proyecto_interfaces/share/proyecto_interfaces/srv/StartPerceptionTest_Request.msg
-- Up-to-date: /home/robotica/Proyecto_Final/install/proyecto_interfaces/share/proyecto_interfaces/srv/StartPerceptionTest_Response.msg
-- Up-to-date: /home/robotica/Proyecto_Final/install/proyecto_interfaces/share/proyecto_interfaces/srv/StartManipulationTest.srv
-- Up-to-date: /home/robotica/Proyecto_Final/install/proyecto_interfaces/share/proyecto_interfaces/srv/StartManipulationTest_Request.msg
-- Up-to-date: /home/robotica/Proyecto_Final/install/proyecto_interfaces/share/proyecto_interfaces/srv/StartManipulationTest_Response.msg
-- Up-to-date: /home/robotica/Proyecto_Final/install/proyecto_interfaces/share/ament_index/resource_index/package_run_dependencies/proyecto_interfaces
-- Up-to-date: /home/robotica/Proyecto_Final/install/proyecto_interfaces/share/ament_index/resource_index/parent_prefix_path/proyecto_interfaces
-- Up-to-date: /home/robotica/Proyecto_Final/install/proyecto_interfaces/share/proyecto_interfaces/environment/ament_prefix_path.sh
-- Installing: /home/robotica/Proyecto_Final/install/proyecto_interfaces/share/proyecto_interfaces/environment/ament_prefix_path.dsv
-- Up-to-date: /home/robotica/Proyecto_Final/install/proyecto_interfaces/share/proyecto_interfaces/environment/path.sh
-- Installing: /home/robotica/Proyecto_Final/install/proyecto_interfaces/share/proyecto_interfaces/environment/path.dsv
-- Up-to-date: /home/robotica/Proyecto_Final/install/proyecto_interfaces/share/proyecto_interfaces/local_setup.bash
-- Up-to-date: /home/robotica/Proyecto_Final/install/proyecto_interfaces/share/proyecto_interfaces/local_setup.sh
-- Up-to-date: /home/robotica/Proyecto_Final/install/proyecto_interfaces/share/proyecto_interfaces/local_setup.zsh
-- Installing: /home/robotica/Proyecto_Final/install/proyecto_interfaces/share/proyecto_interfaces/local_setup.dsv
-- Installing: /home/robotica/Proyecto_Final/install/proyecto_interfaces/share/proyecto_interfaces/package.dsv
-- Up-to-date: /home/robotica/Proyecto_Final/install/proyecto_interfaces/share/ament_index/resource_index/packages/proyecto_interfaces
-- Up-to-date: /home/robotica/Proyecto_Final/install/proyecto_interfaces/share/proyecto_interfaces/cmake/export_proyecto_interfaces__rosidl_generator_cExport.cmake
-- Up-to-date: /home/robotica/Proyecto_Final/install/proyecto_interfaces/share/proyecto_interfaces/cmake/export_proyecto_interfaces__rosidl_generator_cExport-noconfig.cmake
-- Up-to-date: /home/robotica/Proyecto_Final/install/proyecto_interfaces/share/proyecto_interfaces/cmake/export_proyecto_interfaces__rosidl_typesupport_fastrtps_cExport.cmake
-- Up-to-date: /home/robotica/Proyecto_Final/install/proyecto_interfaces/share/proyecto_interfaces/cmake/export_proyecto_interfaces__rosidl_typesupport_fastrtps_cExport-noconfig.cmake
-- Up-to-date: /home/robotica/Proyecto_Final/install/proyecto_interfaces/share/proyecto_interfaces/cmake/proyecto_interfaces__rosidl_typesupport_introspection_cExport.cmake
-- Up-to-date: /home/robotica/Proyecto_Final/install/proyecto_interfaces/share/proyecto_interfaces/cmake/proyecto_interfaces__rosidl_typesupport_introspection_cExport-noconfig.cmake
-- Up-to-date: /home/robotica/Proyecto_Final/install/proyecto_interfaces/share/proyecto_interfaces/cmake/proyecto_interfaces__rosidl_typesupport_cExport.cmake
-- Up-to-date: /home/robotica/Proyecto_Final/install/proyecto_interfaces/share/proyecto_interfaces/cmake/proyecto_interfaces__rosidl_typesupport_cExport-noconfig.cmake
-- Up-to-date: /home/robotica/Proyecto_Final/install/proyecto_interfaces/share/proyecto_interfaces/cmake/export_proyecto_interfaces__rosidl_generator_cppExport.cmake
-- Up-to-date: /home/robotica/Proyecto_Final/install/proyecto_interfaces/share/proyecto_interfaces/cmake/export_proyecto_interfaces__rosidl_typesupport_fastrtps_cppExport.cmake
-- Up-to-date: /home/robotica/Proyecto_Final/install/proyecto_interfaces/share/proyecto_interfaces/cmake/export_proyecto_interfaces__rosidl_typesupport_fastrtps_cppExport-noconfig.cmake
-- Up-to-date: /home/robotica/Proyecto_Final/install/proyecto_interfaces/share/proyecto_interfaces/cmake/proyecto_interfaces__rosidl_typesupport_introspection_cppExport.cmake
-- Up-to-date: /home/robotica/Proyecto_Final/install/proyecto_interfaces/share/proyecto_interfaces/cmake/proyecto_interfaces__rosidl_typesupport_introspection_cppExport-noconfig.cmake
-- Up-to-date: /home/robotica/Proyecto_Final/install/proyecto_interfaces/share/proyecto_interfaces/cmake/proyecto_interfaces__rosidl_typesupport_cppExport.cmake
-- Up-to-date: /home/robotica/Proyecto_Final/install/proyecto_interfaces/share/proyecto_interfaces/cmake/proyecto_interfaces__rosidl_typesupport_cppExport-noconfig.cmake
-- Up-to-date: /home/robotica/Proyecto_Final/install/proyecto_interfaces/share/proyecto_interfaces/cmake/export_proyecto_interfaces__rosidl_generator_pyExport.cmake
-- Up-to-date: /home/robotica/Proyecto_Final/install/proyecto_interfaces/share/proyecto_interfaces/cmake/export_proyecto_interfaces__rosidl_generator_pyExport-noconfig.cmake
-- Up-to-date: /home/robotica/Proyecto_Final/install/proyecto_interfaces/share/proyecto_interfaces/cmake/rosidl_cmake-extras.cmake
-- Up-to-date: /home/robotica/Proyecto_Final/install/proyecto_interfaces/share/proyecto_interfaces/cmake/ament_cmake_export_include_directories-extras.cmake
-- Up-to-date: /home/robotica/Proyecto_Final/install/proyecto_interfaces/share/proyecto_interfaces/cmake/ament_cmake_export_libraries-extras.cmake
-- Up-to-date: /home/robotica/Proyecto_Final/install/proyecto_interfaces/share/proyecto_interfaces/cmake/ament_cmake_export_targets-extras.cmake
-- Up-to-date: /home/robotica/Proyecto_Final/install/proyecto_interfaces/share/proyecto_interfaces/cmake/rosidl_cmake_export_typesupport_targets-extras.cmake
-- Up-to-date: /home/robotica/Proyecto_Final/install/proyecto_interfaces/share/proyecto_interfaces/cmake/ament_cmake_export_dependencies-extras.cmake
-- Up-to-date: /home/robotica/Proyecto_Final/install/proyecto_interfaces/share/proyecto_interfaces/cmake/rosidl_cmake_export_typesupport_libraries-extras.cmake
-- Up-to-date: /home/robotica/Proyecto_Final/install/proyecto_interfaces/share/proyecto_interfaces/cmake/proyecto_interfacesConfig.cmake
-- Up-to-date: /home/robotica/Proyecto_Final/install/proyecto_interfaces/share/proyecto_interfaces/cmake/proyecto_interfacesConfig-version.cmake
-- Up-to-date: /home/robotica/Proyecto_Final/install/proyecto_interfaces/share/proyecto_interfaces/package.xml
