[3.056s] DEBUG:colcon:Command line arguments: ['/usr/bin/colcon', 'build']
[3.056s] DEBUG:colcon:Parsed command line arguments: Namespace(log_base=None, log_level=None, verb_name='build', build_base='build', install_base='install', merge_install=False, symlink_install=False, test_result_base=None, continue_on_error=False, executor='parallel', parallel_workers=4, event_handlers=None, ignore_user_meta=False, metas=['./colcon.meta'], base_paths=['.'], packages_ignore=None, packages_ignore_regex=None, paths=None, packages_up_to=None, packages_up_to_regex=None, packages_above=None, packages_above_and_dependencies=None, packages_above_depth=None, packages_select_by_dep=None, packages_skip_by_dep=None, packages_skip_up_to=None, packages_select_build_failed=False, packages_skip_build_finished=False, packages_select_test_failures=False, packages_skip_test_passed=False, packages_select=None, packages_skip=None, packages_select_regex=None, packages_skip_regex=None, packages_start=None, packages_end=None, allow_overriding=[], cmake_args=None, cmake_target=None, cmake_target_skip_unavailable=False, cmake_clean_cache=False, cmake_clean_first=False, cmake_force_configure=False, ament_cmake_args=None, catkin_cmake_args=None, catkin_skip_building_tests=False, verb_parser=<colcon_defaults.argument_parser.defaults.DefaultArgumentsDecorator object at 0xffff9b7ac070>, verb_extension=<colcon_core.verb.build.BuildVerb object at 0xffff9c02fbb0>, main=<bound method BuildVerb.main of <colcon_core.verb.build.BuildVerb object at 0xffff9c02fbb0>>)
[3.331s] Level 1:colcon.colcon_core.package_discovery:discover_packages(colcon_meta) check parameters
[3.332s] Level 1:colcon.colcon_core.package_discovery:discover_packages(recursive) check parameters
[3.332s] Level 1:colcon.colcon_core.package_discovery:discover_packages(ignore) check parameters
[3.332s] Level 1:colcon.colcon_core.package_discovery:discover_packages(path) check parameters
[3.332s] Level 1:colcon.colcon_core.package_discovery:discover_packages(colcon_meta) discover
[3.333s] Level 1:colcon.colcon_core.package_discovery:discover_packages(recursive) discover
[3.333s] INFO:colcon.colcon_core.package_discovery:Crawling recursively for packages in '/home/robotica/Proyecto_Final1'
[3.333s] Level 1:colcon.colcon_core.package_identification:_identify(.) by extensions ['ignore', 'ignore_ament_install']
[3.334s] Level 1:colcon.colcon_core.package_identification:_identify(.) by extension 'ignore'
[3.334s] Level 1:colcon.colcon_core.package_identification:_identify(.) by extension 'ignore_ament_install'
[3.335s] Level 1:colcon.colcon_core.package_identification:_identify(.) by extensions ['colcon_pkg']
[3.335s] Level 1:colcon.colcon_core.package_identification:_identify(.) by extension 'colcon_pkg'
[3.335s] Level 1:colcon.colcon_core.package_identification:_identify(.) by extensions ['colcon_meta']
[3.335s] Level 1:colcon.colcon_core.package_identification:_identify(.) by extension 'colcon_meta'
[3.336s] Level 1:colcon.colcon_core.package_identification:_identify(.) by extensions ['ros']
[3.336s] Level 1:colcon.colcon_core.package_identification:_identify(.) by extension 'ros'
[3.423s] Level 1:colcon.colcon_core.package_identification:_identify(.) by extensions ['cmake', 'python']
[3.423s] Level 1:colcon.colcon_core.package_identification:_identify(.) by extension 'cmake'
[3.423s] Level 1:colcon.colcon_core.package_identification:_identify(.) by extension 'python'
[3.424s] Level 1:colcon.colcon_core.package_identification:_identify(.) by extensions ['python_setup_py']
[3.424s] Level 1:colcon.colcon_core.package_identification:_identify(.) by extension 'python_setup_py'
[3.424s] Level 1:colcon.colcon_core.package_identification:_identify(build) by extensions ['ignore', 'ignore_ament_install']
[3.425s] Level 1:colcon.colcon_core.package_identification:_identify(build) by extension 'ignore'
[3.425s] Level 1:colcon.colcon_core.package_identification:_identify(build) ignored
[3.426s] Level 1:colcon.colcon_core.package_identification:_identify(install) by extensions ['ignore', 'ignore_ament_install']
[3.426s] Level 1:colcon.colcon_core.package_identification:_identify(install) by extension 'ignore'
[3.427s] Level 1:colcon.colcon_core.package_identification:_identify(install) ignored
[3.427s] Level 1:colcon.colcon_core.package_identification:_identify(log) by extensions ['ignore', 'ignore_ament_install']
[3.428s] Level 1:colcon.colcon_core.package_identification:_identify(log) by extension 'ignore'
[3.428s] Level 1:colcon.colcon_core.package_identification:_identify(log) ignored
[3.428s] Level 1:colcon.colcon_core.package_identification:_identify(src) by extensions ['ignore', 'ignore_ament_install']
[3.429s] Level 1:colcon.colcon_core.package_identification:_identify(src) by extension 'ignore'
[3.429s] Level 1:colcon.colcon_core.package_identification:_identify(src) by extension 'ignore_ament_install'
[3.429s] Level 1:colcon.colcon_core.package_identification:_identify(src) by extensions ['colcon_pkg']
[3.429s] Level 1:colcon.colcon_core.package_identification:_identify(src) by extension 'colcon_pkg'
[3.429s] Level 1:colcon.colcon_core.package_identification:_identify(src) by extensions ['colcon_meta']
[3.430s] Level 1:colcon.colcon_core.package_identification:_identify(src) by extension 'colcon_meta'
[3.430s] Level 1:colcon.colcon_core.package_identification:_identify(src) by extensions ['ros']
[3.430s] Level 1:colcon.colcon_core.package_identification:_identify(src) by extension 'ros'
[3.431s] Level 1:colcon.colcon_core.package_identification:_identify(src) by extensions ['cmake', 'python']
[3.431s] Level 1:colcon.colcon_core.package_identification:_identify(src) by extension 'cmake'
[3.431s] Level 1:colcon.colcon_core.package_identification:_identify(src) by extension 'python'
[3.431s] Level 1:colcon.colcon_core.package_identification:_identify(src) by extensions ['python_setup_py']
[3.431s] Level 1:colcon.colcon_core.package_identification:_identify(src) by extension 'python_setup_py'
[3.432s] Level 1:colcon.colcon_core.package_identification:_identify(src/manipulador) by extensions ['ignore', 'ignore_ament_install']
[3.432s] Level 1:colcon.colcon_core.package_identification:_identify(src/manipulador) by extension 'ignore'
[3.432s] Level 1:colcon.colcon_core.package_identification:_identify(src/manipulador) by extension 'ignore_ament_install'
[3.433s] Level 1:colcon.colcon_core.package_identification:_identify(src/manipulador) by extensions ['colcon_pkg']
[3.433s] Level 1:colcon.colcon_core.package_identification:_identify(src/manipulador) by extension 'colcon_pkg'
[3.433s] Level 1:colcon.colcon_core.package_identification:_identify(src/manipulador) by extensions ['colcon_meta']
[3.433s] Level 1:colcon.colcon_core.package_identification:_identify(src/manipulador) by extension 'colcon_meta'
[3.433s] Level 1:colcon.colcon_core.package_identification:_identify(src/manipulador) by extensions ['ros']
[3.434s] Level 1:colcon.colcon_core.package_identification:_identify(src/manipulador) by extension 'ros'
[3.447s] DEBUG:colcon.colcon_core.package_identification:Package 'src/manipulador' with type 'ros.ament_python' and name 'manipulador'
[3.448s] Level 1:colcon.colcon_core.package_identification:_identify(src/navegacion) by extensions ['ignore', 'ignore_ament_install']
[3.448s] Level 1:colcon.colcon_core.package_identification:_identify(src/navegacion) by extension 'ignore'
[3.448s] Level 1:colcon.colcon_core.package_identification:_identify(src/navegacion) by extension 'ignore_ament_install'
[3.449s] Level 1:colcon.colcon_core.package_identification:_identify(src/navegacion) by extensions ['colcon_pkg']
[3.449s] Level 1:colcon.colcon_core.package_identification:_identify(src/navegacion) by extension 'colcon_pkg'
[3.449s] Level 1:colcon.colcon_core.package_identification:_identify(src/navegacion) by extensions ['colcon_meta']
[3.449s] Level 1:colcon.colcon_core.package_identification:_identify(src/navegacion) by extension 'colcon_meta'
[3.450s] Level 1:colcon.colcon_core.package_identification:_identify(src/navegacion) by extensions ['ros']
[3.450s] Level 1:colcon.colcon_core.package_identification:_identify(src/navegacion) by extension 'ros'
[3.453s] DEBUG:colcon.colcon_core.package_identification:Package 'src/navegacion' with type 'ros.ament_python' and name 'navegacion'
[3.454s] Level 1:colcon.colcon_core.package_identification:_identify(src/percepcion) by extensions ['ignore', 'ignore_ament_install']
[3.454s] Level 1:colcon.colcon_core.package_identification:_identify(src/percepcion) by extension 'ignore'
[3.455s] Level 1:colcon.colcon_core.package_identification:_identify(src/percepcion) by extension 'ignore_ament_install'
[3.455s] Level 1:colcon.colcon_core.package_identification:_identify(src/percepcion) by extensions ['colcon_pkg']
[3.455s] Level 1:colcon.colcon_core.package_identification:_identify(src/percepcion) by extension 'colcon_pkg'
[3.455s] Level 1:colcon.colcon_core.package_identification:_identify(src/percepcion) by extensions ['colcon_meta']
[3.456s] Level 1:colcon.colcon_core.package_identification:_identify(src/percepcion) by extension 'colcon_meta'
[3.456s] Level 1:colcon.colcon_core.package_identification:_identify(src/percepcion) by extensions ['ros']
[3.456s] Level 1:colcon.colcon_core.package_identification:_identify(src/percepcion) by extension 'ros'
[3.458s] DEBUG:colcon.colcon_core.package_identification:Package 'src/percepcion' with type 'ros.ament_python' and name 'percepcion'
[3.459s] Level 1:colcon.colcon_core.package_identification:_identify(src/proyecto_interfaces) by extensions ['ignore', 'ignore_ament_install']
[3.459s] Level 1:colcon.colcon_core.package_identification:_identify(src/proyecto_interfaces) by extension 'ignore'
[3.459s] Level 1:colcon.colcon_core.package_identification:_identify(src/proyecto_interfaces) by extension 'ignore_ament_install'
[3.460s] Level 1:colcon.colcon_core.package_identification:_identify(src/proyecto_interfaces) by extensions ['colcon_pkg']
[3.460s] Level 1:colcon.colcon_core.package_identification:_identify(src/proyecto_interfaces) by extension 'colcon_pkg'
[3.460s] Level 1:colcon.colcon_core.package_identification:_identify(src/proyecto_interfaces) by extensions ['colcon_meta']
[3.460s] Level 1:colcon.colcon_core.package_identification:_identify(src/proyecto_interfaces) by extension 'colcon_meta'
[3.460s] Level 1:colcon.colcon_core.package_identification:_identify(src/proyecto_interfaces) by extensions ['ros']
[3.461s] Level 1:colcon.colcon_core.package_identification:_identify(src/proyecto_interfaces) by extension 'ros'
[3.463s] DEBUG:colcon.colcon_core.package_identification:Package 'src/proyecto_interfaces' with type 'ros.ament_cmake' and name 'proyecto_interfaces'
[3.463s] Level 1:colcon.colcon_core.package_discovery:discover_packages(recursive) using defaults
[3.463s] Level 1:colcon.colcon_core.package_discovery:discover_packages(ignore) discover
[3.464s] Level 1:colcon.colcon_core.package_discovery:discover_packages(ignore) using defaults
[3.464s] Level 1:colcon.colcon_core.package_discovery:discover_packages(path) discover
[3.464s] Level 1:colcon.colcon_core.package_discovery:discover_packages(path) using defaults
[3.651s] Level 1:colcon.colcon_core.package_discovery:discover_packages(prefix_path) check parameters
[3.651s] Level 1:colcon.colcon_core.package_discovery:discover_packages(prefix_path) discover
[3.674s] DEBUG:colcon.colcon_installed_package_information.package_discovery:Found 1 installed packages in /home/robotica/Taller_3/ros2_taller3/install
[3.688s] DEBUG:colcon.colcon_installed_package_information.package_discovery:Found 270 installed packages in /opt/ros/humble
[3.695s] Level 1:colcon.colcon_core.package_discovery:discover_packages(prefix_path) using defaults
[4.028s] Level 5:colcon.colcon_core.verb:set package 'manipulador' build argument 'cmake_args' from command line to 'None'
[4.028s] Level 5:colcon.colcon_core.verb:set package 'manipulador' build argument 'cmake_target' from command line to 'None'
[4.028s] Level 5:colcon.colcon_core.verb:set package 'manipulador' build argument 'cmake_target_skip_unavailable' from command line to 'False'
[4.028s] Level 5:colcon.colcon_core.verb:set package 'manipulador' build argument 'cmake_clean_cache' from command line to 'False'
[4.029s] Level 5:colcon.colcon_core.verb:set package 'manipulador' build argument 'cmake_clean_first' from command line to 'False'
[4.029s] Level 5:colcon.colcon_core.verb:set package 'manipulador' build argument 'cmake_force_configure' from command line to 'False'
[4.029s] Level 5:colcon.colcon_core.verb:set package 'manipulador' build argument 'ament_cmake_args' from command line to 'None'
[4.029s] Level 5:colcon.colcon_core.verb:set package 'manipulador' build argument 'catkin_cmake_args' from command line to 'None'
[4.029s] Level 5:colcon.colcon_core.verb:set package 'manipulador' build argument 'catkin_skip_building_tests' from command line to 'False'
[4.029s] DEBUG:colcon.colcon_core.verb:Building package 'manipulador' with the following arguments: {'ament_cmake_args': None, 'build_base': '/home/robotica/Proyecto_Final1/build/manipulador', 'catkin_cmake_args': None, 'catkin_skip_building_tests': False, 'cmake_args': None, 'cmake_clean_cache': False, 'cmake_clean_first': False, 'cmake_force_configure': False, 'cmake_target': None, 'cmake_target_skip_unavailable': False, 'install_base': '/home/robotica/Proyecto_Final1/install/manipulador', 'merge_install': False, 'path': '/home/robotica/Proyecto_Final1/src/manipulador', 'symlink_install': False, 'test_result_base': None}
[4.034s] Level 5:colcon.colcon_core.verb:set package 'navegacion' build argument 'cmake_args' from command line to 'None'
[4.034s] Level 5:colcon.colcon_core.verb:set package 'navegacion' build argument 'cmake_target' from command line to 'None'
[4.035s] Level 5:colcon.colcon_core.verb:set package 'navegacion' build argument 'cmake_target_skip_unavailable' from command line to 'False'
[4.035s] Level 5:colcon.colcon_core.verb:set package 'navegacion' build argument 'cmake_clean_cache' from command line to 'False'
[4.035s] Level 5:colcon.colcon_core.verb:set package 'navegacion' build argument 'cmake_clean_first' from command line to 'False'
[4.035s] Level 5:colcon.colcon_core.verb:set package 'navegacion' build argument 'cmake_force_configure' from command line to 'False'
[4.035s] Level 5:colcon.colcon_core.verb:set package 'navegacion' build argument 'ament_cmake_args' from command line to 'None'
[4.035s] Level 5:colcon.colcon_core.verb:set package 'navegacion' build argument 'catkin_cmake_args' from command line to 'None'
[4.035s] Level 5:colcon.colcon_core.verb:set package 'navegacion' build argument 'catkin_skip_building_tests' from command line to 'False'
[4.035s] DEBUG:colcon.colcon_core.verb:Building package 'navegacion' with the following arguments: {'ament_cmake_args': None, 'build_base': '/home/robotica/Proyecto_Final1/build/navegacion', 'catkin_cmake_args': None, 'catkin_skip_building_tests': False, 'cmake_args': None, 'cmake_clean_cache': False, 'cmake_clean_first': False, 'cmake_force_configure': False, 'cmake_target': None, 'cmake_target_skip_unavailable': False, 'install_base': '/home/robotica/Proyecto_Final1/install/navegacion', 'merge_install': False, 'path': '/home/robotica/Proyecto_Final1/src/navegacion', 'symlink_install': False, 'test_result_base': None}
[4.040s] Level 5:colcon.colcon_core.verb:set package 'percepcion' build argument 'cmake_args' from command line to 'None'
[4.041s] Level 5:colcon.colcon_core.verb:set package 'percepcion' build argument 'cmake_target' from command line to 'None'
[4.041s] Level 5:colcon.colcon_core.verb:set package 'percepcion' build argument 'cmake_target_skip_unavailable' from command line to 'False'
[4.041s] Level 5:colcon.colcon_core.verb:set package 'percepcion' build argument 'cmake_clean_cache' from command line to 'False'
[4.041s] Level 5:colcon.colcon_core.verb:set package 'percepcion' build argument 'cmake_clean_first' from command line to 'False'
[4.041s] Level 5:colcon.colcon_core.verb:set package 'percepcion' build argument 'cmake_force_configure' from command line to 'False'
[4.041s] Level 5:colcon.colcon_core.verb:set package 'percepcion' build argument 'ament_cmake_args' from command line to 'None'
[4.041s] Level 5:colcon.colcon_core.verb:set package 'percepcion' build argument 'catkin_cmake_args' from command line to 'None'
[4.041s] Level 5:colcon.colcon_core.verb:set package 'percepcion' build argument 'catkin_skip_building_tests' from command line to 'False'
[4.042s] DEBUG:colcon.colcon_core.verb:Building package 'percepcion' with the following arguments: {'ament_cmake_args': None, 'build_base': '/home/robotica/Proyecto_Final1/build/percepcion', 'catkin_cmake_args': None, 'catkin_skip_building_tests': False, 'cmake_args': None, 'cmake_clean_cache': False, 'cmake_clean_first': False, 'cmake_force_configure': False, 'cmake_target': None, 'cmake_target_skip_unavailable': False, 'install_base': '/home/robotica/Proyecto_Final1/install/percepcion', 'merge_install': False, 'path': '/home/robotica/Proyecto_Final1/src/percepcion', 'symlink_install': False, 'test_result_base': None}
[4.046s] Level 5:colcon.colcon_core.verb:set package 'proyecto_interfaces' build argument 'cmake_args' from command line to 'None'
[4.047s] Level 5:colcon.colcon_core.verb:set package 'proyecto_interfaces' build argument 'cmake_target' from command line to 'None'
[4.047s] Level 5:colcon.colcon_core.verb:set package 'proyecto_interfaces' build argument 'cmake_target_skip_unavailable' from command line to 'False'
[4.047s] Level 5:colcon.colcon_core.verb:set package 'proyecto_interfaces' build argument 'cmake_clean_cache' from command line to 'False'
[4.047s] Level 5:colcon.colcon_core.verb:set package 'proyecto_interfaces' build argument 'cmake_clean_first' from command line to 'False'
[4.047s] Level 5:colcon.colcon_core.verb:set package 'proyecto_interfaces' build argument 'cmake_force_configure' from command line to 'False'
[4.047s] Level 5:colcon.colcon_core.verb:set package 'proyecto_interfaces' build argument 'ament_cmake_args' from command line to 'None'
[4.047s] Level 5:colcon.colcon_core.verb:set package 'proyecto_interfaces' build argument 'catkin_cmake_args' from command line to 'None'
[4.047s] Level 5:colcon.colcon_core.verb:set package 'proyecto_interfaces' build argument 'catkin_skip_building_tests' from command line to 'False'
[4.048s] DEBUG:colcon.colcon_core.verb:Building package 'proyecto_interfaces' with the following arguments: {'ament_cmake_args': None, 'build_base': '/home/robotica/Proyecto_Final1/build/proyecto_interfaces', 'catkin_cmake_args': None, 'catkin_skip_building_tests': False, 'cmake_args': None, 'cmake_clean_cache': False, 'cmake_clean_first': False, 'cmake_force_configure': False, 'cmake_target': None, 'cmake_target_skip_unavailable': False, 'install_base': '/home/robotica/Proyecto_Final1/install/proyecto_interfaces', 'merge_install': False, 'path': '/home/robotica/Proyecto_Final1/src/proyecto_interfaces', 'symlink_install': False, 'test_result_base': None}
[4.051s] INFO:colcon.colcon_core.executor:Executing jobs using 'parallel' executor
[4.065s] DEBUG:colcon.colcon_parallel_executor.executor.parallel:run_until_complete
[4.066s] INFO:colcon.colcon_ros.task.ament_python.build:Building ROS package in '/home/robotica/Proyecto_Final1/src/manipulador' with build type 'ament_python'
[4.067s] Level 1:colcon.colcon_core.shell:create_environment_hook('manipulador', 'ament_prefix_path')
[4.105s] INFO:colcon.colcon_core.plugin_system:Skipping extension 'colcon_core.shell.bat': Not used on non-Windows systems
[4.106s] INFO:colcon.colcon_core.shell:Creating environment hook '/home/robotica/Proyecto_Final1/install/manipulador/share/manipulador/hook/ament_prefix_path.ps1'
[4.111s] INFO:colcon.colcon_core.shell:Creating environment descriptor '/home/robotica/Proyecto_Final1/install/manipulador/share/manipulador/hook/ament_prefix_path.dsv'
[4.117s] INFO:colcon.colcon_core.shell:Creating environment hook '/home/robotica/Proyecto_Final1/install/manipulador/share/manipulador/hook/ament_prefix_path.sh'
[4.130s] INFO:colcon.colcon_core.shell:Skip shell extension 'powershell' for command environment: Not usable outside of PowerShell
[4.130s] DEBUG:colcon.colcon_core.shell:Skip shell extension 'dsv' for command environment
[4.158s] INFO:colcon.colcon_ros.task.ament_python.build:Building ROS package in '/home/robotica/Proyecto_Final1/src/navegacion' with build type 'ament_python'
[4.158s] Level 1:colcon.colcon_core.shell:create_environment_hook('navegacion', 'ament_prefix_path')
[4.167s] INFO:colcon.colcon_core.shell:Creating environment hook '/home/robotica/Proyecto_Final1/install/navegacion/share/navegacion/hook/ament_prefix_path.ps1'
[4.170s] INFO:colcon.colcon_core.shell:Creating environment descriptor '/home/robotica/Proyecto_Final1/install/navegacion/share/navegacion/hook/ament_prefix_path.dsv'
[4.173s] INFO:colcon.colcon_core.shell:Creating environment hook '/home/robotica/Proyecto_Final1/install/navegacion/share/navegacion/hook/ament_prefix_path.sh'
[4.182s] INFO:colcon.colcon_core.shell:Skip shell extension 'powershell' for command environment: Not usable outside of PowerShell
[4.183s] DEBUG:colcon.colcon_core.shell:Skip shell extension 'dsv' for command environment
[4.207s] INFO:colcon.colcon_ros.task.ament_python.build:Building ROS package in '/home/robotica/Proyecto_Final1/src/percepcion' with build type 'ament_python'
[4.208s] Level 1:colcon.colcon_core.shell:create_environment_hook('percepcion', 'ament_prefix_path')
[4.218s] INFO:colcon.colcon_core.shell:Creating environment hook '/home/robotica/Proyecto_Final1/install/percepcion/share/percepcion/hook/ament_prefix_path.ps1'
[4.221s] INFO:colcon.colcon_core.shell:Creating environment descriptor '/home/robotica/Proyecto_Final1/install/percepcion/share/percepcion/hook/ament_prefix_path.dsv'
[4.223s] INFO:colcon.colcon_core.shell:Creating environment hook '/home/robotica/Proyecto_Final1/install/percepcion/share/percepcion/hook/ament_prefix_path.sh'
[4.231s] INFO:colcon.colcon_core.shell:Skip shell extension 'powershell' for command environment: Not usable outside of PowerShell
[4.232s] DEBUG:colcon.colcon_core.shell:Skip shell extension 'dsv' for command environment
[4.258s] INFO:colcon.colcon_ros.task.ament_cmake.build:Building ROS package in '/home/robotica/Proyecto_Final1/src/proyecto_interfaces' with build type 'ament_cmake'
[4.258s] INFO:colcon.colcon_cmake.task.cmake.build:Building CMake package in '/home/robotica/Proyecto_Final1/src/proyecto_interfaces'
[4.266s] INFO:colcon.colcon_core.shell:Skip shell extension 'powershell' for command environment: Not usable outside of PowerShell
[4.267s] DEBUG:colcon.colcon_core.shell:Skip shell extension 'dsv' for command environment
[5.696s] INFO:colcon.colcon_core.task.python.build:Building Python package in '/home/robotica/Proyecto_Final1/src/manipulador'
[5.702s] INFO:colcon.colcon_core.shell:Skip shell extension 'powershell' for command environment: Not usable outside of PowerShell
[5.702s] DEBUG:colcon.colcon_core.shell:Skip shell extension 'dsv' for command environment
[7.079s] INFO:colcon.colcon_core.task.python.build:Building Python package in '/home/robotica/Proyecto_Final1/src/navegacion'
[7.085s] INFO:colcon.colcon_core.shell:Skip shell extension 'powershell' for command environment: Not usable outside of PowerShell
[7.086s] DEBUG:colcon.colcon_core.shell:Skip shell extension 'dsv' for command environment
[8.452s] INFO:colcon.colcon_core.task.python.build:Building Python package in '/home/robotica/Proyecto_Final1/src/percepcion'
[8.459s] INFO:colcon.colcon_core.shell:Skip shell extension 'powershell' for command environment: Not usable outside of PowerShell
[8.459s] DEBUG:colcon.colcon_core.shell:Skip shell extension 'dsv' for command environment
[8.501s] DEBUG:colcon.colcon_core.event_handler.log_command:Invoking command in '/home/robotica/Proyecto_Final1/build/proyecto_interfaces': CMAKE_PREFIX_PATH=/home/robotica/Taller_3/ros2_taller3/install/mi_robot_manipulador_3:/opt/ros/humble /usr/bin/cmake --build /home/robotica/Proyecto_Final1/build/proyecto_interfaces -- -j4 -l4
[11.698s] DEBUG:colcon.colcon_core.event_handler.log_command:Invoking command in '/home/robotica/Proyecto_Final1/src/navegacion': PYTHONPATH=/home/robotica/Proyecto_Final1/build/navegacion/prefix_override:/home/robotica/Proyecto_Final1/install/navegacion/lib/python3.10/site-packages:${PYTHONPATH} /usr/bin/python3 setup.py egg_info --egg-base ../../build/navegacion build --build-base /home/robotica/Proyecto_Final1/build/navegacion/build install --record /home/robotica/Proyecto_Final1/build/navegacion/install.log --single-version-externally-managed
[11.756s] DEBUG:colcon.colcon_core.event_handler.log_command:Invoking command in '/home/robotica/Proyecto_Final1/src/percepcion': PYTHONPATH=/home/robotica/Proyecto_Final1/build/percepcion/prefix_override:/home/robotica/Proyecto_Final1/install/percepcion/lib/python3.10/site-packages:${PYTHONPATH} /usr/bin/python3 setup.py egg_info --egg-base ../../build/percepcion build --build-base /home/robotica/Proyecto_Final1/build/percepcion/build install --record /home/robotica/Proyecto_Final1/build/percepcion/install.log --single-version-externally-managed
[11.800s] DEBUG:colcon.colcon_core.event_handler.log_command:Invoking command in '/home/robotica/Proyecto_Final1/src/manipulador': PYTHONPATH=/home/robotica/Proyecto_Final1/build/manipulador/prefix_override:/home/robotica/Proyecto_Final1/install/manipulador/lib/python3.10/site-packages:${PYTHONPATH} /usr/bin/python3 setup.py egg_info --egg-base ../../build/manipulador build --build-base /home/robotica/Proyecto_Final1/build/manipulador/build install --record /home/robotica/Proyecto_Final1/build/manipulador/install.log --single-version-externally-managed
[14.339s] DEBUG:colcon.colcon_core.event_handler.log_command:Invoked command in '/home/robotica/Proyecto_Final1/src/percepcion' returned '0': PYTHONPATH=/home/robotica/Proyecto_Final1/build/percepcion/prefix_override:/home/robotica/Proyecto_Final1/install/percepcion/lib/python3.10/site-packages:${PYTHONPATH} /usr/bin/python3 setup.py egg_info --egg-base ../../build/percepcion build --build-base /home/robotica/Proyecto_Final1/build/percepcion/build install --record /home/robotica/Proyecto_Final1/build/percepcion/install.log --single-version-externally-managed
[14.545s] Level 1:colcon.colcon_core.environment:checking '/home/robotica/Proyecto_Final1/install/percepcion' for CMake module files
[14.548s] Level 1:colcon.colcon_core.environment:checking '/home/robotica/Proyecto_Final1/install/percepcion' for CMake config files
[14.554s] Level 1:colcon.colcon_core.environment:checking '/home/robotica/Proyecto_Final1/install/percepcion/lib'
[14.555s] Level 1:colcon.colcon_core.environment:checking '/home/robotica/Proyecto_Final1/install/percepcion/bin'
[14.556s] Level 1:colcon.colcon_core.environment:checking '/home/robotica/Proyecto_Final1/install/percepcion/lib/pkgconfig/percepcion.pc'
[14.557s] Level 1:colcon.colcon_core.environment:checking '/home/robotica/Proyecto_Final1/install/percepcion/lib/python3.10/site-packages'
[14.557s] Level 1:colcon.colcon_core.shell:create_environment_hook('percepcion', 'pythonpath')
[14.563s] INFO:colcon.colcon_core.shell:Creating environment hook '/home/robotica/Proyecto_Final1/install/percepcion/share/percepcion/hook/pythonpath.ps1'
[14.566s] INFO:colcon.colcon_core.shell:Creating environment descriptor '/home/robotica/Proyecto_Final1/install/percepcion/share/percepcion/hook/pythonpath.dsv'
[14.569s] INFO:colcon.colcon_core.shell:Creating environment hook '/home/robotica/Proyecto_Final1/install/percepcion/share/percepcion/hook/pythonpath.sh'
[14.573s] Level 1:colcon.colcon_core.environment:checking '/home/robotica/Proyecto_Final1/install/percepcion/bin'
[14.574s] Level 1:colcon.colcon_core.environment:create_environment_scripts_only(percepcion)
[14.581s] INFO:colcon.colcon_core.shell:Creating package script '/home/robotica/Proyecto_Final1/install/percepcion/share/percepcion/package.ps1'
[14.586s] INFO:colcon.colcon_core.shell:Creating package descriptor '/home/robotica/Proyecto_Final1/install/percepcion/share/percepcion/package.dsv'
[14.590s] INFO:colcon.colcon_core.shell:Creating package script '/home/robotica/Proyecto_Final1/install/percepcion/share/percepcion/package.sh'
[14.595s] INFO:colcon.colcon_core.shell:Creating package script '/home/robotica/Proyecto_Final1/install/percepcion/share/percepcion/package.bash'
[14.601s] INFO:colcon.colcon_core.shell:Creating package script '/home/robotica/Proyecto_Final1/install/percepcion/share/percepcion/package.zsh'
[14.607s] Level 1:colcon.colcon_core.environment:create_file_with_runtime_dependencies(/home/robotica/Proyecto_Final1/install/percepcion/share/colcon-core/packages/percepcion)
[14.624s] Level 1:colcon.colcon_core.environment:checking '/home/robotica/Proyecto_Final1/install/manipulador' for CMake module files
[14.626s] DEBUG:colcon.colcon_core.event_handler.log_command:Invoked command in '/home/robotica/Proyecto_Final1/src/manipulador' returned '0': PYTHONPATH=/home/robotica/Proyecto_Final1/build/manipulador/prefix_override:/home/robotica/Proyecto_Final1/install/manipulador/lib/python3.10/site-packages:${PYTHONPATH} /usr/bin/python3 setup.py egg_info --egg-base ../../build/manipulador build --build-base /home/robotica/Proyecto_Final1/build/manipulador/build install --record /home/robotica/Proyecto_Final1/build/manipulador/install.log --single-version-externally-managed
[14.629s] Level 1:colcon.colcon_core.environment:checking '/home/robotica/Proyecto_Final1/install/manipulador' for CMake config files
[14.633s] Level 1:colcon.colcon_core.environment:checking '/home/robotica/Proyecto_Final1/install/manipulador/lib'
[14.634s] Level 1:colcon.colcon_core.environment:checking '/home/robotica/Proyecto_Final1/install/manipulador/bin'
[14.634s] Level 1:colcon.colcon_core.environment:checking '/home/robotica/Proyecto_Final1/install/manipulador/lib/pkgconfig/manipulador.pc'
[14.635s] Level 1:colcon.colcon_core.environment:checking '/home/robotica/Proyecto_Final1/install/manipulador/lib/python3.10/site-packages'
[14.636s] Level 1:colcon.colcon_core.shell:create_environment_hook('manipulador', 'pythonpath')
[14.644s] INFO:colcon.colcon_core.shell:Creating environment hook '/home/robotica/Proyecto_Final1/install/manipulador/share/manipulador/hook/pythonpath.ps1'
[14.646s] INFO:colcon.colcon_core.shell:Creating environment descriptor '/home/robotica/Proyecto_Final1/install/manipulador/share/manipulador/hook/pythonpath.dsv'
[14.648s] INFO:colcon.colcon_core.shell:Creating environment hook '/home/robotica/Proyecto_Final1/install/manipulador/share/manipulador/hook/pythonpath.sh'
[14.651s] Level 1:colcon.colcon_core.environment:checking '/home/robotica/Proyecto_Final1/install/manipulador/bin'
[14.651s] Level 1:colcon.colcon_core.environment:create_environment_scripts_only(manipulador)
[14.658s] INFO:colcon.colcon_core.shell:Creating package script '/home/robotica/Proyecto_Final1/install/manipulador/share/manipulador/package.ps1'
[14.661s] INFO:colcon.colcon_core.shell:Creating package descriptor '/home/robotica/Proyecto_Final1/install/manipulador/share/manipulador/package.dsv'
[14.664s] INFO:colcon.colcon_core.shell:Creating package script '/home/robotica/Proyecto_Final1/install/manipulador/share/manipulador/package.sh'
[14.669s] INFO:colcon.colcon_core.shell:Creating package script '/home/robotica/Proyecto_Final1/install/manipulador/share/manipulador/package.bash'
[14.671s] INFO:colcon.colcon_core.shell:Creating package script '/home/robotica/Proyecto_Final1/install/manipulador/share/manipulador/package.zsh'
[14.674s] Level 1:colcon.colcon_core.environment:create_file_with_runtime_dependencies(/home/robotica/Proyecto_Final1/install/manipulador/share/colcon-core/packages/manipulador)
[14.685s] Level 1:colcon.colcon_core.environment:checking '/home/robotica/Proyecto_Final1/install/navegacion' for CMake module files
[14.690s] Level 1:colcon.colcon_core.environment:checking '/home/robotica/Proyecto_Final1/install/navegacion' for CMake config files
[14.697s] Level 1:colcon.colcon_core.environment:checking '/home/robotica/Proyecto_Final1/install/navegacion/lib'
[14.698s] Level 1:colcon.colcon_core.environment:checking '/home/robotica/Proyecto_Final1/install/navegacion/bin'
[14.700s] Level 1:colcon.colcon_core.environment:checking '/home/robotica/Proyecto_Final1/install/navegacion/lib/pkgconfig/navegacion.pc'
[14.700s] DEBUG:colcon.colcon_core.event_handler.log_command:Invoked command in '/home/robotica/Proyecto_Final1/src/navegacion' returned '0': PYTHONPATH=/home/robotica/Proyecto_Final1/build/navegacion/prefix_override:/home/robotica/Proyecto_Final1/install/navegacion/lib/python3.10/site-packages:${PYTHONPATH} /usr/bin/python3 setup.py egg_info --egg-base ../../build/navegacion build --build-base /home/robotica/Proyecto_Final1/build/navegacion/build install --record /home/robotica/Proyecto_Final1/build/navegacion/install.log --single-version-externally-managed
[14.701s] Level 1:colcon.colcon_core.environment:checking '/home/robotica/Proyecto_Final1/install/navegacion/lib/python3.10/site-packages'
[14.702s] Level 1:colcon.colcon_core.shell:create_environment_hook('navegacion', 'pythonpath')
[14.709s] INFO:colcon.colcon_core.shell:Creating environment hook '/home/robotica/Proyecto_Final1/install/navegacion/share/navegacion/hook/pythonpath.ps1'
[14.711s] INFO:colcon.colcon_core.shell:Creating environment descriptor '/home/robotica/Proyecto_Final1/install/navegacion/share/navegacion/hook/pythonpath.dsv'
[14.713s] INFO:colcon.colcon_core.shell:Creating environment hook '/home/robotica/Proyecto_Final1/install/navegacion/share/navegacion/hook/pythonpath.sh'
[14.717s] Level 1:colcon.colcon_core.environment:checking '/home/robotica/Proyecto_Final1/install/navegacion/bin'
[14.718s] Level 1:colcon.colcon_core.environment:create_environment_scripts_only(navegacion)
[14.728s] INFO:colcon.colcon_core.shell:Creating package script '/home/robotica/Proyecto_Final1/install/navegacion/share/navegacion/package.ps1'
[14.733s] INFO:colcon.colcon_core.shell:Creating package descriptor '/home/robotica/Proyecto_Final1/install/navegacion/share/navegacion/package.dsv'
[14.737s] INFO:colcon.colcon_core.shell:Creating package script '/home/robotica/Proyecto_Final1/install/navegacion/share/navegacion/package.sh'
[14.739s] INFO:colcon.colcon_core.shell:Creating package script '/home/robotica/Proyecto_Final1/install/navegacion/share/navegacion/package.bash'
[14.742s] INFO:colcon.colcon_core.shell:Creating package script '/home/robotica/Proyecto_Final1/install/navegacion/share/navegacion/package.zsh'
[14.744s] Level 1:colcon.colcon_core.environment:create_file_with_runtime_dependencies(/home/robotica/Proyecto_Final1/install/navegacion/share/colcon-core/packages/navegacion)
[37.004s] DEBUG:colcon.colcon_core.event_handler.log_command:Invoked command in '/home/robotica/Proyecto_Final1/build/proyecto_interfaces' returned '0': CMAKE_PREFIX_PATH=/home/robotica/Taller_3/ros2_taller3/install/mi_robot_manipulador_3:/opt/ros/humble /usr/bin/cmake --build /home/robotica/Proyecto_Final1/build/proyecto_interfaces -- -j4 -l4
[37.813s] DEBUG:colcon.colcon_core.event_handler.log_command:Invoking command in '/home/robotica/Proyecto_Final1/build/proyecto_interfaces': CMAKE_PREFIX_PATH=/home/robotica/Taller_3/ros2_taller3/install/mi_robot_manipulador_3:/opt/ros/humble /usr/bin/cmake --install /home/robotica/Proyecto_Final1/build/proyecto_interfaces
[38.295s] Level 1:colcon.colcon_core.environment:create_environment_scripts_only(proyecto_interfaces)
[38.305s] Level 1:colcon.colcon_core.environment:checking '/home/robotica/Proyecto_Final1/install/proyecto_interfaces' for CMake module files
[38.306s] DEBUG:colcon.colcon_core.event_handler.log_command:Invoked command in '/home/robotica/Proyecto_Final1/build/proyecto_interfaces' returned '0': CMAKE_PREFIX_PATH=/home/robotica/Taller_3/ros2_taller3/install/mi_robot_manipulador_3:/opt/ros/humble /usr/bin/cmake --install /home/robotica/Proyecto_Final1/build/proyecto_interfaces
[38.315s] Level 1:colcon.colcon_core.environment:checking '/home/robotica/Proyecto_Final1/install/proyecto_interfaces' for CMake config files
[38.325s] Level 1:colcon.colcon_core.shell:create_environment_hook('proyecto_interfaces', 'cmake_prefix_path')
[38.332s] INFO:colcon.colcon_core.shell:Creating environment hook '/home/robotica/Proyecto_Final1/install/proyecto_interfaces/share/proyecto_interfaces/hook/cmake_prefix_path.ps1'
[38.335s] INFO:colcon.colcon_core.shell:Creating environment descriptor '/home/robotica/Proyecto_Final1/install/proyecto_interfaces/share/proyecto_interfaces/hook/cmake_prefix_path.dsv'
[38.338s] INFO:colcon.colcon_core.shell:Creating environment hook '/home/robotica/Proyecto_Final1/install/proyecto_interfaces/share/proyecto_interfaces/hook/cmake_prefix_path.sh'
[38.342s] Level 1:colcon.colcon_core.environment:checking '/home/robotica/Proyecto_Final1/install/proyecto_interfaces/lib'
[38.343s] Level 1:colcon.colcon_core.shell:create_environment_hook('proyecto_interfaces', 'ld_library_path_lib')
[38.350s] INFO:colcon.colcon_core.shell:Creating environment hook '/home/robotica/Proyecto_Final1/install/proyecto_interfaces/share/proyecto_interfaces/hook/ld_library_path_lib.ps1'
[38.352s] INFO:colcon.colcon_core.shell:Creating environment descriptor '/home/robotica/Proyecto_Final1/install/proyecto_interfaces/share/proyecto_interfaces/hook/ld_library_path_lib.dsv'
[38.354s] INFO:colcon.colcon_core.shell:Creating environment hook '/home/robotica/Proyecto_Final1/install/proyecto_interfaces/share/proyecto_interfaces/hook/ld_library_path_lib.sh'
[38.356s] Level 1:colcon.colcon_core.environment:checking '/home/robotica/Proyecto_Final1/install/proyecto_interfaces/bin'
[38.357s] Level 1:colcon.colcon_core.environment:checking '/home/robotica/Proyecto_Final1/install/proyecto_interfaces/lib/pkgconfig/proyecto_interfaces.pc'
[38.358s] Level 1:colcon.colcon_core.environment:checking '/home/robotica/Proyecto_Final1/install/proyecto_interfaces/lib/python3.10/site-packages'
[38.359s] Level 1:colcon.colcon_core.environment:checking '/home/robotica/Proyecto_Final1/install/proyecto_interfaces/bin'
[38.366s] INFO:colcon.colcon_core.shell:Creating package script '/home/robotica/Proyecto_Final1/install/proyecto_interfaces/share/proyecto_interfaces/package.ps1'
[38.371s] INFO:colcon.colcon_core.shell:Creating package descriptor '/home/robotica/Proyecto_Final1/install/proyecto_interfaces/share/proyecto_interfaces/package.dsv'
[38.375s] INFO:colcon.colcon_core.shell:Creating package script '/home/robotica/Proyecto_Final1/install/proyecto_interfaces/share/proyecto_interfaces/package.sh'
[38.378s] INFO:colcon.colcon_core.shell:Creating package script '/home/robotica/Proyecto_Final1/install/proyecto_interfaces/share/proyecto_interfaces/package.bash'
[38.381s] INFO:colcon.colcon_core.shell:Creating package script '/home/robotica/Proyecto_Final1/install/proyecto_interfaces/share/proyecto_interfaces/package.zsh'
[38.384s] Level 1:colcon.colcon_core.environment:create_file_with_runtime_dependencies(/home/robotica/Proyecto_Final1/install/proyecto_interfaces/share/colcon-core/packages/proyecto_interfaces)
[39.129s] Level 1:colcon.colcon_core.environment:create_environment_scripts_only(proyecto_interfaces)
[39.139s] Level 1:colcon.colcon_core.environment:checking '/home/robotica/Proyecto_Final1/install/proyecto_interfaces' for CMake module files
[39.145s] Level 1:colcon.colcon_core.environment:checking '/home/robotica/Proyecto_Final1/install/proyecto_interfaces' for CMake config files
[39.149s] Level 1:colcon.colcon_core.shell:create_environment_hook('proyecto_interfaces', 'cmake_prefix_path')
[39.154s] INFO:colcon.colcon_core.shell:Creating environment hook '/home/robotica/Proyecto_Final1/install/proyecto_interfaces/share/proyecto_interfaces/hook/cmake_prefix_path.ps1'
[39.157s] INFO:colcon.colcon_core.shell:Creating environment descriptor '/home/robotica/Proyecto_Final1/install/proyecto_interfaces/share/proyecto_interfaces/hook/cmake_prefix_path.dsv'
[39.158s] INFO:colcon.colcon_core.shell:Creating environment hook '/home/robotica/Proyecto_Final1/install/proyecto_interfaces/share/proyecto_interfaces/hook/cmake_prefix_path.sh'
[39.162s] Level 1:colcon.colcon_core.environment:checking '/home/robotica/Proyecto_Final1/install/proyecto_interfaces/lib'
[39.162s] Level 1:colcon.colcon_core.shell:create_environment_hook('proyecto_interfaces', 'ld_library_path_lib')
[39.168s] INFO:colcon.colcon_core.shell:Creating environment hook '/home/robotica/Proyecto_Final1/install/proyecto_interfaces/share/proyecto_interfaces/hook/ld_library_path_lib.ps1'
[39.170s] INFO:colcon.colcon_core.shell:Creating environment descriptor '/home/robotica/Proyecto_Final1/install/proyecto_interfaces/share/proyecto_interfaces/hook/ld_library_path_lib.dsv'
[39.172s] INFO:colcon.colcon_core.shell:Creating environment hook '/home/robotica/Proyecto_Final1/install/proyecto_interfaces/share/proyecto_interfaces/hook/ld_library_path_lib.sh'
[39.175s] Level 1:colcon.colcon_core.environment:checking '/home/robotica/Proyecto_Final1/install/proyecto_interfaces/bin'
[39.175s] Level 1:colcon.colcon_core.environment:checking '/home/robotica/Proyecto_Final1/install/proyecto_interfaces/lib/pkgconfig/proyecto_interfaces.pc'
[39.176s] Level 1:colcon.colcon_core.environment:checking '/home/robotica/Proyecto_Final1/install/proyecto_interfaces/lib/python3.10/site-packages'
[39.178s] Level 1:colcon.colcon_core.environment:checking '/home/robotica/Proyecto_Final1/install/proyecto_interfaces/bin'
[39.185s] INFO:colcon.colcon_core.shell:Creating package script '/home/robotica/Proyecto_Final1/install/proyecto_interfaces/share/proyecto_interfaces/package.ps1'
[39.187s] INFO:colcon.colcon_core.shell:Creating package descriptor '/home/robotica/Proyecto_Final1/install/proyecto_interfaces/share/proyecto_interfaces/package.dsv'
[39.190s] INFO:colcon.colcon_core.shell:Creating package script '/home/robotica/Proyecto_Final1/install/proyecto_interfaces/share/proyecto_interfaces/package.sh'
[39.193s] INFO:colcon.colcon_core.shell:Creating package script '/home/robotica/Proyecto_Final1/install/proyecto_interfaces/share/proyecto_interfaces/package.bash'
[39.195s] INFO:colcon.colcon_core.shell:Creating package script '/home/robotica/Proyecto_Final1/install/proyecto_interfaces/share/proyecto_interfaces/package.zsh'
[39.198s] Level 1:colcon.colcon_core.environment:create_file_with_runtime_dependencies(/home/robotica/Proyecto_Final1/install/proyecto_interfaces/share/colcon-core/packages/proyecto_interfaces)
[39.199s] DEBUG:colcon.colcon_parallel_executor.executor.parallel:closing loop
[39.201s] DEBUG:colcon.colcon_parallel_executor.executor.parallel:loop closed
[39.201s] DEBUG:colcon.colcon_parallel_executor.executor.parallel:run_until_complete finished with '0'
[39.204s] DEBUG:colcon.colcon_core.event_reactor:joining thread
[39.321s] INFO:colcon.colcon_core.plugin_system:Skipping extension 'colcon_notification.desktop_notification.terminal_notifier': Not used on non-Darwin systems
[39.321s] INFO:colcon.colcon_core.plugin_system:Skipping extension 'colcon_notification.desktop_notification.win32': Not used on non-Windows systems
[39.322s] INFO:colcon.colcon_notification.desktop_notification:Sending desktop notification using 'notify2'
[39.725s] DEBUG:colcon.colcon_core.event_reactor:joined thread
[39.735s] INFO:colcon.colcon_core.shell:Creating prefix script '/home/robotica/Proyecto_Final1/install/local_setup.ps1'
[39.777s] INFO:colcon.colcon_core.shell:Creating prefix util module '/home/robotica/Proyecto_Final1/install/_local_setup_util_ps1.py'
[39.834s] INFO:colcon.colcon_core.shell:Creating prefix chain script '/home/robotica/Proyecto_Final1/install/setup.ps1'
[39.891s] INFO:colcon.colcon_core.shell:Creating prefix script '/home/robotica/Proyecto_Final1/install/local_setup.sh'
[39.910s] INFO:colcon.colcon_core.shell:Creating prefix util module '/home/robotica/Proyecto_Final1/install/_local_setup_util_sh.py'
[39.914s] INFO:colcon.colcon_core.shell:Creating prefix chain script '/home/robotica/Proyecto_Final1/install/setup.sh'
[39.929s] INFO:colcon.colcon_core.shell:Creating prefix script '/home/robotica/Proyecto_Final1/install/local_setup.bash'
[39.981s] INFO:colcon.colcon_core.shell:Creating prefix chain script '/home/robotica/Proyecto_Final1/install/setup.bash'
[40.008s] INFO:colcon.colcon_core.shell:Creating prefix script '/home/robotica/Proyecto_Final1/install/local_setup.zsh'
[40.030s] INFO:colcon.colcon_core.shell:Creating prefix chain script '/home/robotica/Proyecto_Final1/install/setup.zsh'
