running egg_info
creating ../../build/percepcion/percepcion.egg-info
writing ../../build/percepcion/percepcion.egg-info/PKG-INFO
writing dependency_links to ../../build/percepcion/percepcion.egg-info/dependency_links.txt
writing entry points to ../../build/percepcion/percepcion.egg-info/entry_points.txt
writing requirements to ../../build/percepcion/percepcion.egg-info/requires.txt
writing top-level names to ../../build/percepcion/percepcion.egg-info/top_level.txt
writing manifest file '../../build/percepcion/percepcion.egg-info/SOURCES.txt'
reading manifest file '../../build/percepcion/percepcion.egg-info/SOURCES.txt'
writing manifest file '../../build/percepcion/percepcion.egg-info/SOURCES.txt'
running build
running build_py
creating /home/robotica/Proyecto_Final/build/percepcion/build
creating /home/robotica/Proyecto_Final/build/percepcion/build/lib
creating /home/robotica/Proyecto_Final/build/percepcion/build/lib/percepcion
copying percepcion/__init__.py -> /home/robotica/Proyecto_Final/build/percepcion/build/lib/percepcion
running install
/usr/lib/python3/dist-packages/setuptools/command/install.py:34: SetuptoolsDeprecationWarning: setup.py install is deprecated. Use build and pip and other standards-based tools.
  warnings.warn(
running install_lib
creating /home/robotica/Proyecto_Final/install/percepcion/lib/python3.10/site-packages/percepcion
copying /home/robotica/Proyecto_Final/build/percepcion/build/lib/percepcion/__init__.py -> /home/robotica/Proyecto_Final/install/percepcion/lib/python3.10/site-packages/percepcion
byte-compiling /home/robotica/Proyecto_Final/install/percepcion/lib/python3.10/site-packages/percepcion/__init__.py to __init__.cpython-310.pyc
running install_data
creating /home/robotica/Proyecto_Final/install/percepcion/share/ament_index
creating /home/robotica/Proyecto_Final/install/percepcion/share/ament_index/resource_index
creating /home/robotica/Proyecto_Final/install/percepcion/share/ament_index/resource_index/packages
copying resource/percepcion -> /home/robotica/Proyecto_Final/install/percepcion/share/ament_index/resource_index/packages
copying package.xml -> /home/robotica/Proyecto_Final/install/percepcion/share/percepcion
running install_egg_info
Copying ../../build/percepcion/percepcion.egg-info to /home/robotica/Proyecto_Final/install/percepcion/lib/python3.10/site-packages/percepcion-0.0.0-py3.10.egg-info
running install_scripts
Installing percepcion_server script to /home/robotica/Proyecto_Final/install/percepcion/lib/percepcion
writing list of installed files to '/home/robotica/Proyecto_Final/build/percepcion/install.log'
