[4.249s] Invoking command in '/home/robotica/Proyecto_Final/build/proyecto_interfaces': CMAKE_PREFIX_PATH=/home/robotica/Taller_3/ros2_taller3/install/mi_robot_manipulador_3:/opt/ros/humble /usr/bin/cmake /home/robotica/Proyecto_Final/src/proyecto_interfaces -DCMAKE_INSTALL_PREFIX=/home/robotica/Proyecto_Final/install/proyecto_interfaces
[5.792s] -- The C compiler identification is GNU 11.3.0
[6.847s] -- The CXX compiler identification is GNU 11.3.0
[7.010s] -- Detecting C compiler ABI info
[8.270s] -- Detecting C compiler ABI info - done
[8.374s] -- Check for working C compiler: /usr/bin/cc - skipped
[8.382s] -- Detecting C compile features
[8.395s] -- Detecting C compile features - done
[8.446s] -- Detecting CXX compiler ABI info
[9.431s] -- Detecting CXX compiler ABI info - done
[9.544s] -- Check for working CXX compiler: /usr/bin/c++ - skipped
[9.551s] -- Detecting CXX compile features
[9.558s] -- Detecting CXX compile features - done
[9.658s] -- Found ament_cmake: 1.3.4 (/opt/ros/humble/share/ament_cmake/cmake)
[11.890s] -- Found Python3: /usr/bin/python3.10 (found version "3.10.6") found components: Interpreter 
[12.967s] -- Found rosidl_default_generators: 1.2.0 (/opt/ros/humble/share/rosidl_default_generators/cmake)
[13.013s] -- Using all available rosidl_typesupport_c: rosidl_typesupport_fastrtps_c;rosidl_typesupport_introspection_c
[13.108s] -- Found rosidl_adapter: 3.1.4 (/opt/ros/humble/share/rosidl_adapter/cmake)
[13.664s] -- Using all available rosidl_typesupport_cpp: rosidl_typesupport_fastrtps_cpp;rosidl_typesupport_introspection_cpp
[15.906s] -- Found ament_cmake_ros: 0.10.0 (/opt/ros/humble/share/ament_cmake_ros/cmake)
[17.211s] -- Using all available rosidl_typesupport_c: rosidl_typesupport_fastrtps_c;rosidl_typesupport_introspection_c
[18.454s] -- Using all available rosidl_typesupport_cpp: rosidl_typesupport_fastrtps_cpp;rosidl_typesupport_introspection_cpp
[18.577s] -- Found PythonInterp: /usr/bin/python3 (found suitable version "3.10.6", minimum required is "3.6") 
[18.603s] -- Found python_cmake_module: 0.10.0 (/opt/ros/humble/share/python_cmake_module/cmake)
[18.764s] -- Found PythonLibs: /usr/lib/aarch64-linux-gnu/libpython3.10.so (found suitable version "3.10.6", minimum required is "3.5") 
[18.765s] -- Using PYTHON_EXECUTABLE: /usr/bin/python3
[18.765s] -- Using PYTHON_INCLUDE_DIRS: /usr/include/python3.10
[18.766s] -- Using PYTHON_LIBRARIES: /usr/lib/aarch64-linux-gnu/libpython3.10.so
[18.880s] -- Found PythonExtra: .so  
[19.074s] -- Found ament_lint_auto: 0.12.6 (/opt/ros/humble/share/ament_lint_auto/cmake)
[19.376s] -- Added test 'copyright' to check source files copyright and LICENSE
[19.398s] -- Added test 'lint_cmake' to check CMake code style
[19.412s] -- Added test 'xmllint' to check XML markup files
[19.442s] -- Configuring done
[19.677s] -- Generating done
[19.693s] -- Build files have been written to: /home/robotica/Proyecto_Final/build/proyecto_interfaces
[19.717s] Invoked command in '/home/robotica/Proyecto_Final/build/proyecto_interfaces' returned '0': CMAKE_PREFIX_PATH=/home/robotica/Taller_3/ros2_taller3/install/mi_robot_manipulador_3:/opt/ros/humble /usr/bin/cmake /home/robotica/Proyecto_Final/src/proyecto_interfaces -DCMAKE_INSTALL_PREFIX=/home/robotica/Proyecto_Final/install/proyecto_interfaces
[19.727s] Invoking command in '/home/robotica/Proyecto_Final/build/proyecto_interfaces': CMAKE_PREFIX_PATH=/home/robotica/Taller_3/ros2_taller3/install/mi_robot_manipulador_3:/opt/ros/humble /usr/bin/cmake --build /home/robotica/Proyecto_Final/build/proyecto_interfaces -- -j4 -l4
[19.955s] [  1%] [34m[1mGenerating C code for ROS interfaces[0m
[20.000s] [  3%] [34m[1mGenerating C++ code for ROS interfaces[0m
[20.040s] [  3%] Built target ament_cmake_python_copy_proyecto_interfaces
[21.971s] running egg_info
[21.973s] creating proyecto_interfaces.egg-info
[21.975s] writing proyecto_interfaces.egg-info/PKG-INFO
[21.978s] writing dependency_links to proyecto_interfaces.egg-info/dependency_links.txt
[21.979s] writing top-level names to proyecto_interfaces.egg-info/top_level.txt
[21.979s] writing manifest file 'proyecto_interfaces.egg-info/SOURCES.txt'
[21.992s] reading manifest file 'proyecto_interfaces.egg-info/SOURCES.txt'
[21.995s] writing manifest file 'proyecto_interfaces.egg-info/SOURCES.txt'
[22.201s] [  3%] Built target ament_cmake_python_build_proyecto_interfaces_egg
[23.348s] [  3%] Built target proyecto_interfaces__cpp
[23.415s] [  5%] [34m[1mGenerating C++ type support for eProsima Fast-RTPS[0m
[23.423s] [  7%] [34m[1mGenerating C++ type support dispatch for ROS interfaces[0m
[23.443s] [  9%] [34m[1mGenerating C++ introspection for ROS interfaces[0m
[23.467s] [ 10%] [32mBuilding C object CMakeFiles/proyecto_interfaces__rosidl_generator_c.dir/rosidl_generator_c/proyecto_interfaces/msg/detail/banner__functions.c.o[0m
[24.126s] [ 12%] [32mBuilding C object CMakeFiles/proyecto_interfaces__rosidl_generator_c.dir/rosidl_generator_c/proyecto_interfaces/srv/detail/start_navigation_test__functions.c.o[0m
[24.534s] [ 14%] [32mBuilding C object CMakeFiles/proyecto_interfaces__rosidl_generator_c.dir/rosidl_generator_c/proyecto_interfaces/srv/detail/start_perception_test__functions.c.o[0m
[24.905s] [ 16%] [32mBuilding C object CMakeFiles/proyecto_interfaces__rosidl_generator_c.dir/rosidl_generator_c/proyecto_interfaces/srv/detail/start_manipulation_test__functions.c.o[0m
[25.290s] [ 18%] [32m[1mLinking C shared library libproyecto_interfaces__rosidl_generator_c.so[0m
[25.538s] [ 18%] Built target proyecto_interfaces__rosidl_generator_c
[25.599s] [ 20%] [34m[1mGenerating C type support for eProsima Fast-RTPS[0m
[25.717s] [ 21%] [32mBuilding CXX object CMakeFiles/proyecto_interfaces__rosidl_typesupport_cpp.dir/rosidl_typesupport_cpp/proyecto_interfaces/msg/banner__type_support.cpp.o[0m
[26.166s] [ 23%] [32mBuilding CXX object CMakeFiles/proyecto_interfaces__rosidl_typesupport_introspection_cpp.dir/rosidl_typesupport_introspection_cpp/proyecto_interfaces/msg/detail/banner__type_support.cpp.o[0m
[26.575s] [ 25%] [32mBuilding CXX object CMakeFiles/proyecto_interfaces__rosidl_typesupport_fastrtps_cpp.dir/rosidl_typesupport_fastrtps_cpp/proyecto_interfaces/msg/detail/dds_fastrtps/banner__type_support.cpp.o[0m
[27.948s] [ 27%] [32mBuilding CXX object CMakeFiles/proyecto_interfaces__rosidl_typesupport_cpp.dir/rosidl_typesupport_cpp/proyecto_interfaces/srv/start_navigation_test__type_support.cpp.o[0m
[28.683s] [ 29%] [32mBuilding CXX object CMakeFiles/proyecto_interfaces__rosidl_typesupport_fastrtps_c.dir/rosidl_typesupport_fastrtps_c/proyecto_interfaces/msg/detail/banner__type_support_c.cpp.o[0m
[29.039s] [ 30%] [32mBuilding CXX object CMakeFiles/proyecto_interfaces__rosidl_typesupport_introspection_cpp.dir/rosidl_typesupport_introspection_cpp/proyecto_interfaces/srv/detail/start_navigation_test__type_support.cpp.o[0m
[29.555s] [ 32%] [32mBuilding CXX object CMakeFiles/proyecto_interfaces__rosidl_typesupport_fastrtps_cpp.dir/rosidl_typesupport_fastrtps_cpp/proyecto_interfaces/srv/detail/dds_fastrtps/start_navigation_test__type_support.cpp.o[0m
[29.756s] [ 34%] [32mBuilding CXX object CMakeFiles/proyecto_interfaces__rosidl_typesupport_cpp.dir/rosidl_typesupport_cpp/proyecto_interfaces/srv/start_perception_test__type_support.cpp.o[0m
[31.731s] [ 36%] [32mBuilding CXX object CMakeFiles/proyecto_interfaces__rosidl_typesupport_fastrtps_c.dir/rosidl_typesupport_fastrtps_c/proyecto_interfaces/srv/detail/start_navigation_test__type_support_c.cpp.o[0m
[32.267s] [ 38%] [32mBuilding CXX object CMakeFiles/proyecto_interfaces__rosidl_typesupport_introspection_cpp.dir/rosidl_typesupport_introspection_cpp/proyecto_interfaces/srv/detail/start_perception_test__type_support.cpp.o[0m
[32.268s] [ 40%] [32mBuilding CXX object CMakeFiles/proyecto_interfaces__rosidl_typesupport_cpp.dir/rosidl_typesupport_cpp/proyecto_interfaces/srv/start_manipulation_test__type_support.cpp.o[0m
[33.205s] [ 41%] [32mBuilding CXX object CMakeFiles/proyecto_interfaces__rosidl_typesupport_fastrtps_cpp.dir/rosidl_typesupport_fastrtps_cpp/proyecto_interfaces/srv/detail/dds_fastrtps/start_perception_test__type_support.cpp.o[0m
[34.077s] [ 43%] [32m[1mLinking CXX shared library libproyecto_interfaces__rosidl_typesupport_cpp.so[0m
[34.267s] [ 45%] [32mBuilding CXX object CMakeFiles/proyecto_interfaces__rosidl_typesupport_fastrtps_c.dir/rosidl_typesupport_fastrtps_c/proyecto_interfaces/srv/detail/start_perception_test__type_support_c.cpp.o[0m
[34.381s] [ 45%] Built target proyecto_interfaces__rosidl_typesupport_cpp
[34.432s] [ 47%] [32mBuilding CXX object CMakeFiles/proyecto_interfaces__rosidl_typesupport_fastrtps_cpp.dir/rosidl_typesupport_fastrtps_cpp/proyecto_interfaces/srv/detail/dds_fastrtps/start_manipulation_test__type_support.cpp.o[0m
[34.938s] [ 49%] [32mBuilding CXX object CMakeFiles/proyecto_interfaces__rosidl_typesupport_introspection_cpp.dir/rosidl_typesupport_introspection_cpp/proyecto_interfaces/srv/detail/start_manipulation_test__type_support.cpp.o[0m
[36.625s] [ 50%] [34m[1mGenerating C introspection for ROS interfaces[0m
[37.354s] [ 52%] [32mBuilding CXX object CMakeFiles/proyecto_interfaces__rosidl_typesupport_fastrtps_c.dir/rosidl_typesupport_fastrtps_c/proyecto_interfaces/srv/detail/start_manipulation_test__type_support_c.cpp.o[0m
[37.829s] [ 54%] [32m[1mLinking CXX shared library libproyecto_interfaces__rosidl_typesupport_fastrtps_cpp.so[0m
[38.084s] [ 56%] [32m[1mLinking CXX shared library libproyecto_interfaces__rosidl_typesupport_introspection_cpp.so[0m
[38.296s] [ 56%] Built target proyecto_interfaces__rosidl_typesupport_fastrtps_cpp
[38.363s] [ 58%] [34m[1mGenerating C type support dispatch for ROS interfaces[0m
[38.512s] [ 58%] Built target proyecto_interfaces__rosidl_typesupport_introspection_cpp
[39.484s] [ 61%] [32mBuilding C object CMakeFiles/proyecto_interfaces__rosidl_typesupport_introspection_c.dir/rosidl_typesupport_introspection_c/proyecto_interfaces/srv/detail/start_navigation_test__type_support.c.o[0m
[39.486s] [ 61%] [32mBuilding C object CMakeFiles/proyecto_interfaces__rosidl_typesupport_introspection_c.dir/rosidl_typesupport_introspection_c/proyecto_interfaces/msg/detail/banner__type_support.c.o[0m
[39.731s] [ 63%] [32mBuilding C object CMakeFiles/proyecto_interfaces__rosidl_typesupport_introspection_c.dir/rosidl_typesupport_introspection_c/proyecto_interfaces/srv/detail/start_perception_test__type_support.c.o[0m
[39.763s] [ 65%] [32mBuilding C object CMakeFiles/proyecto_interfaces__rosidl_typesupport_introspection_c.dir/rosidl_typesupport_introspection_c/proyecto_interfaces/srv/detail/start_manipulation_test__type_support.c.o[0m
[39.916s] [ 67%] [32m[1mLinking CXX shared library libproyecto_interfaces__rosidl_typesupport_fastrtps_c.so[0m
[40.002s] [ 69%] [32m[1mLinking C shared library libproyecto_interfaces__rosidl_typesupport_introspection_c.so[0m
[40.237s] [ 69%] Built target proyecto_interfaces__rosidl_typesupport_introspection_c
[40.373s] [ 69%] Built target proyecto_interfaces__rosidl_typesupport_fastrtps_c
[40.401s] [ 70%] [32mBuilding CXX object CMakeFiles/proyecto_interfaces__rosidl_typesupport_c.dir/rosidl_typesupport_c/proyecto_interfaces/msg/banner__type_support.cpp.o[0m
[40.406s] [ 72%] [32mBuilding CXX object CMakeFiles/proyecto_interfaces__rosidl_typesupport_c.dir/rosidl_typesupport_c/proyecto_interfaces/srv/start_navigation_test__type_support.cpp.o[0m
[40.416s] [ 74%] [32mBuilding CXX object CMakeFiles/proyecto_interfaces__rosidl_typesupport_c.dir/rosidl_typesupport_c/proyecto_interfaces/srv/start_perception_test__type_support.cpp.o[0m
[40.422s] [ 76%] [32mBuilding CXX object CMakeFiles/proyecto_interfaces__rosidl_typesupport_c.dir/rosidl_typesupport_c/proyecto_interfaces/srv/start_manipulation_test__type_support.cpp.o[0m
[40.623s] [ 78%] [32m[1mLinking CXX shared library libproyecto_interfaces__rosidl_typesupport_c.so[0m
[40.809s] [ 78%] Built target proyecto_interfaces__rosidl_typesupport_c
[40.901s] [ 78%] Built target proyecto_interfaces
[40.999s] [ 80%] [34m[1mGenerating Python code for ROS interfaces[0m
[44.582s] [ 80%] Built target proyecto_interfaces__py
[44.683s] [ 81%] [32mBuilding C object CMakeFiles/proyecto_interfaces__rosidl_generator_py.dir/rosidl_generator_py/proyecto_interfaces/msg/_banner_s.c.o[0m
[44.686s] [ 83%] [32mBuilding C object CMakeFiles/proyecto_interfaces__rosidl_generator_py.dir/rosidl_generator_py/proyecto_interfaces/srv/_start_navigation_test_s.c.o[0m
[44.689s] [ 85%] [32mBuilding C object CMakeFiles/proyecto_interfaces__rosidl_generator_py.dir/rosidl_generator_py/proyecto_interfaces/srv/_start_perception_test_s.c.o[0m
[44.693s] [ 87%] [32mBuilding C object CMakeFiles/proyecto_interfaces__rosidl_generator_py.dir/rosidl_generator_py/proyecto_interfaces/srv/_start_manipulation_test_s.c.o[0m
[45.542s] [ 89%] [32m[1mLinking C shared library rosidl_generator_py/proyecto_interfaces/libproyecto_interfaces__rosidl_generator_py.so[0m
[45.758s] [ 89%] Built target proyecto_interfaces__rosidl_generator_py
[45.862s] [ 90%] [32mBuilding C object CMakeFiles/proyecto_interfaces__rosidl_typesupport_fastrtps_c__pyext.dir/rosidl_generator_py/proyecto_interfaces/_proyecto_interfaces_s.ep.rosidl_typesupport_fastrtps_c.c.o[0m
[45.867s] [ 92%] [32mBuilding C object CMakeFiles/proyecto_interfaces__rosidl_typesupport_introspection_c__pyext.dir/rosidl_generator_py/proyecto_interfaces/_proyecto_interfaces_s.ep.rosidl_typesupport_introspection_c.c.o[0m
[45.871s] [ 94%] [32mBuilding C object CMakeFiles/proyecto_interfaces__rosidl_typesupport_c__pyext.dir/rosidl_generator_py/proyecto_interfaces/_proyecto_interfaces_s.ep.rosidl_typesupport_c.c.o[0m
[46.523s] [ 96%] [32m[1mLinking C shared library rosidl_generator_py/proyecto_interfaces/proyecto_interfaces_s__rosidl_typesupport_c.cpython-310-aarch64-linux-gnu.so[0m
[46.545s] [ 98%] [32m[1mLinking C shared library rosidl_generator_py/proyecto_interfaces/proyecto_interfaces_s__rosidl_typesupport_introspection_c.cpython-310-aarch64-linux-gnu.so[0m
[46.580s] [100%] [32m[1mLinking C shared library rosidl_generator_py/proyecto_interfaces/proyecto_interfaces_s__rosidl_typesupport_fastrtps_c.cpython-310-aarch64-linux-gnu.so[0m
[46.772s] [100%] Built target proyecto_interfaces__rosidl_typesupport_c__pyext
[46.796s] [100%] Built target proyecto_interfaces__rosidl_typesupport_introspection_c__pyext
[46.833s] [100%] Built target proyecto_interfaces__rosidl_typesupport_fastrtps_c__pyext
[46.884s] Invoked command in '/home/robotica/Proyecto_Final/build/proyecto_interfaces' returned '0': CMAKE_PREFIX_PATH=/home/robotica/Taller_3/ros2_taller3/install/mi_robot_manipulador_3:/opt/ros/humble /usr/bin/cmake --build /home/robotica/Proyecto_Final/build/proyecto_interfaces -- -j4 -l4
[47.706s] Invoking command in '/home/robotica/Proyecto_Final/build/proyecto_interfaces': CMAKE_PREFIX_PATH=/home/robotica/Taller_3/ros2_taller3/install/mi_robot_manipulador_3:/opt/ros/humble /usr/bin/cmake --install /home/robotica/Proyecto_Final/build/proyecto_interfaces
[47.740s] -- Install configuration: ""
[47.741s] -- Installing: /home/robotica/Proyecto_Final/install/proyecto_interfaces/share/ament_index/resource_index/rosidl_interfaces/proyecto_interfaces
[47.742s] -- Installing: /home/robotica/Proyecto_Final/install/proyecto_interfaces/include/proyecto_interfaces/proyecto_interfaces
[47.743s] -- Installing: /home/robotica/Proyecto_Final/install/proyecto_interfaces/include/proyecto_interfaces/proyecto_interfaces/srv
[47.744s] -- Installing: /home/robotica/Proyecto_Final/install/proyecto_interfaces/include/proyecto_interfaces/proyecto_interfaces/srv/start_perception_test.h
[47.745s] -- Installing: /home/robotica/Proyecto_Final/install/proyecto_interfaces/include/proyecto_interfaces/proyecto_interfaces/srv/detail
[47.746s] -- Installing: /home/robotica/Proyecto_Final/install/proyecto_interfaces/include/proyecto_interfaces/proyecto_interfaces/srv/detail/start_perception_test__functions.c
[47.748s] -- Installing: /home/robotica/Proyecto_Final/install/proyecto_interfaces/include/proyecto_interfaces/proyecto_interfaces/srv/detail/start_manipulation_test__type_support.h
[47.750s] -- Installing: /home/robotica/Proyecto_Final/install/proyecto_interfaces/include/proyecto_interfaces/proyecto_interfaces/srv/detail/start_perception_test__type_support.h
[47.751s] -- Installing: /home/robotica/Proyecto_Final/install/proyecto_interfaces/include/proyecto_interfaces/proyecto_interfaces/srv/detail/start_manipulation_test__functions.c
[47.753s] -- Installing: /home/robotica/Proyecto_Final/install/proyecto_interfaces/include/proyecto_interfaces/proyecto_interfaces/srv/detail/start_navigation_test__struct.h
[47.754s] -- Installing: /home/robotica/Proyecto_Final/install/proyecto_interfaces/include/proyecto_interfaces/proyecto_interfaces/srv/detail/start_manipulation_test__struct.h
[47.755s] -- Installing: /home/robotica/Proyecto_Final/install/proyecto_interfaces/include/proyecto_interfaces/proyecto_interfaces/srv/detail/start_navigation_test__type_support.h
[47.757s] -- Installing: /home/robotica/Proyecto_Final/install/proyecto_interfaces/include/proyecto_interfaces/proyecto_interfaces/srv/detail/start_navigation_test__functions.h
[47.759s] -- Installing: /home/robotica/Proyecto_Final/install/proyecto_interfaces/include/proyecto_interfaces/proyecto_interfaces/srv/detail/start_perception_test__struct.h
[47.760s] -- Installing: /home/robotica/Proyecto_Final/install/proyecto_interfaces/include/proyecto_interfaces/proyecto_interfaces/srv/detail/start_navigation_test__functions.c
[47.762s] -- Installing: /home/robotica/Proyecto_Final/install/proyecto_interfaces/include/proyecto_interfaces/proyecto_interfaces/srv/detail/start_perception_test__functions.h
[47.763s] -- Installing: /home/robotica/Proyecto_Final/install/proyecto_interfaces/include/proyecto_interfaces/proyecto_interfaces/srv/detail/start_manipulation_test__functions.h
[47.765s] -- Installing: /home/robotica/Proyecto_Final/install/proyecto_interfaces/include/proyecto_interfaces/proyecto_interfaces/srv/start_navigation_test.h
[47.766s] -- Installing: /home/robotica/Proyecto_Final/install/proyecto_interfaces/include/proyecto_interfaces/proyecto_interfaces/srv/start_manipulation_test.h
[47.768s] -- Installing: /home/robotica/Proyecto_Final/install/proyecto_interfaces/include/proyecto_interfaces/proyecto_interfaces/msg
[47.769s] -- Installing: /home/robotica/Proyecto_Final/install/proyecto_interfaces/include/proyecto_interfaces/proyecto_interfaces/msg/detail
[47.769s] -- Installing: /home/robotica/Proyecto_Final/install/proyecto_interfaces/include/proyecto_interfaces/proyecto_interfaces/msg/detail/banner__struct.h
[47.771s] -- Installing: /home/robotica/Proyecto_Final/install/proyecto_interfaces/include/proyecto_interfaces/proyecto_interfaces/msg/detail/banner__type_support.h
[47.772s] -- Installing: /home/robotica/Proyecto_Final/install/proyecto_interfaces/include/proyecto_interfaces/proyecto_interfaces/msg/detail/banner__functions.c
[47.773s] -- Installing: /home/robotica/Proyecto_Final/install/proyecto_interfaces/include/proyecto_interfaces/proyecto_interfaces/msg/detail/banner__functions.h
[47.775s] -- Installing: /home/robotica/Proyecto_Final/install/proyecto_interfaces/include/proyecto_interfaces/proyecto_interfaces/msg/rosidl_generator_c__visibility_control.h
[47.776s] -- Installing: /home/robotica/Proyecto_Final/install/proyecto_interfaces/include/proyecto_interfaces/proyecto_interfaces/msg/banner.h
[47.778s] -- Installing: /home/robotica/Proyecto_Final/install/proyecto_interfaces/share/proyecto_interfaces/environment/library_path.sh
[47.780s] -- Installing: /home/robotica/Proyecto_Final/install/proyecto_interfaces/share/proyecto_interfaces/environment/library_path.dsv
[47.782s] -- Installing: /home/robotica/Proyecto_Final/install/proyecto_interfaces/lib/libproyecto_interfaces__rosidl_generator_c.so
[47.785s] -- Set runtime path of "/home/robotica/Proyecto_Final/install/proyecto_interfaces/lib/libproyecto_interfaces__rosidl_generator_c.so" to ""
[47.786s] -- Up-to-date: /home/robotica/Proyecto_Final/install/proyecto_interfaces/include/proyecto_interfaces/proyecto_interfaces
[47.786s] -- Up-to-date: /home/robotica/Proyecto_Final/install/proyecto_interfaces/include/proyecto_interfaces/proyecto_interfaces/srv
[47.787s] -- Up-to-date: /home/robotica/Proyecto_Final/install/proyecto_interfaces/include/proyecto_interfaces/proyecto_interfaces/srv/detail
[47.787s] -- Installing: /home/robotica/Proyecto_Final/install/proyecto_interfaces/include/proyecto_interfaces/proyecto_interfaces/srv/detail/start_perception_test__rosidl_typesupport_fastrtps_c.h
[47.789s] -- Installing: /home/robotica/Proyecto_Final/install/proyecto_interfaces/include/proyecto_interfaces/proyecto_interfaces/srv/detail/start_manipulation_test__rosidl_typesupport_fastrtps_c.h
[47.790s] -- Installing: /home/robotica/Proyecto_Final/install/proyecto_interfaces/include/proyecto_interfaces/proyecto_interfaces/srv/detail/start_navigation_test__rosidl_typesupport_fastrtps_c.h
[47.792s] -- Up-to-date: /home/robotica/Proyecto_Final/install/proyecto_interfaces/include/proyecto_interfaces/proyecto_interfaces/msg
[47.792s] -- Up-to-date: /home/robotica/Proyecto_Final/install/proyecto_interfaces/include/proyecto_interfaces/proyecto_interfaces/msg/detail
[47.793s] -- Installing: /home/robotica/Proyecto_Final/install/proyecto_interfaces/include/proyecto_interfaces/proyecto_interfaces/msg/detail/banner__rosidl_typesupport_fastrtps_c.h
[47.794s] -- Installing: /home/robotica/Proyecto_Final/install/proyecto_interfaces/include/proyecto_interfaces/proyecto_interfaces/msg/rosidl_typesupport_fastrtps_c__visibility_control.h
[47.796s] -- Installing: /home/robotica/Proyecto_Final/install/proyecto_interfaces/lib/libproyecto_interfaces__rosidl_typesupport_fastrtps_c.so
[47.800s] -- Set runtime path of "/home/robotica/Proyecto_Final/install/proyecto_interfaces/lib/libproyecto_interfaces__rosidl_typesupport_fastrtps_c.so" to ""
[47.800s] -- Up-to-date: /home/robotica/Proyecto_Final/install/proyecto_interfaces/include/proyecto_interfaces/proyecto_interfaces
[47.801s] -- Up-to-date: /home/robotica/Proyecto_Final/install/proyecto_interfaces/include/proyecto_interfaces/proyecto_interfaces/srv
[47.801s] -- Up-to-date: /home/robotica/Proyecto_Final/install/proyecto_interfaces/include/proyecto_interfaces/proyecto_interfaces/srv/detail
[47.801s] -- Installing: /home/robotica/Proyecto_Final/install/proyecto_interfaces/include/proyecto_interfaces/proyecto_interfaces/srv/detail/start_perception_test__rosidl_typesupport_introspection_c.h
[47.803s] -- Installing: /home/robotica/Proyecto_Final/install/proyecto_interfaces/include/proyecto_interfaces/proyecto_interfaces/srv/detail/start_navigation_test__type_support.c
[47.805s] -- Installing: /home/robotica/Proyecto_Final/install/proyecto_interfaces/include/proyecto_interfaces/proyecto_interfaces/srv/detail/start_navigation_test__rosidl_typesupport_introspection_c.h
[47.806s] -- Installing: /home/robotica/Proyecto_Final/install/proyecto_interfaces/include/proyecto_interfaces/proyecto_interfaces/srv/detail/start_manipulation_test__type_support.c
[47.808s] -- Installing: /home/robotica/Proyecto_Final/install/proyecto_interfaces/include/proyecto_interfaces/proyecto_interfaces/srv/detail/start_manipulation_test__rosidl_typesupport_introspection_c.h
[47.809s] -- Installing: /home/robotica/Proyecto_Final/install/proyecto_interfaces/include/proyecto_interfaces/proyecto_interfaces/srv/detail/start_perception_test__type_support.c
[47.811s] -- Up-to-date: /home/robotica/Proyecto_Final/install/proyecto_interfaces/include/proyecto_interfaces/proyecto_interfaces/msg
[47.811s] -- Up-to-date: /home/robotica/Proyecto_Final/install/proyecto_interfaces/include/proyecto_interfaces/proyecto_interfaces/msg/detail
[47.812s] -- Installing: /home/robotica/Proyecto_Final/install/proyecto_interfaces/include/proyecto_interfaces/proyecto_interfaces/msg/detail/banner__type_support.c
[47.813s] -- Installing: /home/robotica/Proyecto_Final/install/proyecto_interfaces/include/proyecto_interfaces/proyecto_interfaces/msg/detail/banner__rosidl_typesupport_introspection_c.h
[47.815s] -- Installing: /home/robotica/Proyecto_Final/install/proyecto_interfaces/include/proyecto_interfaces/proyecto_interfaces/msg/rosidl_typesupport_introspection_c__visibility_control.h
[47.817s] -- Installing: /home/robotica/Proyecto_Final/install/proyecto_interfaces/lib/libproyecto_interfaces__rosidl_typesupport_introspection_c.so
[47.820s] -- Set runtime path of "/home/robotica/Proyecto_Final/install/proyecto_interfaces/lib/libproyecto_interfaces__rosidl_typesupport_introspection_c.so" to ""
[47.820s] -- Installing: /home/robotica/Proyecto_Final/install/proyecto_interfaces/lib/libproyecto_interfaces__rosidl_typesupport_c.so
[47.824s] -- Set runtime path of "/home/robotica/Proyecto_Final/install/proyecto_interfaces/lib/libproyecto_interfaces__rosidl_typesupport_c.so" to ""
[47.827s] -- Up-to-date: /home/robotica/Proyecto_Final/install/proyecto_interfaces/include/proyecto_interfaces/proyecto_interfaces
[47.827s] -- Up-to-date: /home/robotica/Proyecto_Final/install/proyecto_interfaces/include/proyecto_interfaces/proyecto_interfaces/srv
[47.828s] -- Up-to-date: /home/robotica/Proyecto_Final/install/proyecto_interfaces/include/proyecto_interfaces/proyecto_interfaces/srv/detail
[47.828s] -- Installing: /home/robotica/Proyecto_Final/install/proyecto_interfaces/include/proyecto_interfaces/proyecto_interfaces/srv/detail/start_perception_test__traits.hpp
[47.829s] -- Installing: /home/robotica/Proyecto_Final/install/proyecto_interfaces/include/proyecto_interfaces/proyecto_interfaces/srv/detail/start_manipulation_test__struct.hpp
[47.829s] -- Installing: /home/robotica/Proyecto_Final/install/proyecto_interfaces/include/proyecto_interfaces/proyecto_interfaces/srv/detail/start_navigation_test__builder.hpp
[47.830s] -- Installing: /home/robotica/Proyecto_Final/install/proyecto_interfaces/include/proyecto_interfaces/proyecto_interfaces/srv/detail/start_navigation_test__traits.hpp
[47.832s] -- Installing: /home/robotica/Proyecto_Final/install/proyecto_interfaces/include/proyecto_interfaces/proyecto_interfaces/srv/detail/start_perception_test__builder.hpp
[47.833s] -- Installing: /home/robotica/Proyecto_Final/install/proyecto_interfaces/include/proyecto_interfaces/proyecto_interfaces/srv/detail/start_perception_test__struct.hpp
[47.835s] -- Installing: /home/robotica/Proyecto_Final/install/proyecto_interfaces/include/proyecto_interfaces/proyecto_interfaces/srv/detail/start_navigation_test__struct.hpp
[47.836s] -- Installing: /home/robotica/Proyecto_Final/install/proyecto_interfaces/include/proyecto_interfaces/proyecto_interfaces/srv/detail/start_manipulation_test__traits.hpp
[47.838s] -- Installing: /home/robotica/Proyecto_Final/install/proyecto_interfaces/include/proyecto_interfaces/proyecto_interfaces/srv/detail/start_manipulation_test__builder.hpp
[47.839s] -- Installing: /home/robotica/Proyecto_Final/install/proyecto_interfaces/include/proyecto_interfaces/proyecto_interfaces/srv/start_perception_test.hpp
[47.841s] -- Installing: /home/robotica/Proyecto_Final/install/proyecto_interfaces/include/proyecto_interfaces/proyecto_interfaces/srv/start_manipulation_test.hpp
[47.842s] -- Installing: /home/robotica/Proyecto_Final/install/proyecto_interfaces/include/proyecto_interfaces/proyecto_interfaces/srv/start_navigation_test.hpp
[47.843s] -- Up-to-date: /home/robotica/Proyecto_Final/install/proyecto_interfaces/include/proyecto_interfaces/proyecto_interfaces/msg
[47.844s] -- Installing: /home/robotica/Proyecto_Final/install/proyecto_interfaces/include/proyecto_interfaces/proyecto_interfaces/msg/banner.hpp
[47.845s] -- Up-to-date: /home/robotica/Proyecto_Final/install/proyecto_interfaces/include/proyecto_interfaces/proyecto_interfaces/msg/detail
[47.846s] -- Installing: /home/robotica/Proyecto_Final/install/proyecto_interfaces/include/proyecto_interfaces/proyecto_interfaces/msg/detail/banner__struct.hpp
[47.847s] -- Installing: /home/robotica/Proyecto_Final/install/proyecto_interfaces/include/proyecto_interfaces/proyecto_interfaces/msg/detail/banner__traits.hpp
[47.848s] -- Installing: /home/robotica/Proyecto_Final/install/proyecto_interfaces/include/proyecto_interfaces/proyecto_interfaces/msg/detail/banner__builder.hpp
[47.850s] -- Up-to-date: /home/robotica/Proyecto_Final/install/proyecto_interfaces/include/proyecto_interfaces/proyecto_interfaces
[47.850s] -- Up-to-date: /home/robotica/Proyecto_Final/install/proyecto_interfaces/include/proyecto_interfaces/proyecto_interfaces/srv
[47.851s] -- Up-to-date: /home/robotica/Proyecto_Final/install/proyecto_interfaces/include/proyecto_interfaces/proyecto_interfaces/srv/detail
[47.851s] -- Installing: /home/robotica/Proyecto_Final/install/proyecto_interfaces/include/proyecto_interfaces/proyecto_interfaces/srv/detail/dds_fastrtps
[47.852s] -- Installing: /home/robotica/Proyecto_Final/install/proyecto_interfaces/include/proyecto_interfaces/proyecto_interfaces/srv/detail/start_perception_test__rosidl_typesupport_fastrtps_cpp.hpp
[47.854s] -- Installing: /home/robotica/Proyecto_Final/install/proyecto_interfaces/include/proyecto_interfaces/proyecto_interfaces/srv/detail/start_navigation_test__rosidl_typesupport_fastrtps_cpp.hpp
[47.856s] -- Installing: /home/robotica/Proyecto_Final/install/proyecto_interfaces/include/proyecto_interfaces/proyecto_interfaces/srv/detail/start_manipulation_test__rosidl_typesupport_fastrtps_cpp.hpp
[47.857s] -- Up-to-date: /home/robotica/Proyecto_Final/install/proyecto_interfaces/include/proyecto_interfaces/proyecto_interfaces/msg
[47.858s] -- Up-to-date: /home/robotica/Proyecto_Final/install/proyecto_interfaces/include/proyecto_interfaces/proyecto_interfaces/msg/detail
[47.858s] -- Installing: /home/robotica/Proyecto_Final/install/proyecto_interfaces/include/proyecto_interfaces/proyecto_interfaces/msg/detail/dds_fastrtps
[47.859s] -- Installing: /home/robotica/Proyecto_Final/install/proyecto_interfaces/include/proyecto_interfaces/proyecto_interfaces/msg/detail/banner__rosidl_typesupport_fastrtps_cpp.hpp
[47.861s] -- Installing: /home/robotica/Proyecto_Final/install/proyecto_interfaces/include/proyecto_interfaces/proyecto_interfaces/msg/rosidl_typesupport_fastrtps_cpp__visibility_control.h
[47.863s] -- Installing: /home/robotica/Proyecto_Final/install/proyecto_interfaces/lib/libproyecto_interfaces__rosidl_typesupport_fastrtps_cpp.so
[47.866s] -- Set runtime path of "/home/robotica/Proyecto_Final/install/proyecto_interfaces/lib/libproyecto_interfaces__rosidl_typesupport_fastrtps_cpp.so" to ""
[47.867s] -- Up-to-date: /home/robotica/Proyecto_Final/install/proyecto_interfaces/include/proyecto_interfaces/proyecto_interfaces
[47.867s] -- Up-to-date: /home/robotica/Proyecto_Final/install/proyecto_interfaces/include/proyecto_interfaces/proyecto_interfaces/srv
[47.868s] -- Up-to-date: /home/robotica/Proyecto_Final/install/proyecto_interfaces/include/proyecto_interfaces/proyecto_interfaces/srv/detail
[47.868s] -- Installing: /home/robotica/Proyecto_Final/install/proyecto_interfaces/include/proyecto_interfaces/proyecto_interfaces/srv/detail/start_manipulation_test__type_support.cpp
[47.870s] -- Installing: /home/robotica/Proyecto_Final/install/proyecto_interfaces/include/proyecto_interfaces/proyecto_interfaces/srv/detail/start_navigation_test__type_support.cpp
[47.872s] -- Installing: /home/robotica/Proyecto_Final/install/proyecto_interfaces/include/proyecto_interfaces/proyecto_interfaces/srv/detail/start_perception_test__rosidl_typesupport_introspection_cpp.hpp
[47.873s] -- Installing: /home/robotica/Proyecto_Final/install/proyecto_interfaces/include/proyecto_interfaces/proyecto_interfaces/srv/detail/start_perception_test__type_support.cpp
[47.875s] -- Installing: /home/robotica/Proyecto_Final/install/proyecto_interfaces/include/proyecto_interfaces/proyecto_interfaces/srv/detail/start_manipulation_test__rosidl_typesupport_introspection_cpp.hpp
[47.876s] -- Installing: /home/robotica/Proyecto_Final/install/proyecto_interfaces/include/proyecto_interfaces/proyecto_interfaces/srv/detail/start_navigation_test__rosidl_typesupport_introspection_cpp.hpp
[47.878s] -- Up-to-date: /home/robotica/Proyecto_Final/install/proyecto_interfaces/include/proyecto_interfaces/proyecto_interfaces/msg
[47.879s] -- Up-to-date: /home/robotica/Proyecto_Final/install/proyecto_interfaces/include/proyecto_interfaces/proyecto_interfaces/msg/detail
[47.879s] -- Installing: /home/robotica/Proyecto_Final/install/proyecto_interfaces/include/proyecto_interfaces/proyecto_interfaces/msg/detail/banner__rosidl_typesupport_introspection_cpp.hpp
[47.881s] -- Installing: /home/robotica/Proyecto_Final/install/proyecto_interfaces/include/proyecto_interfaces/proyecto_interfaces/msg/detail/banner__type_support.cpp
[47.882s] -- Installing: /home/robotica/Proyecto_Final/install/proyecto_interfaces/lib/libproyecto_interfaces__rosidl_typesupport_introspection_cpp.so
[47.886s] -- Set runtime path of "/home/robotica/Proyecto_Final/install/proyecto_interfaces/lib/libproyecto_interfaces__rosidl_typesupport_introspection_cpp.so" to ""
[47.886s] -- Installing: /home/robotica/Proyecto_Final/install/proyecto_interfaces/lib/libproyecto_interfaces__rosidl_typesupport_cpp.so
[47.889s] -- Set runtime path of "/home/robotica/Proyecto_Final/install/proyecto_interfaces/lib/libproyecto_interfaces__rosidl_typesupport_cpp.so" to ""
[47.890s] -- Installing: /home/robotica/Proyecto_Final/install/proyecto_interfaces/share/proyecto_interfaces/environment/pythonpath.sh
[47.891s] -- Installing: /home/robotica/Proyecto_Final/install/proyecto_interfaces/share/proyecto_interfaces/environment/pythonpath.dsv
[47.893s] -- Installing: /home/robotica/Proyecto_Final/install/proyecto_interfaces/local/lib/python3.10/dist-packages/proyecto_interfaces-0.0.0-py3.10.egg-info
[47.894s] -- Installing: /home/robotica/Proyecto_Final/install/proyecto_interfaces/local/lib/python3.10/dist-packages/proyecto_interfaces-0.0.0-py3.10.egg-info/SOURCES.txt
[47.895s] -- Installing: /home/robotica/Proyecto_Final/install/proyecto_interfaces/local/lib/python3.10/dist-packages/proyecto_interfaces-0.0.0-py3.10.egg-info/PKG-INFO
[47.897s] -- Installing: /home/robotica/Proyecto_Final/install/proyecto_interfaces/local/lib/python3.10/dist-packages/proyecto_interfaces-0.0.0-py3.10.egg-info/dependency_links.txt
[47.898s] -- Installing: /home/robotica/Proyecto_Final/install/proyecto_interfaces/local/lib/python3.10/dist-packages/proyecto_interfaces-0.0.0-py3.10.egg-info/top_level.txt
[47.900s] -- Installing: /home/robotica/Proyecto_Final/install/proyecto_interfaces/local/lib/python3.10/dist-packages/proyecto_interfaces
[47.901s] -- Installing: /home/robotica/Proyecto_Final/install/proyecto_interfaces/local/lib/python3.10/dist-packages/proyecto_interfaces/proyecto_interfaces_s__rosidl_typesupport_fastrtps_c.cpython-310-aarch64-linux-gnu.so
[47.903s] -- Installing: /home/robotica/Proyecto_Final/install/proyecto_interfaces/local/lib/python3.10/dist-packages/proyecto_interfaces/proyecto_interfaces_s__rosidl_typesupport_c.cpython-310-aarch64-linux-gnu.so
[47.905s] -- Installing: /home/robotica/Proyecto_Final/install/proyecto_interfaces/local/lib/python3.10/dist-packages/proyecto_interfaces/__init__.py
[47.906s] -- Installing: /home/robotica/Proyecto_Final/install/proyecto_interfaces/local/lib/python3.10/dist-packages/proyecto_interfaces/_proyecto_interfaces_s.ep.rosidl_typesupport_fastrtps_c.c
[47.908s] -- Installing: /home/robotica/Proyecto_Final/install/proyecto_interfaces/local/lib/python3.10/dist-packages/proyecto_interfaces/libproyecto_interfaces__rosidl_generator_py.so
[47.909s] -- Installing: /home/robotica/Proyecto_Final/install/proyecto_interfaces/local/lib/python3.10/dist-packages/proyecto_interfaces/srv
[47.910s] -- Installing: /home/robotica/Proyecto_Final/install/proyecto_interfaces/local/lib/python3.10/dist-packages/proyecto_interfaces/srv/_start_navigation_test.py
[47.912s] -- Installing: /home/robotica/Proyecto_Final/install/proyecto_interfaces/local/lib/python3.10/dist-packages/proyecto_interfaces/srv/_start_perception_test_s.c
[47.913s] -- Installing: /home/robotica/Proyecto_Final/install/proyecto_interfaces/local/lib/python3.10/dist-packages/proyecto_interfaces/srv/__init__.py
[47.914s] -- Installing: /home/robotica/Proyecto_Final/install/proyecto_interfaces/local/lib/python3.10/dist-packages/proyecto_interfaces/srv/_start_manipulation_test_s.c
[47.916s] -- Installing: /home/robotica/Proyecto_Final/install/proyecto_interfaces/local/lib/python3.10/dist-packages/proyecto_interfaces/srv/_start_perception_test.py
[47.917s] -- Installing: /home/robotica/Proyecto_Final/install/proyecto_interfaces/local/lib/python3.10/dist-packages/proyecto_interfaces/srv/_start_manipulation_test.py
[47.919s] -- Installing: /home/robotica/Proyecto_Final/install/proyecto_interfaces/local/lib/python3.10/dist-packages/proyecto_interfaces/srv/_start_navigation_test_s.c
[47.920s] -- Installing: /home/robotica/Proyecto_Final/install/proyecto_interfaces/local/lib/python3.10/dist-packages/proyecto_interfaces/_proyecto_interfaces_s.ep.rosidl_typesupport_introspection_c.c
[47.922s] -- Installing: /home/robotica/Proyecto_Final/install/proyecto_interfaces/local/lib/python3.10/dist-packages/proyecto_interfaces/msg
[47.923s] -- Installing: /home/robotica/Proyecto_Final/install/proyecto_interfaces/local/lib/python3.10/dist-packages/proyecto_interfaces/msg/_banner_s.c
[47.925s] -- Installing: /home/robotica/Proyecto_Final/install/proyecto_interfaces/local/lib/python3.10/dist-packages/proyecto_interfaces/msg/_banner.py
[47.926s] -- Installing: /home/robotica/Proyecto_Final/install/proyecto_interfaces/local/lib/python3.10/dist-packages/proyecto_interfaces/msg/__init__.py
[47.928s] -- Installing: /home/robotica/Proyecto_Final/install/proyecto_interfaces/local/lib/python3.10/dist-packages/proyecto_interfaces/proyecto_interfaces_s__rosidl_typesupport_introspection_c.cpython-310-aarch64-linux-gnu.so
[47.930s] -- Installing: /home/robotica/Proyecto_Final/install/proyecto_interfaces/local/lib/python3.10/dist-packages/proyecto_interfaces/_proyecto_interfaces_s.ep.rosidl_typesupport_c.c
[48.156s] Listing '/home/robotica/Proyecto_Final/install/proyecto_interfaces/local/lib/python3.10/dist-packages/proyecto_interfaces'...
[48.158s] Compiling '/home/robotica/Proyecto_Final/install/proyecto_interfaces/local/lib/python3.10/dist-packages/proyecto_interfaces/__init__.py'...
[48.160s] Listing '/home/robotica/Proyecto_Final/install/proyecto_interfaces/local/lib/python3.10/dist-packages/proyecto_interfaces/msg'...
[48.161s] Compiling '/home/robotica/Proyecto_Final/install/proyecto_interfaces/local/lib/python3.10/dist-packages/proyecto_interfaces/msg/__init__.py'...
[48.163s] Compiling '/home/robotica/Proyecto_Final/install/proyecto_interfaces/local/lib/python3.10/dist-packages/proyecto_interfaces/msg/_banner.py'...
[48.164s] Listing '/home/robotica/Proyecto_Final/install/proyecto_interfaces/local/lib/python3.10/dist-packages/proyecto_interfaces/srv'...
[48.175s] Compiling '/home/robotica/Proyecto_Final/install/proyecto_interfaces/local/lib/python3.10/dist-packages/proyecto_interfaces/srv/__init__.py'...
[48.176s] Compiling '/home/robotica/Proyecto_Final/install/proyecto_interfaces/local/lib/python3.10/dist-packages/proyecto_interfaces/srv/_start_manipulation_test.py'...
[48.178s] Compiling '/home/robotica/Proyecto_Final/install/proyecto_interfaces/local/lib/python3.10/dist-packages/proyecto_interfaces/srv/_start_navigation_test.py'...
[48.182s] Compiling '/home/robotica/Proyecto_Final/install/proyecto_interfaces/local/lib/python3.10/dist-packages/proyecto_interfaces/srv/_start_perception_test.py'...
[48.201s] -- Installing: /home/robotica/Proyecto_Final/install/proyecto_interfaces/local/lib/python3.10/dist-packages/proyecto_interfaces/proyecto_interfaces_s__rosidl_typesupport_fastrtps_c.cpython-310-aarch64-linux-gnu.so
[48.209s] -- Set runtime path of "/home/robotica/Proyecto_Final/install/proyecto_interfaces/local/lib/python3.10/dist-packages/proyecto_interfaces/proyecto_interfaces_s__rosidl_typesupport_fastrtps_c.cpython-310-aarch64-linux-gnu.so" to ""
[48.212s] -- Installing: /home/robotica/Proyecto_Final/install/proyecto_interfaces/local/lib/python3.10/dist-packages/proyecto_interfaces/proyecto_interfaces_s__rosidl_typesupport_introspection_c.cpython-310-aarch64-linux-gnu.so
[48.217s] -- Set runtime path of "/home/robotica/Proyecto_Final/install/proyecto_interfaces/local/lib/python3.10/dist-packages/proyecto_interfaces/proyecto_interfaces_s__rosidl_typesupport_introspection_c.cpython-310-aarch64-linux-gnu.so" to ""
[48.219s] -- Installing: /home/robotica/Proyecto_Final/install/proyecto_interfaces/local/lib/python3.10/dist-packages/proyecto_interfaces/proyecto_interfaces_s__rosidl_typesupport_c.cpython-310-aarch64-linux-gnu.so
[48.223s] -- Set runtime path of "/home/robotica/Proyecto_Final/install/proyecto_interfaces/local/lib/python3.10/dist-packages/proyecto_interfaces/proyecto_interfaces_s__rosidl_typesupport_c.cpython-310-aarch64-linux-gnu.so" to ""
[48.224s] -- Installing: /home/robotica/Proyecto_Final/install/proyecto_interfaces/lib/libproyecto_interfaces__rosidl_generator_py.so
[48.228s] -- Set runtime path of "/home/robotica/Proyecto_Final/install/proyecto_interfaces/lib/libproyecto_interfaces__rosidl_generator_py.so" to ""
[48.231s] -- Installing: /home/robotica/Proyecto_Final/install/proyecto_interfaces/share/proyecto_interfaces/msg/Banner.idl
[48.233s] -- Installing: /home/robotica/Proyecto_Final/install/proyecto_interfaces/share/proyecto_interfaces/srv/StartNavigationTest.idl
[48.235s] -- Installing: /home/robotica/Proyecto_Final/install/proyecto_interfaces/share/proyecto_interfaces/srv/StartPerceptionTest.idl
[48.237s] -- Installing: /home/robotica/Proyecto_Final/install/proyecto_interfaces/share/proyecto_interfaces/srv/StartManipulationTest.idl
[48.239s] -- Installing: /home/robotica/Proyecto_Final/install/proyecto_interfaces/share/proyecto_interfaces/msg/Banner.msg
[48.241s] -- Installing: /home/robotica/Proyecto_Final/install/proyecto_interfaces/share/proyecto_interfaces/srv/StartNavigationTest.srv
[48.244s] -- Installing: /home/robotica/Proyecto_Final/install/proyecto_interfaces/share/proyecto_interfaces/srv/StartNavigationTest_Request.msg
[48.246s] -- Installing: /home/robotica/Proyecto_Final/install/proyecto_interfaces/share/proyecto_interfaces/srv/StartNavigationTest_Response.msg
[48.249s] -- Installing: /home/robotica/Proyecto_Final/install/proyecto_interfaces/share/proyecto_interfaces/srv/StartPerceptionTest.srv
[48.251s] -- Installing: /home/robotica/Proyecto_Final/install/proyecto_interfaces/share/proyecto_interfaces/srv/StartPerceptionTest_Request.msg
[48.252s] -- Installing: /home/robotica/Proyecto_Final/install/proyecto_interfaces/share/proyecto_interfaces/srv/StartPerceptionTest_Response.msg
[48.254s] -- Installing: /home/robotica/Proyecto_Final/install/proyecto_interfaces/share/proyecto_interfaces/srv/StartManipulationTest.srv
[48.255s] -- Installing: /home/robotica/Proyecto_Final/install/proyecto_interfaces/share/proyecto_interfaces/srv/StartManipulationTest_Request.msg
[48.256s] -- Installing: /home/robotica/Proyecto_Final/install/proyecto_interfaces/share/proyecto_interfaces/srv/StartManipulationTest_Response.msg
[48.258s] -- Installing: /home/robotica/Proyecto_Final/install/proyecto_interfaces/share/ament_index/resource_index/package_run_dependencies/proyecto_interfaces
[48.260s] -- Installing: /home/robotica/Proyecto_Final/install/proyecto_interfaces/share/ament_index/resource_index/parent_prefix_path/proyecto_interfaces
[48.262s] -- Installing: /home/robotica/Proyecto_Final/install/proyecto_interfaces/share/proyecto_interfaces/environment/ament_prefix_path.sh
[48.263s] -- Installing: /home/robotica/Proyecto_Final/install/proyecto_interfaces/share/proyecto_interfaces/environment/ament_prefix_path.dsv
[48.265s] -- Installing: /home/robotica/Proyecto_Final/install/proyecto_interfaces/share/proyecto_interfaces/environment/path.sh
[48.266s] -- Installing: /home/robotica/Proyecto_Final/install/proyecto_interfaces/share/proyecto_interfaces/environment/path.dsv
[48.268s] -- Installing: /home/robotica/Proyecto_Final/install/proyecto_interfaces/share/proyecto_interfaces/local_setup.bash
[48.269s] -- Installing: /home/robotica/Proyecto_Final/install/proyecto_interfaces/share/proyecto_interfaces/local_setup.sh
[48.271s] -- Installing: /home/robotica/Proyecto_Final/install/proyecto_interfaces/share/proyecto_interfaces/local_setup.zsh
[48.272s] -- Installing: /home/robotica/Proyecto_Final/install/proyecto_interfaces/share/proyecto_interfaces/local_setup.dsv
[48.274s] -- Installing: /home/robotica/Proyecto_Final/install/proyecto_interfaces/share/proyecto_interfaces/package.dsv
[48.275s] -- Installing: /home/robotica/Proyecto_Final/install/proyecto_interfaces/share/ament_index/resource_index/packages/proyecto_interfaces
[48.277s] -- Installing: /home/robotica/Proyecto_Final/install/proyecto_interfaces/share/proyecto_interfaces/cmake/export_proyecto_interfaces__rosidl_generator_cExport.cmake
[48.279s] -- Installing: /home/robotica/Proyecto_Final/install/proyecto_interfaces/share/proyecto_interfaces/cmake/export_proyecto_interfaces__rosidl_generator_cExport-noconfig.cmake
[48.281s] -- Installing: /home/robotica/Proyecto_Final/install/proyecto_interfaces/share/proyecto_interfaces/cmake/export_proyecto_interfaces__rosidl_typesupport_fastrtps_cExport.cmake
[48.283s] -- Installing: /home/robotica/Proyecto_Final/install/proyecto_interfaces/share/proyecto_interfaces/cmake/export_proyecto_interfaces__rosidl_typesupport_fastrtps_cExport-noconfig.cmake
[48.285s] -- Installing: /home/robotica/Proyecto_Final/install/proyecto_interfaces/share/proyecto_interfaces/cmake/proyecto_interfaces__rosidl_typesupport_introspection_cExport.cmake
[48.286s] -- Installing: /home/robotica/Proyecto_Final/install/proyecto_interfaces/share/proyecto_interfaces/cmake/proyecto_interfaces__rosidl_typesupport_introspection_cExport-noconfig.cmake
[48.288s] -- Installing: /home/robotica/Proyecto_Final/install/proyecto_interfaces/share/proyecto_interfaces/cmake/proyecto_interfaces__rosidl_typesupport_cExport.cmake
[48.290s] -- Installing: /home/robotica/Proyecto_Final/install/proyecto_interfaces/share/proyecto_interfaces/cmake/proyecto_interfaces__rosidl_typesupport_cExport-noconfig.cmake
[48.292s] -- Installing: /home/robotica/Proyecto_Final/install/proyecto_interfaces/share/proyecto_interfaces/cmake/export_proyecto_interfaces__rosidl_generator_cppExport.cmake
[48.294s] -- Installing: /home/robotica/Proyecto_Final/install/proyecto_interfaces/share/proyecto_interfaces/cmake/export_proyecto_interfaces__rosidl_typesupport_fastrtps_cppExport.cmake
[48.296s] -- Installing: /home/robotica/Proyecto_Final/install/proyecto_interfaces/share/proyecto_interfaces/cmake/export_proyecto_interfaces__rosidl_typesupport_fastrtps_cppExport-noconfig.cmake
[48.298s] -- Installing: /home/robotica/Proyecto_Final/install/proyecto_interfaces/share/proyecto_interfaces/cmake/proyecto_interfaces__rosidl_typesupport_introspection_cppExport.cmake
[48.299s] -- Installing: /home/robotica/Proyecto_Final/install/proyecto_interfaces/share/proyecto_interfaces/cmake/proyecto_interfaces__rosidl_typesupport_introspection_cppExport-noconfig.cmake
[48.301s] -- Installing: /home/robotica/Proyecto_Final/install/proyecto_interfaces/share/proyecto_interfaces/cmake/proyecto_interfaces__rosidl_typesupport_cppExport.cmake
[48.303s] -- Installing: /home/robotica/Proyecto_Final/install/proyecto_interfaces/share/proyecto_interfaces/cmake/proyecto_interfaces__rosidl_typesupport_cppExport-noconfig.cmake
[48.305s] -- Installing: /home/robotica/Proyecto_Final/install/proyecto_interfaces/share/proyecto_interfaces/cmake/export_proyecto_interfaces__rosidl_generator_pyExport.cmake
[48.306s] -- Installing: /home/robotica/Proyecto_Final/install/proyecto_interfaces/share/proyecto_interfaces/cmake/export_proyecto_interfaces__rosidl_generator_pyExport-noconfig.cmake
[48.308s] -- Installing: /home/robotica/Proyecto_Final/install/proyecto_interfaces/share/proyecto_interfaces/cmake/rosidl_cmake-extras.cmake
[48.310s] -- Installing: /home/robotica/Proyecto_Final/install/proyecto_interfaces/share/proyecto_interfaces/cmake/ament_cmake_export_include_directories-extras.cmake
[48.311s] -- Installing: /home/robotica/Proyecto_Final/install/proyecto_interfaces/share/proyecto_interfaces/cmake/ament_cmake_export_libraries-extras.cmake
[48.313s] -- Installing: /home/robotica/Proyecto_Final/install/proyecto_interfaces/share/proyecto_interfaces/cmake/ament_cmake_export_targets-extras.cmake
[48.315s] -- Installing: /home/robotica/Proyecto_Final/install/proyecto_interfaces/share/proyecto_interfaces/cmake/rosidl_cmake_export_typesupport_targets-extras.cmake
[48.316s] -- Installing: /home/robotica/Proyecto_Final/install/proyecto_interfaces/share/proyecto_interfaces/cmake/ament_cmake_export_dependencies-extras.cmake
[48.318s] -- Installing: /home/robotica/Proyecto_Final/install/proyecto_interfaces/share/proyecto_interfaces/cmake/rosidl_cmake_export_typesupport_libraries-extras.cmake
[48.319s] -- Installing: /home/robotica/Proyecto_Final/install/proyecto_interfaces/share/proyecto_interfaces/cmake/proyecto_interfacesConfig.cmake
[48.321s] -- Installing: /home/robotica/Proyecto_Final/install/proyecto_interfaces/share/proyecto_interfaces/cmake/proyecto_interfacesConfig-version.cmake
[48.322s] -- Installing: /home/robotica/Proyecto_Final/install/proyecto_interfaces/share/proyecto_interfaces/package.xml
[48.342s] Invoked command in '/home/robotica/Proyecto_Final/build/proyecto_interfaces' returned '0': CMAKE_PREFIX_PATH=/home/robotica/Taller_3/ros2_taller3/install/mi_robot_manipulador_3:/opt/ros/humble /usr/bin/cmake --install /home/robotica/Proyecto_Final/build/proyecto_interfaces
